Log(2024-07-28 10-47-50):
Runtime: 1.3120591640472412
--------------------------------------------------------------------------------
I1 cache:         16384 B, 64 B, 4-way associative
D1 cache:         16384 B, 64 B, 4-way associative
LL cache:         262144 B, 64 B, 8-way associative
Command:          ./CSC_main
Data file:        cachegrind.out
Events recorded:  Ir I1mr ILmr Dr D1mr DLmr Dw D1mw DLmw
Events shown:     Ir I1mr ILmr Dr D1mr DLmr Dw D1mw DLmw
Event sort order: Ir I1mr ILmr Dr D1mr DLmr Dw D1mw DLmw
Thresholds:       0.1 100 100 100 100 100 100 100 100
Include dirs:     
User annotated:   
Auto-annotation:  off

--------------------------------------------------------------------------------
       Ir  I1mr  ILmr        Dr  D1mr  DLmr        Dw  D1mw DLmw 
--------------------------------------------------------------------------------
7,175,811 1,996 1,052 2,031,296 7,566 1,720 2,958,169 7,070  671  PROGRAM TOTALS

--------------------------------------------------------------------------------
       Ir I1mr ILmr      Dr  D1mr DLmr        Dw  D1mw DLmw  file:function
--------------------------------------------------------------------------------
2,980,637   26   26 752,311 2,575    1 2,124,955 5,556   94  ???:CSC_YCC_to_RGB
1,803,738  254   46 479,448 1,928    8   276,705   113    0  ???:vfprintf
  467,785    5    4 171,484    20    1   140,251   234    1  ???:_IO_file_xsputn@@GLIBC_2.4
  345,616   12    4 207,360     0    0   184,304   344  158  ???:fputc
  284,160    5    5  49,152     1    1    15,360    33    0  ???:strchrnul
  235,385    2    2  20,398     1    1    20,398   292    0  ???:__memcpy_neon
  190,374    3    2  55,287    73    2    49,143     0    0  ???:_itoa_word
  153,642   34   18  51,317    60   19        24     0    0  ???:???
  129,018    3    3  73,726   143  127    46,078     0    0  ???:getc
  124,421   14   12  14,096   143    0     9,228   147  146  ???:main
   79,702   11    9  23,437   123    1     8,048    72   72  ???:CSC_RGB_to_YCC
   77,970    2    1  31,188     0    0    31,188     0    0  ???:mempcpy
   73,728    3    2  36,864    37    1    24,576     0    0  ???:printf
   57,694   10   10  14,110   784  607        18     1    0  ???:_dl_addr
   29,760   31   13  10,120   267  137     5,100     8    3  ???:do_lookup_x
   23,040  130    3   9,216     0    0     6,144     0    0  ???:read_int
   19,959   56   56   5,495   493  426     2,652     7    0  ???:_dl_relocate_object
   16,783   23   10   4,875   122   93     2,593    11    0  ???:_dl_lookup_symbol_x
   10,872   25   11       0     0    0         0     0    0  ???:__udivsi3
   10,080  213    5   4,480    41    2     2,240     0    0  ???:_IO_padn
    8,452   22   13   1,845    13    3       596     3    2  ???:strcmp
    8,338    7    7   1,604    17   17        36     1    1  ???:__GI___tunables_init


Cachegrind Result: 

[row,col] = [64,48]

RR 46, 46
GG 4294967253, 213
BB 59, 59

[row,col] = [64,46]

RR 46, 46
GG 4294967253, 213
BB 59, 59

[row,col] = [64,44]

RR 46, 46
GG 4294967253, 213
BB 59, 59

[row,col] = [64,42]

RR 46, 46
GG 4294967253, 213
BB 59, 59

[row,col] = [64,40]

RR 46, 46
GG 4294967253, 213
BB 59, 59

[row,col] = [64,38]

RR 46, 46
GG 4294967253, 213
BB 59, 59

[row,col] = [64,36]

RR 46, 46
GG 4294967253, 213
BB 59, 59

[row,col] = [64,34]

RR 46, 46
GG 4294967253, 213
BB 59, 59

[row,col] = [64,32]

RR 46, 46
GG 4294967253, 213
BB 59, 59

[row,col] = [64,30]

RR 46, 46
GG 4294967253, 213
BB 59, 59

[row,col] = [64,28]

RR 46, 46
GG 4294967253, 213
BB 59, 59

[row,col] = [64,26]

RR 46, 46
GG 4294967253, 213
BB 59, 59

[row,col] = [64,24]

RR 46, 46
GG 4294967253, 213
BB 59, 59

[row,col] = [64,22]

RR 46, 46
GG 4294967253, 213
BB 59, 59

[row,col] = [64,20]

RR 46, 46
GG 4294967253, 213
BB 59, 59

[row,col] = [64,18]

RR 46, 46
GG 4294967253, 213
BB 59, 59

[row,col] = [64,16]

RR 46, 46
GG 4294967253, 213
BB 59, 59

[row,col] = [64,14]

RR 46, 46
GG 4294967253, 213
BB 59, 59

[row,col] = [64,12]

RR 46, 46
GG 4294967253, 213
BB 59, 59

[row,col] = [64,10]

RR 46, 46
GG 4294967253, 213
BB 59, 59

[row,col] = [64,08]

RR 46, 46
GG 4294967253, 213
BB 59, 59

[row,col] = [64,06]

RR 46, 46
GG 4294967253, 213
BB 59, 59

[row,col] = [64,04]

RR 46, 46
GG 4294967253, 213
BB 59, 59

[row,col] = [64,02]

RR 46, 46
GG 4294967253, 213
BB 59, 59

[row,col] = [62,48]

RR 12, 12
GG 102, 102
BB 4294967295, 255

[row,col] = [62,46]

RR 63, 63
GG 63, 63
BB 63, 63

[row,col] = [62,44]

RR 12, 12
GG 102, 102
BB 4294967295, 255

[row,col] = [62,42]

RR 12, 12
GG 102, 102
BB 4294967295, 255

[row,col] = [62,40]

RR 12, 12
GG 102, 102
BB 4294967295, 255

[row,col] = [62,38]

RR 12, 12
GG 102, 102
BB 4294967295, 255

[row,col] = [62,36]

RR 12, 12
GG 102, 102
BB 4294967295, 255

[row,col] = [62,34]

RR 12, 12
GG 102, 102
BB 4294967295, 255

[row,col] = [62,32]

RR 12, 12
GG 102, 102
BB 4294967295, 255

[row,col] = [62,30]

RR 12, 12
GG 102, 102
BB 4294967295, 255

[row,col] = [62,28]

RR 12, 12
GG 102, 102
BB 4294967295, 255

[row,col] = [62,26]

RR 12, 12
GG 102, 102
BB 4294967295, 255

[row,col] = [62,24]

RR 12, 12
GG 102, 102
BB 4294967295, 255

[row,col] = [62,22]

RR 12, 12
GG 102, 102
BB 4294967295, 255

[row,col] = [62,20]

RR 12, 12
GG 102, 102
BB 4294967295, 255

[row,col] = [62,18]

RR 12, 12
GG 102, 102
BB 4294967295, 255

[row,col] = [62,16]

RR 12, 12
GG 102, 102
BB 4294967295, 255

[row,col] = [62,14]

RR 12, 12
GG 102, 102
BB 4294967295, 255

[row,col] = [62,12]

RR 12, 12
GG 102, 102
BB 4294967295, 255

[row,col] = [62,10]

RR 12, 12
GG 102, 102
BB 4294967295, 255

[row,col] = [62,08]

RR 12, 12
GG 102, 102
BB 4294967295, 255

[row,col] = [62,06]

RR 12, 12
GG 102, 102
BB 4294967295, 255

[row,col] = [62,04]

RR 12, 12
GG 102, 102
BB 4294967295, 255

[row,col] = [62,02]

RR 12, 12
GG 102, 102
BB 4294967295, 255

[row,col] = [60,48]

RR 63, 63
GG 63, 63
BB 63, 63

[row,col] = [60,46]

RR 63, 63
GG 63, 63
BB 63, 63

[row,col] = [60,44]

RR 63, 63
GG 63, 63
BB 63, 63

[row,col] = [60,42]

RR 63, 63
GG 63, 63
BB 63, 63

[row,col] = [60,40]

RR 63, 63
GG 63, 63
BB 63, 63

[row,col] = [60,38]

RR 63, 63
GG 63, 63
BB 63, 63

[row,col] = [60,36]

RR 63, 63
GG 63, 63
BB 63, 63

[row,col] = [60,34]

RR 63, 63
GG 63, 63
BB 63, 63

[row,col] = [60,32]

RR 63, 63
GG 63, 63
BB 63, 63

[row,col] = [60,30]

RR 63, 63
GG 63, 63
BB 63, 63

[row,col] = [60,28]

RR 63, 63
GG 63, 63
BB 63, 63

[row,col] = [60,26]

RR 63, 63
GG 63, 63
BB 63, 63

[row,col] = [60,24]

RR 63, 63
GG 63, 63
BB 63, 63

[row,col] = [60,22]

RR 62, 62
GG 51, 51
BB 43, 43

[row,col] = [60,20]

RR 63, 63
GG 63, 63
BB 63, 63

[row,col] = [60,18]

RR 63, 63
GG 63, 63
BB 63, 63

[row,col] = [60,16]

RR 63, 63
GG 63, 63
BB 63, 63

[row,col] = [60,14]

RR 63, 63
GG 63, 63
BB 63, 63

[row,col] = [60,12]

RR 63, 63
GG 63, 63
BB 63, 63

[row,col] = [60,10]

RR 63, 63
GG 63, 63
BB 63, 63

[row,col] = [60,08]

RR 63, 63
GG 63, 63
BB 63, 63

[row,col] = [60,06]

RR 63, 63
GG 63, 63
BB 63, 63

[row,col] = [60,04]

RR 63, 63
GG 63, 63
BB 63, 63

[row,col] = [60,02]

RR 63, 63
GG 63, 63
BB 63, 63

[row,col] = [58,48]

RR 63, 63
GG 63, 63
BB 63, 63

[row,col] = [58,46]

RR 63, 63
GG 63, 63
BB 63, 63

[row,col] = [58,44]

RR 63, 63
GG 63, 63
BB 63, 63

[row,col] = [58,42]

RR 63, 63
GG 63, 63
BB 64, 64

[row,col] = [58,40]

RR 63, 63
GG 63, 63
BB 63, 63

[row,col] = [58,38]

RR 63, 63
GG 63, 63
BB 63, 63

[row,col] = [58,36]

RR 63, 63
GG 63, 63
BB 63, 63

[row,col] = [58,34]

RR 63, 63
GG 63, 63
BB 63, 63

[row,col] = [58,32]

RR 63, 63
GG 63, 63
BB 63, 63

[row,col] = [58,30]

RR 63, 63
GG 63, 63
BB 63, 63

[row,col] = [58,28]

RR 63, 63
GG 63, 63
BB 63, 63

[row,col] = [58,26]

RR 63, 63
GG 63, 63
BB 63, 63

[row,col] = [58,24]

RR 63, 63
GG 63, 63
BB 63, 63

[row,col] = [58,22]

RR 63, 63
GG 63, 63
BB 63, 63

[row,col] = [58,20]

RR 63, 63
GG 63, 63
BB 63, 63

[row,col] = [58,18]

RR 63, 63
GG 63, 63
BB 63, 63

[row,col] = [58,16]

RR 62, 62
GG 56, 56
BB 52, 52

[row,col] = [58,14]

RR 60, 60
GG 44, 44
BB 27, 27

[row,col] = [58,12]

RR 60, 60
GG 40, 40
BB 6, 6

[row,col] = [58,10]

RR 60, 60
GG 40, 40
BB 6, 6

[row,col] = [58,08]

RR 60, 60
GG 40, 40
BB 5, 5

[row,col] = [58,06]

RR 60, 60
GG 44, 44
BB 25, 25

[row,col] = [58,04]

RR 62, 62
GG 55, 55
BB 50, 50

[row,col] = [58,02]

RR 63, 63
GG 61, 61
BB 61, 61

[row,col] = [56,48]

RR 42, 42
GG 42, 42
BB 42, 42

[row,col] = [56,46]

RR 60, 60
GG 40, 40
BB 6, 6

[row,col] = [56,44]

RR 60, 60
GG 40, 40
BB 6, 6

[row,col] = [56,42]

RR 60, 60
GG 40, 40
BB 6, 6

[row,col] = [56,40]

RR 60, 60
GG 40, 40
BB 6, 6

[row,col] = [56,38]

RR 60, 60
GG 40, 40
BB 6, 6

[row,col] = [56,36]

RR 60, 60
GG 40, 40
BB 6, 6

[row,col] = [56,34]

RR 60, 60
GG 40, 40
BB 9, 9

[row,col] = [56,32]

RR 62, 62
GG 54, 54
BB 48, 48

[row,col] = [56,30]

RR 63, 63
GG 63, 63
BB 63, 63

[row,col] = [56,28]

RR 63, 63
GG 63, 63
BB 63, 63

[row,col] = [56,26]

RR 63, 63
GG 61, 61
BB 61, 61

[row,col] = [56,24]

RR 60, 60
GG 40, 40
BB 6, 6

[row,col] = [56,22]

RR 60, 60
GG 40, 40
BB 6, 6

[row,col] = [56,20]

RR 60, 60
GG 40, 40
BB 12, 12

[row,col] = [56,18]

RR 63, 63
GG 63, 63
BB 63, 63

[row,col] = [56,16]

RR 63, 63
GG 63, 63
BB 63, 63

[row,col] = [56,14]

RR 56, 56
GG 56, 56
BB 62, 62

[row,col] = [56,12]

RR 6, 6
GG 7, 7
BB 60, 60

[row,col] = [56,10]

RR 6, 6
GG 7, 7
BB 60, 60

[row,col] = [56,08]

RR 62, 62
GG 62, 62
BB 63, 63

[row,col] = [56,06]

RR 63, 63
GG 63, 63
BB 63, 63

[row,col] = [56,04]

RR 63, 63
GG 63, 63
BB 63, 63

[row,col] = [56,02]

RR 63, 63
GG 63, 63
BB 63, 63

[row,col] = [54,48]

RR 81, 81
GG 61, 61
BB 27, 27

[row,col] = [54,46]

RR 15, 15
GG 15, 15
BB 60, 60

[row,col] = [54,44]

RR 6, 6
GG 7, 7
BB 60, 60

[row,col] = [54,42]

RR 6, 6
GG 7, 7
BB 60, 60

[row,col] = [54,40]

RR 58, 58
GG 57, 57
BB 63, 63

[row,col] = [54,38]

RR 63, 63
GG 63, 63
BB 63, 63

[row,col] = [54,36]

RR 63, 63
GG 63, 63
BB 63, 63

[row,col] = [54,34]

RR 63, 63
GG 63, 63
BB 63, 63

[row,col] = [54,32]

RR 63, 63
GG 63, 63
BB 63, 63

[row,col] = [54,30]

RR 63, 63
GG 63, 63
BB 63, 63

[row,col] = [54,28]

RR 63, 63
GG 63, 63
BB 63, 63

[row,col] = [54,26]

RR 63, 63
GG 63, 63
BB 63, 63

[row,col] = [54,24]

RR 61, 61
GG 47, 47
BB 35, 35

[row,col] = [54,22]

RR 61, 61
GG 46, 46
BB 31, 31

[row,col] = [54,20]

RR 60, 60
GG 41, 41
BB 13, 13

[row,col] = [54,18]

RR 60, 60
GG 40, 40
BB 6, 6

[row,col] = [54,16]

RR 60, 60
GG 40, 40
BB 6, 6

[row,col] = [54,14]

RR 60, 60
GG 40, 40
BB 6, 6

[row,col] = [54,12]

RR 60, 60
GG 40, 40
BB 6, 6

[row,col] = [54,10]

RR 60, 60
GG 40, 40
BB 6, 6

[row,col] = [54,08]

RR 60, 60
GG 40, 40
BB 6, 6

[row,col] = [54,06]

RR 60, 60
GG 40, 40
BB 6, 6

[row,col] = [54,04]

RR 60, 60
GG 40, 40
BB 6, 6

[row,col] = [54,02]

RR 60, 60
GG 40, 40
BB 6, 6

[row,col] = [52,48]

RR 42, 42
GG 42, 42
BB 42, 42

[row,col] = [52,46]

RR 60, 60
GG 40, 40
BB 6, 6

[row,col] = [52,44]

RR 60, 60
GG 40, 40
BB 5, 5

[row,col] = [52,42]

RR 60, 60
GG 40, 40
BB 3, 3

[row,col] = [52,40]

RR 60, 60
GG 40, 40
BB 6, 6

[row,col] = [52,38]

RR 60, 60
GG 40, 40
BB 6, 6

[row,col] = [52,36]

RR 60, 60
GG 40, 40
BB 6, 6

[row,col] = [52,34]

RR 60, 60
GG 40, 40
BB 6, 6

[row,col] = [52,32]

RR 60, 60
GG 40, 40
BB 6, 6

[row,col] = [52,30]

RR 60, 60
GG 40, 40
BB 6, 6

[row,col] = [52,28]

RR 60, 60
GG 40, 40
BB 6, 6

[row,col] = [52,26]

RR 60, 60
GG 40, 40
BB 6, 6

[row,col] = [52,24]

RR 60, 60
GG 40, 40
BB 6, 6

[row,col] = [52,22]

RR 60, 60
GG 41, 41
BB 11, 11

[row,col] = [52,20]

RR 63, 63
GG 63, 63
BB 63, 63

[row,col] = [52,18]

RR 63, 63
GG 63, 63
BB 63, 63

[row,col] = [52,16]

RR 33, 33
GG 33, 33
BB 61, 61

[row,col] = [52,14]

RR 6, 6
GG 7, 7
BB 60, 60

[row,col] = [52,12]

RR 6, 6
GG 7, 7
BB 60, 60

[row,col] = [52,10]

RR 17, 17
GG 17, 17
BB 60, 60

[row,col] = [52,08]

RR 63, 63
GG 63, 63
BB 63, 63

[row,col] = [52,06]

RR 63, 63
GG 63, 63
BB 63, 63

[row,col] = [52,04]

RR 63, 63
GG 63, 63
BB 63, 63

[row,col] = [52,02]

RR 63, 63
GG 63, 63
BB 63, 63

[row,col] = [50,48]

RR 29, 29
GG 10, 10
BB 4294967280, 240

[row,col] = [50,46]

RR 6, 6
GG 7, 7
BB 60, 60

[row,col] = [50,44]

RR 6, 6
GG 7, 7
BB 60, 60

[row,col] = [50,42]

RR 58, 58
GG 57, 57
BB 63, 63

[row,col] = [50,40]

RR 63, 63
GG 63, 63
BB 63, 63

[row,col] = [50,38]

RR 63, 63
GG 63, 63
BB 63, 63

[row,col] = [50,36]

RR 63, 63
GG 63, 63
BB 63, 63

[row,col] = [50,34]

RR 63, 63
GG 63, 63
BB 63, 63

[row,col] = [50,32]

RR 63, 63
GG 63, 63
BB 63, 63

[row,col] = [50,30]

RR 63, 63
GG 63, 63
BB 63, 63

[row,col] = [50,28]

RR 63, 63
GG 63, 63
BB 63, 63

[row,col] = [50,26]

RR 62, 62
GG 54, 54
BB 48, 48

[row,col] = [50,24]

RR 60, 60
GG 40, 40
BB 6, 6

[row,col] = [50,22]

RR 60, 60
GG 40, 40
BB 6, 6

[row,col] = [50,20]

RR 60, 60
GG 40, 40
BB 6, 6

[row,col] = [50,18]

RR 60, 60
GG 40, 40
BB 6, 6

[row,col] = [50,16]

RR 60, 60
GG 45, 45
BB 30, 30

[row,col] = [50,14]

RR 63, 63
GG 63, 63
BB 63, 63

[row,col] = [50,12]

RR 63, 63
GG 63, 63
BB 63, 63

[row,col] = [50,10]

RR 63, 63
GG 63, 63
BB 63, 63

[row,col] = [50,08]

RR 63, 63
GG 63, 63
BB 63, 63

[row,col] = [50,06]

RR 63, 63
GG 63, 63
BB 63, 63

[row,col] = [50,04]

RR 63, 63
GG 63, 63
BB 63, 63

[row,col] = [50,02]

RR 62, 62
GG 57, 57
BB 53, 53

[row,col] = [48,48]

RR 63, 63
GG 63, 63
BB 63, 63

[row,col] = [48,46]

RR 63, 63
GG 63, 63
BB 63, 63

[row,col] = [48,44]

RR 63, 63
GG 63, 63
BB 63, 63

[row,col] = [48,42]

RR 63, 63
GG 63, 63
BB 63, 63

[row,col] = [48,40]

RR 63, 63
GG 63, 63
BB 63, 63

[row,col] = [48,38]

RR 63, 63
GG 63, 63
BB 63, 63

[row,col] = [48,36]

RR 63, 63
GG 63, 63
BB 63, 63

[row,col] = [48,34]

RR 63, 63
GG 63, 63
BB 63, 63

[row,col] = [48,32]

RR 63, 63
GG 62, 62
BB 60, 60

[row,col] = [48,30]

RR 62, 62
GG 53, 53
BB 46, 46

[row,col] = [48,28]

RR 62, 62
GG 51, 51
BB 43, 43

[row,col] = [48,26]

RR 62, 62
GG 54, 54
BB 47, 47

[row,col] = [48,24]

RR 63, 63
GG 63, 63
BB 63, 63

[row,col] = [48,22]

RR 63, 63
GG 63, 63
BB 63, 63

[row,col] = [48,20]

RR 45, 45
GG 45, 45
BB 61, 61

[row,col] = [48,18]

RR 6, 6
GG 7, 7
BB 60, 60

[row,col] = [48,16]

RR 6, 6
GG 7, 7
BB 60, 60

[row,col] = [48,14]

RR 6, 6
GG 7, 7
BB 60, 60

[row,col] = [48,12]

RR 48, 48
GG 48, 48
BB 62, 62

[row,col] = [48,10]

RR 63, 63
GG 63, 63
BB 63, 63

[row,col] = [48,08]

RR 63, 63
GG 63, 63
BB 63, 63

[row,col] = [48,06]

RR 63, 63
GG 63, 63
BB 63, 63

[row,col] = [48,04]

RR 63, 63
GG 63, 63
BB 63, 63

[row,col] = [48,02]

RR 63, 63
GG 63, 63
BB 63, 63

[row,col] = [46,48]

RR 12, 12
GG 12, 12
BB 12, 12

[row,col] = [46,46]

RR 5, 5
GG 6, 6
BB 60, 60

[row,col] = [46,44]

RR 63, 63
GG 63, 63
BB 63, 63

[row,col] = [46,42]

RR 63, 63
GG 63, 63
BB 63, 63

[row,col] = [46,40]

RR 63, 63
GG 63, 63
BB 63, 63

[row,col] = [46,38]

RR 63, 63
GG 63, 63
BB 63, 63

[row,col] = [46,36]

RR 63, 63
GG 63, 63
BB 63, 63

[row,col] = [46,34]

RR 63, 63
GG 63, 63
BB 63, 63

[row,col] = [46,32]

RR 63, 63
GG 63, 63
BB 63, 63

[row,col] = [46,30]

RR 63, 63
GG 63, 63
BB 63, 63

[row,col] = [46,28]

RR 63, 63
GG 63, 63
BB 63, 63

[row,col] = [46,26]

RR 63, 63
GG 63, 63
BB 63, 63

[row,col] = [46,24]

RR 63, 63
GG 63, 63
BB 63, 63

[row,col] = [46,22]

RR 63, 63
GG 63, 63
BB 63, 63

[row,col] = [46,20]

RR 63, 63
GG 63, 63
BB 63, 63

[row,col] = [46,18]

RR 63, 63
GG 63, 63
BB 63, 63

[row,col] = [46,16]

RR 63, 63
GG 63, 63
BB 63, 63

[row,col] = [46,14]

RR 63, 63
GG 63, 63
BB 63, 63

[row,col] = [46,12]

RR 63, 63
GG 63, 63
BB 63, 63

[row,col] = [46,10]

RR 63, 63
GG 63, 63
BB 63, 63

[row,col] = [46,08]

RR 63, 63
GG 63, 63
BB 63, 63

[row,col] = [46,06]

RR 63, 63
GG 63, 63
BB 63, 63

[row,col] = [46,04]

RR 63, 63
GG 63, 63
BB 63, 63

[row,col] = [46,02]

RR 63, 63
GG 63, 63
BB 63, 63

[row,col] = [44,48]

RR 31, 31
GG 31, 31
BB 31, 31

[row,col] = [44,46]

RR 23, 23
GG 23, 23
BB 60, 60

[row,col] = [44,44]

RR 4, 4
GG 5, 5
BB 60, 60

[row,col] = [44,42]

RR 4, 4
GG 5, 5
BB 60, 60

[row,col] = [44,40]

RR 4, 4
GG 5, 5
BB 60, 60

[row,col] = [44,38]

RR 4, 4
GG 5, 5
BB 60, 60

[row,col] = [44,36]

RR 23, 23
GG 23, 23
BB 60, 60

[row,col] = [44,34]

RR 31, 31
GG 31, 31
BB 61, 61

[row,col] = [44,32]

RR 31, 31
GG 31, 31
BB 61, 61

[row,col] = [44,30]

RR 37, 37
GG 37, 37
BB 61, 61

[row,col] = [44,28]

RR 43, 43
GG 42, 42
BB 61, 61

[row,col] = [44,26]

RR 42, 42
GG 42, 42
BB 61, 61

[row,col] = [44,24]

RR 33, 33
GG 33, 33
BB 61, 61

[row,col] = [44,22]

RR 6, 6
GG 7, 7
BB 60, 60

[row,col] = [44,20]

RR 6, 6
GG 7, 7
BB 60, 60

[row,col] = [44,18]

RR 6, 6
GG 7, 7
BB 60, 60

[row,col] = [44,16]

RR 31, 31
GG 31, 31
BB 61, 61

[row,col] = [44,14]

RR 63, 63
GG 63, 63
BB 63, 63

[row,col] = [44,12]

RR 63, 63
GG 63, 63
BB 63, 63

[row,col] = [44,10]

RR 53, 53
GG 62, 62
BB 56, 56

[row,col] = [44,08]

RR 5, 5
GG 60, 60
BB 33, 33

[row,col] = [44,06]

RR 60, 60
GG 63, 63
BB 61, 61

[row,col] = [44,04]

RR 63, 63
GG 63, 63
BB 63, 63

[row,col] = [44,02]

RR 63, 63
GG 63, 63
BB 63, 63

[row,col] = [42,48]

RR 56, 56
GG 57, 57
BB 110, 110

[row,col] = [42,46]

RR 63, 63
GG 63, 63
BB 63, 63

[row,col] = [42,44]

RR 63, 63
GG 63, 63
BB 63, 63

[row,col] = [42,42]

RR 9, 9
GG 60, 60
BB 34, 34

[row,col] = [42,40]

RR 5, 5
GG 60, 60
BB 33, 33

[row,col] = [42,38]

RR 37, 37
GG 61, 61
BB 45, 45

[row,col] = [42,36]

RR 63, 63
GG 63, 63
BB 63, 63

[row,col] = [42,34]

RR 63, 63
GG 63, 63
BB 63, 63

[row,col] = [42,32]

RR 63, 63
GG 63, 63
BB 63, 63

[row,col] = [42,30]

RR 63, 63
GG 63, 63
BB 63, 63

[row,col] = [42,28]

RR 63, 63
GG 63, 63
BB 63, 63

[row,col] = [42,26]

RR 63, 63
GG 63, 63
BB 63, 63

[row,col] = [42,24]

RR 5, 5
GG 6, 6
BB 60, 60

[row,col] = [42,22]

RR 6, 6
GG 7, 7
BB 60, 60

[row,col] = [42,20]

RR 6, 6
GG 7, 7
BB 60, 60

[row,col] = [42,18]

RR 6, 6
GG 7, 7
BB 60, 60

[row,col] = [42,16]

RR 6, 6
GG 7, 7
BB 60, 60

[row,col] = [42,14]

RR 6, 6
GG 7, 7
BB 60, 60

[row,col] = [42,12]

RR 6, 6
GG 7, 7
BB 60, 60

[row,col] = [42,10]

RR 6, 6
GG 7, 7
BB 60, 60

[row,col] = [42,08]

RR 6, 6
GG 7, 7
BB 60, 60

[row,col] = [42,06]

RR 6, 6
GG 7, 7
BB 60, 60

[row,col] = [42,04]

RR 6, 6
GG 7, 7
BB 60, 60

[row,col] = [42,02]

RR 6, 6
GG 7, 7
BB 60, 60

[row,col] = [40,48]

RR 12, 12
GG 12, 12
BB 12, 12

[row,col] = [40,46]

RR 6, 6
GG 7, 7
BB 60, 60

[row,col] = [40,44]

RR 6, 6
GG 7, 7
BB 60, 60

[row,col] = [40,42]

RR 6, 6
GG 7, 7
BB 60, 60

[row,col] = [40,40]

RR 6, 6
GG 7, 7
BB 60, 60

[row,col] = [40,38]

RR 6, 6
GG 7, 7
BB 60, 60

[row,col] = [40,36]

RR 6, 6
GG 7, 7
BB 60, 60

[row,col] = [40,34]

RR 6, 6
GG 7, 7
BB 60, 60

[row,col] = [40,32]

RR 6, 6
GG 7, 7
BB 60, 60

[row,col] = [40,30]

RR 6, 6
GG 7, 7
BB 60, 60

[row,col] = [40,28]

RR 6, 6
GG 7, 7
BB 60, 60

[row,col] = [40,26]

RR 6, 6
GG 7, 7
BB 60, 60

[row,col] = [40,24]

RR 6, 6
GG 7, 7
BB 60, 60

[row,col] = [40,22]

RR 6, 6
GG 7, 7
BB 60, 60

[row,col] = [40,20]

RR 20, 20
GG 20, 20
BB 60, 60

[row,col] = [40,18]

RR 63, 63
GG 63, 63
BB 63, 63

[row,col] = [40,16]

RR 63, 63
GG 63, 63
BB 63, 63

[row,col] = [40,14]

RR 63, 63
GG 63, 63
BB 63, 63

[row,col] = [40,12]

RR 36, 36
GG 61, 61
BB 44, 44

[row,col] = [40,10]

RR 5, 5
GG 60, 60
BB 33, 33

[row,col] = [40,08]

RR 5, 5
GG 60, 60
BB 33, 33

[row,col] = [40,06]

RR 39, 39
GG 61, 61
BB 46, 46

[row,col] = [40,04]

RR 63, 63
GG 63, 63
BB 63, 63

[row,col] = [40,02]

RR 63, 63
GG 63, 63
BB 63, 63

[row,col] = [38,48]

RR 63, 63
GG 62, 62
BB 70, 70

[row,col] = [38,46]

RR 63, 63
GG 63, 63
BB 63, 63

[row,col] = [38,44]

RR 5, 5
GG 60, 60
BB 33, 33

[row,col] = [38,42]

RR 5, 5
GG 60, 60
BB 33, 33

[row,col] = [38,40]

RR 5, 5
GG 60, 60
BB 33, 33

[row,col] = [38,38]

RR 61, 61
GG 63, 63
BB 61, 61

[row,col] = [38,36]

RR 63, 63
GG 63, 63
BB 63, 63

[row,col] = [38,34]

RR 63, 63
GG 63, 63
BB 63, 63

[row,col] = [38,32]

RR 63, 63
GG 63, 63
BB 63, 63

[row,col] = [38,30]

RR 63, 63
GG 63, 63
BB 63, 63

[row,col] = [38,28]

RR 63, 63
GG 63, 63
BB 63, 63

[row,col] = [38,26]

RR 63, 63
GG 63, 63
BB 63, 63

[row,col] = [38,24]

RR 20, 20
GG 20, 20
BB 60, 60

[row,col] = [38,22]

RR 6, 6
GG 7, 7
BB 60, 60

[row,col] = [38,20]

RR 30, 30
GG 30, 30
BB 60, 60

[row,col] = [38,18]

RR 46, 46
GG 46, 46
BB 62, 62

[row,col] = [38,16]

RR 52, 52
GG 52, 52
BB 62, 62

[row,col] = [38,14]

RR 58, 58
GG 57, 57
BB 63, 63

[row,col] = [38,12]

RR 60, 60
GG 60, 60
BB 63, 63

[row,col] = [38,10]

RR 61, 61
GG 61, 61
BB 63, 63

[row,col] = [38,08]

RR 61, 61
GG 61, 61
BB 63, 63

[row,col] = [38,06]

RR 59, 59
GG 59, 59
BB 63, 63

[row,col] = [38,04]

RR 58, 58
GG 57, 57
BB 63, 63

[row,col] = [38,02]

RR 54, 54
GG 54, 54
BB 62, 62

[row,col] = [36,48]

RR 63, 63
GG 63, 63
BB 63, 63

[row,col] = [36,46]

RR 63, 63
GG 63, 63
BB 63, 63

[row,col] = [36,44]

RR 63, 63
GG 63, 63
BB 63, 63

[row,col] = [36,42]

RR 63, 63
GG 63, 63
BB 63, 63

[row,col] = [36,40]

RR 63, 63
GG 63, 63
BB 63, 63

[row,col] = [36,38]

RR 63, 63
GG 63, 63
BB 63, 63

[row,col] = [36,36]

RR 63, 63
GG 63, 63
BB 63, 63

[row,col] = [36,34]

RR 63, 63
GG 63, 63
BB 63, 63

[row,col] = [36,32]

RR 63, 63
GG 63, 63
BB 63, 63

[row,col] = [36,30]

RR 63, 63
GG 63, 63
BB 63, 63

[row,col] = [36,28]

RR 63, 63
GG 63, 63
BB 63, 63

[row,col] = [36,26]

RR 63, 63
GG 63, 63
BB 63, 63

[row,col] = [36,24]

RR 63, 63
GG 63, 63
BB 63, 63

[row,col] = [36,22]

RR 63, 63
GG 63, 63
BB 63, 63

[row,col] = [36,20]

RR 63, 63
GG 63, 63
BB 63, 63

[row,col] = [36,18]

RR 63, 63
GG 63, 63
BB 63, 63

[row,col] = [36,16]

RR 50, 50
GG 62, 62
BB 54, 54

[row,col] = [36,14]

RR 5, 5
GG 60, 60
BB 33, 33

[row,col] = [36,12]

RR 5, 5
GG 60, 60
BB 33, 33

[row,col] = [36,10]

RR 5, 5
GG 60, 60
BB 33, 33

[row,col] = [36,08]

RR 46, 46
GG 62, 62
BB 51, 51

[row,col] = [36,06]

RR 63, 63
GG 63, 63
BB 63, 63

[row,col] = [36,04]

RR 63, 63
GG 63, 63
BB 63, 63

[row,col] = [36,02]

RR 63, 63
GG 63, 63
BB 63, 63

[row,col] = [34,48]

RR 40, 40
GG 40, 40
BB 40, 40

[row,col] = [34,46]

RR 5, 5
GG 60, 60
BB 33, 33

[row,col] = [34,44]

RR 5, 5
GG 60, 60
BB 33, 33

[row,col] = [34,42]

RR 5, 5
GG 60, 60
BB 33, 33

[row,col] = [34,40]

RR 63, 63
GG 63, 63
BB 63, 63

[row,col] = [34,38]

RR 63, 63
GG 63, 63
BB 63, 63

[row,col] = [34,36]

RR 63, 63
GG 63, 63
BB 63, 63

[row,col] = [34,34]

RR 63, 63
GG 63, 63
BB 63, 63

[row,col] = [34,32]

RR 63, 63
GG 63, 63
BB 63, 63

[row,col] = [34,30]

RR 63, 63
GG 63, 63
BB 63, 63

[row,col] = [34,28]

RR 63, 63
GG 63, 63
BB 63, 63

[row,col] = [34,26]

RR 63, 63
GG 63, 63
BB 63, 63

[row,col] = [34,24]

RR 63, 63
GG 63, 63
BB 63, 63

[row,col] = [34,22]

RR 63, 63
GG 63, 63
BB 63, 63

[row,col] = [34,20]

RR 63, 63
GG 63, 63
BB 63, 63

[row,col] = [34,18]

RR 63, 63
GG 63, 63
BB 63, 63

[row,col] = [34,16]

RR 63, 63
GG 63, 63
BB 63, 63

[row,col] = [34,14]

RR 63, 63
GG 63, 63
BB 63, 63

[row,col] = [34,12]

RR 63, 63
GG 63, 63
BB 63, 63

[row,col] = [34,10]

RR 63, 63
GG 63, 63
BB 63, 63

[row,col] = [34,08]

RR 63, 63
GG 63, 63
BB 63, 63

[row,col] = [34,06]

RR 63, 63
GG 63, 63
BB 63, 63

[row,col] = [34,04]

RR 63, 63
GG 63, 63
BB 63, 63

[row,col] = [34,02]

RR 63, 63
GG 63, 63
BB 63, 63

[row,col] = [32,48]

RR 60, 60
GG 60, 60
BB 60, 60

[row,col] = [32,46]

RR 51, 51
GG 62, 62
BB 54, 54

[row,col] = [32,44]

RR 51, 51
GG 62, 62
BB 54, 54

[row,col] = [32,42]

RR 54, 54
GG 62, 62
BB 56, 56

[row,col] = [32,40]

RR 54, 54
GG 62, 62
BB 56, 56

[row,col] = [32,38]

RR 58, 58
GG 63, 63
BB 59, 59

[row,col] = [32,36]

RR 61, 61
GG 63, 63
BB 61, 61

[row,col] = [32,34]

RR 63, 63
GG 63, 63
BB 63, 63

[row,col] = [32,32]

RR 63, 63
GG 63, 63
BB 63, 63

[row,col] = [32,30]

RR 63, 63
GG 63, 63
BB 63, 63

[row,col] = [32,28]

RR 63, 63
GG 63, 63
BB 63, 63

[row,col] = [32,26]

RR 63, 63
GG 63, 63
BB 63, 63

[row,col] = [32,24]

RR 63, 63
GG 63, 63
BB 63, 63

[row,col] = [32,22]

RR 51, 51
GG 62, 62
BB 54, 54

[row,col] = [32,20]

RR 5, 5
GG 60, 60
BB 33, 33

[row,col] = [32,18]

RR 5, 5
GG 60, 60
BB 33, 33

[row,col] = [32,16]

RR 5, 5
GG 60, 60
BB 33, 33

[row,col] = [32,14]

RR 5, 5
GG 60, 60
BB 33, 33

[row,col] = [32,12]

RR 15, 15
GG 60, 60
BB 35, 35

[row,col] = [32,10]

RR 63, 63
GG 63, 63
BB 63, 63

[row,col] = [32,08]

RR 63, 63
GG 63, 63
BB 63, 63

[row,col] = [32,06]

RR 63, 63
GG 63, 63
BB 63, 63

[row,col] = [32,04]

RR 63, 63
GG 63, 63
BB 63, 63

[row,col] = [32,02]

RR 63, 63
GG 63, 63
BB 63, 63

[row,col] = [30,48]

RR 5, 5
GG 60, 60
BB 33, 33

[row,col] = [30,46]

RR 5, 5
GG 60, 60
BB 33, 33

[row,col] = [30,44]

RR 59, 59
GG 63, 63
BB 60, 60

[row,col] = [30,42]

RR 63, 63
GG 63, 63
BB 63, 63

[row,col] = [30,40]

RR 63, 63
GG 63, 63
BB 63, 63

[row,col] = [30,38]

RR 63, 63
GG 63, 63
BB 63, 63

[row,col] = [30,36]

RR 63, 63
GG 63, 63
BB 63, 63

[row,col] = [30,34]

RR 63, 63
GG 63, 63
BB 63, 63

[row,col] = [30,32]

RR 63, 63
GG 63, 63
BB 63, 63

[row,col] = [30,30]

RR 63, 63
GG 63, 63
BB 63, 63

[row,col] = [30,28]

RR 63, 63
GG 63, 63
BB 63, 63

[row,col] = [30,26]

RR 63, 63
GG 63, 63
BB 63, 63

[row,col] = [30,24]

RR 61, 61
GG 63, 63
BB 61, 61

[row,col] = [30,22]

RR 15, 15
GG 60, 60
BB 35, 35

[row,col] = [30,20]

RR 5, 5
GG 60, 60
BB 33, 33

[row,col] = [30,18]

RR 5, 5
GG 60, 60
BB 33, 33

[row,col] = [30,16]

RR 5, 5
GG 60, 60
BB 33, 33

[row,col] = [30,14]

RR 5, 5
GG 60, 60
BB 33, 33

[row,col] = [30,12]

RR 5, 5
GG 60, 60
BB 33, 33

[row,col] = [30,10]

RR 5, 5
GG 60, 60
BB 33, 33

[row,col] = [30,08]

RR 5, 5
GG 60, 60
BB 33, 33

[row,col] = [30,06]

RR 5, 5
GG 60, 60
BB 33, 33

[row,col] = [30,04]

RR 5, 5
GG 60, 60
BB 33, 33

[row,col] = [30,02]

RR 5, 5
GG 60, 60
BB 33, 33

[row,col] = [28,48]

RR 40, 40
GG 40, 40
BB 40, 40

[row,col] = [28,46]

RR 5, 5
GG 60, 60
BB 33, 33

[row,col] = [28,44]

RR 5, 5
GG 60, 60
BB 33, 33

[row,col] = [28,42]

RR 5, 5
GG 60, 60
BB 33, 33

[row,col] = [28,40]

RR 5, 5
GG 60, 60
BB 33, 33

[row,col] = [28,38]

RR 5, 5
GG 60, 60
BB 33, 33

[row,col] = [28,36]

RR 5, 5
GG 60, 60
BB 33, 33

[row,col] = [28,34]

RR 5, 5
GG 60, 60
BB 33, 33

[row,col] = [28,32]

RR 5, 5
GG 60, 60
BB 33, 33

[row,col] = [28,30]

RR 5, 5
GG 60, 60
BB 33, 33

[row,col] = [28,28]

RR 5, 5
GG 60, 60
BB 33, 33

[row,col] = [28,26]

RR 5, 5
GG 60, 60
BB 33, 33

[row,col] = [28,24]

RR 5, 5
GG 60, 60
BB 33, 33

[row,col] = [28,22]

RR 5, 5
GG 60, 60
BB 33, 33

[row,col] = [28,20]

RR 5, 5
GG 60, 60
BB 33, 33

[row,col] = [28,18]

RR 5, 5
GG 60, 60
BB 33, 33

[row,col] = [28,16]

RR 54, 54
GG 62, 62
BB 56, 56

[row,col] = [28,14]

RR 63, 63
GG 63, 63
BB 63, 63

[row,col] = [28,12]

RR 63, 63
GG 63, 63
BB 63, 63

[row,col] = [28,10]

RR 59, 59
GG 53, 53
BB 54, 54

[row,col] = [28,08]

RR 49, 49
GG 9, 9
BB 9, 9

[row,col] = [28,06]

RR 51, 51
GG 29, 29
BB 29, 29

[row,col] = [28,04]

RR 63, 63
GG 63, 63
BB 63, 63

[row,col] = [28,02]

RR 63, 63
GG 63, 63
BB 63, 63

[row,col] = [26,48]

RR 28, 28
GG 83, 83
BB 56, 56

[row,col] = [26,46]

RR 63, 63
GG 63, 63
BB 63, 63

[row,col] = [26,44]

RR 63, 63
GG 63, 63
BB 63, 63

[row,col] = [26,42]

RR 50, 50
GG 17, 17
BB 17, 17

[row,col] = [26,40]

RR 49, 49
GG 9, 9
BB 9, 9

[row,col] = [26,38]

RR 49, 49
GG 9, 9
BB 9, 9

[row,col] = [26,36]

RR 63, 63
GG 63, 63
BB 63, 63

[row,col] = [26,34]

RR 63, 63
GG 63, 63
BB 63, 63

[row,col] = [26,32]

RR 63, 63
GG 63, 63
BB 63, 63

[row,col] = [26,30]

RR 63, 63
GG 63, 63
BB 63, 63

[row,col] = [26,28]

RR 63, 63
GG 63, 63
BB 63, 63

[row,col] = [26,26]

RR 63, 63
GG 63, 63
BB 63, 63

[row,col] = [26,24]

RR 5, 5
GG 60, 60
BB 33, 33

[row,col] = [26,22]

RR 5, 5
GG 60, 60
BB 33, 33

[row,col] = [26,20]

RR 5, 5
GG 60, 60
BB 33, 33

[row,col] = [26,18]

RR 5, 5
GG 60, 60
BB 33, 33

[row,col] = [26,16]

RR 21, 21
GG 60, 60
BB 37, 37

[row,col] = [26,14]

RR 37, 37
GG 61, 61
BB 45, 45

[row,col] = [26,12]

RR 37, 37
GG 61, 61
BB 45, 45

[row,col] = [26,10]

RR 31, 31
GG 61, 61
BB 42, 42

[row,col] = [26,08]

RR 29, 29
GG 60, 60
BB 41, 41

[row,col] = [26,06]

RR 23, 23
GG 60, 60
BB 38, 38

[row,col] = [26,04]

RR 5, 5
GG 60, 60
BB 33, 33

[row,col] = [26,02]

RR 5, 5
GG 60, 60
BB 33, 33

[row,col] = [24,48]

RR 63, 63
GG 63, 63
BB 63, 63

[row,col] = [24,46]

RR 63, 63
GG 63, 63
BB 63, 63

[row,col] = [24,44]

RR 63, 63
GG 63, 63
BB 63, 63

[row,col] = [24,42]

RR 63, 63
GG 63, 63
BB 63, 63

[row,col] = [24,40]

RR 63, 63
GG 63, 63
BB 63, 63

[row,col] = [24,38]

RR 63, 63
GG 63, 63
BB 63, 63

[row,col] = [24,36]

RR 61, 61
GG 63, 63
BB 61, 61

[row,col] = [24,34]

RR 50, 50
GG 62, 62
BB 53, 53

[row,col] = [24,32]

RR 40, 40
GG 61, 61
BB 47, 47

[row,col] = [24,30]

RR 31, 31
GG 61, 61
BB 42, 42

[row,col] = [24,28]

RR 23, 23
GG 60, 60
BB 38, 38

[row,col] = [24,26]

RR 31, 31
GG 61, 61
BB 41, 41

[row,col] = [24,24]

RR 44, 44
GG 61, 61
BB 49, 49

[row,col] = [24,22]

RR 58, 58
GG 63, 63
BB 60, 60

[row,col] = [24,20]

RR 63, 63
GG 63, 63
BB 63, 63

[row,col] = [24,18]

RR 63, 63
GG 63, 63
BB 63, 63

[row,col] = [24,16]

RR 63, 63
GG 63, 63
BB 63, 63

[row,col] = [24,14]

RR 63, 63
GG 63, 63
BB 63, 63

[row,col] = [24,12]

RR 51, 51
GG 26, 26
BB 26, 26

[row,col] = [24,10]

RR 49, 49
GG 9, 9
BB 9, 9

[row,col] = [24,08]

RR 49, 49
GG 9, 9
BB 9, 9

[row,col] = [24,06]

RR 51, 51
GG 25, 25
BB 24, 24

[row,col] = [24,04]

RR 63, 63
GG 63, 63
BB 63, 63

[row,col] = [24,02]

RR 63, 63
GG 63, 63
BB 63, 63

[row,col] = [22,48]

RR 63, 63
GG 63, 63
BB 63, 63

[row,col] = [22,46]

RR 55, 55
GG 42, 42
BB 42, 42

[row,col] = [22,44]

RR 49, 49
GG 9, 9
BB 9, 9

[row,col] = [22,42]

RR 49, 49
GG 9, 9
BB 9, 9

[row,col] = [22,40]

RR 49, 49
GG 9, 9
BB 9, 9

[row,col] = [22,38]

RR 61, 61
GG 58, 58
BB 58, 58

[row,col] = [22,36]

RR 63, 63
GG 63, 63
BB 63, 63

[row,col] = [22,34]

RR 63, 63
GG 63, 63
BB 63, 63

[row,col] = [22,32]

RR 63, 63
GG 63, 63
BB 63, 63

[row,col] = [22,30]

RR 63, 63
GG 63, 63
BB 63, 63

[row,col] = [22,28]

RR 63, 63
GG 63, 63
BB 63, 63

[row,col] = [22,26]

RR 63, 63
GG 63, 63
BB 63, 63

[row,col] = [22,24]

RR 63, 63
GG 63, 63
BB 63, 63

[row,col] = [22,22]

RR 63, 63
GG 63, 63
BB 63, 63

[row,col] = [22,20]

RR 63, 63
GG 63, 63
BB 63, 63

[row,col] = [22,18]

RR 63, 63
GG 63, 63
BB 63, 63

[row,col] = [22,16]

RR 63, 63
GG 63, 63
BB 63, 63

[row,col] = [22,14]

RR 63, 63
GG 63, 63
BB 63, 63

[row,col] = [22,12]

RR 63, 63
GG 63, 63
BB 63, 63

[row,col] = [22,10]

RR 63, 63
GG 63, 63
BB 63, 63

[row,col] = [22,08]

RR 63, 63
GG 63, 63
BB 63, 63

[row,col] = [22,06]

RR 63, 63
GG 63, 63
BB 63, 63

[row,col] = [22,04]

RR 63, 63
GG 63, 63
BB 63, 63

[row,col] = [22,02]

RR 63, 63
GG 63, 63
BB 63, 63

[row,col] = [20,48]

RR 63, 63
GG 63, 63
BB 63, 63

[row,col] = [20,46]

RR 63, 63
GG 63, 63
BB 63, 63

[row,col] = [20,44]

RR 63, 63
GG 63, 63
BB 63, 63

[row,col] = [20,42]

RR 63, 63
GG 63, 63
BB 63, 63

[row,col] = [20,40]

RR 63, 63
GG 63, 63
BB 63, 63

[row,col] = [20,38]

RR 63, 63
GG 63, 63
BB 63, 63

[row,col] = [20,36]

RR 63, 63
GG 63, 63
BB 63, 63

[row,col] = [20,34]

RR 63, 63
GG 63, 63
BB 63, 63

[row,col] = [20,32]

RR 63, 63
GG 63, 63
BB 63, 63

[row,col] = [20,30]

RR 63, 63
GG 63, 63
BB 63, 63

[row,col] = [20,28]

RR 63, 63
GG 63, 63
BB 63, 63

[row,col] = [20,26]

RR 63, 63
GG 63, 63
BB 63, 63

[row,col] = [20,24]

RR 63, 63
GG 63, 63
BB 63, 63

[row,col] = [20,22]

RR 63, 63
GG 63, 63
BB 63, 63

[row,col] = [20,20]

RR 63, 63
GG 63, 63
BB 63, 63

[row,col] = [20,18]

RR 63, 63
GG 63, 63
BB 63, 63

[row,col] = [20,16]

RR 49, 49
GG 9, 9
BB 9, 9

[row,col] = [20,14]

RR 49, 49
GG 9, 9
BB 9, 9

[row,col] = [20,12]

RR 49, 49
GG 9, 9
BB 9, 9

[row,col] = [20,10]

RR 49, 49
GG 9, 9
BB 9, 9

[row,col] = [20,08]

RR 57, 57
GG 48, 48
BB 48, 48

[row,col] = [20,06]

RR 63, 63
GG 63, 63
BB 63, 63

[row,col] = [20,04]

RR 63, 63
GG 63, 63
BB 63, 63

[row,col] = [20,02]

RR 63, 63
GG 63, 63
BB 63, 63

[row,col] = [18,48]

RR 21, 21
GG 21, 21
BB 21, 21

[row,col] = [18,46]

RR 49, 49
GG 9, 9
BB 9, 9

[row,col] = [18,44]

RR 49, 49
GG 9, 9
BB 9, 9

[row,col] = [18,42]

RR 51, 51
GG 26, 26
BB 26, 26

[row,col] = [18,40]

RR 63, 63
GG 63, 63
BB 63, 63

[row,col] = [18,38]

RR 63, 63
GG 63, 63
BB 63, 63

[row,col] = [18,36]

RR 63, 63
GG 63, 63
BB 63, 63

[row,col] = [18,34]

RR 63, 63
GG 63, 63
BB 63, 63

[row,col] = [18,32]

RR 63, 63
GG 63, 63
BB 63, 63

[row,col] = [18,30]

RR 63, 63
GG 63, 63
BB 63, 63

[row,col] = [18,28]

RR 63, 63
GG 63, 63
BB 63, 63

[row,col] = [18,26]

RR 63, 63
GG 63, 63
BB 63, 63

[row,col] = [18,24]

RR 63, 63
GG 63, 63
BB 63, 63

[row,col] = [18,22]

RR 63, 63
GG 63, 63
BB 63, 63

[row,col] = [18,20]

RR 60, 60
GG 55, 55
BB 55, 55

[row,col] = [18,18]

RR 54, 54
GG 39, 39
BB 39, 39

[row,col] = [18,16]

RR 54, 54
GG 38, 38
BB 37, 37

[row,col] = [18,14]

RR 54, 54
GG 38, 38
BB 37, 37

[row,col] = [18,12]

RR 55, 55
GG 43, 43
BB 43, 43

[row,col] = [18,10]

RR 56, 56
GG 47, 47
BB 47, 47

[row,col] = [18,08]

RR 61, 61
GG 59, 59
BB 59, 59

[row,col] = [18,06]

RR 63, 63
GG 63, 63
BB 63, 63

[row,col] = [18,04]

RR 63, 63
GG 63, 63
BB 63, 63

[row,col] = [18,02]

RR 63, 63
GG 63, 63
BB 63, 63

[row,col] = [16,48]

RR 21, 21
GG 21, 21
BB 21, 21

[row,col] = [16,46]

RR 49, 49
GG 9, 9
BB 9, 9

[row,col] = [16,44]

RR 49, 49
GG 9, 9
BB 9, 9

[row,col] = [16,42]

RR 49, 49
GG 9, 9
BB 9, 9

[row,col] = [16,40]

RR 49, 49
GG 9, 9
BB 9, 9

[row,col] = [16,38]

RR 55, 55
GG 44, 44
BB 44, 44

[row,col] = [16,36]

RR 63, 63
GG 63, 63
BB 63, 63

[row,col] = [16,34]

RR 63, 63
GG 63, 63
BB 63, 63

[row,col] = [16,32]

RR 63, 63
GG 63, 63
BB 63, 63

[row,col] = [16,30]

RR 63, 63
GG 63, 63
BB 63, 63

[row,col] = [16,28]

RR 63, 63
GG 63, 63
BB 63, 63

[row,col] = [16,26]

RR 60, 60
GG 55, 55
BB 55, 55

[row,col] = [16,24]

RR 55, 55
GG 41, 41
BB 41, 41

[row,col] = [16,22]

RR 49, 49
GG 9, 9
BB 9, 9

[row,col] = [16,20]

RR 49, 49
GG 9, 9
BB 9, 9

[row,col] = [16,18]

RR 49, 49
GG 9, 9
BB 9, 9

[row,col] = [16,16]

RR 49, 49
GG 9, 9
BB 9, 9

[row,col] = [16,14]

RR 49, 49
GG 9, 9
BB 9, 9

[row,col] = [16,12]

RR 60, 60
GG 55, 55
BB 55, 55

[row,col] = [16,10]

RR 63, 63
GG 63, 63
BB 63, 63

[row,col] = [16,08]

RR 63, 63
GG 63, 63
BB 63, 63

[row,col] = [16,06]

RR 63, 63
GG 63, 63
BB 63, 63

[row,col] = [16,04]

RR 63, 63
GG 63, 63
BB 63, 63

[row,col] = [16,02]

RR 63, 63
GG 63, 63
BB 63, 63

[row,col] = [14,48]

RR 49, 49
GG 9, 9
BB 9, 9

[row,col] = [14,46]

RR 53, 53
GG 34, 34
BB 34, 34

[row,col] = [14,44]

RR 63, 63
GG 63, 63
BB 63, 63

[row,col] = [14,42]

RR 63, 63
GG 63, 63
BB 63, 63

[row,col] = [14,40]

RR 63, 63
GG 62, 62
BB 63, 63

[row,col] = [14,38]

RR 51, 51
GG 13, 13
BB 60, 60

[row,col] = [14,36]

RR 59, 59
GG 51, 51
BB 62, 62

[row,col] = [14,34]

RR 63, 63
GG 63, 63
BB 63, 63

[row,col] = [14,32]

RR 63, 63
GG 63, 63
BB 63, 63

[row,col] = [14,30]

RR 63, 63
GG 63, 63
BB 63, 63

[row,col] = [14,28]

RR 63, 63
GG 63, 63
BB 63, 63

[row,col] = [14,26]

RR 63, 63
GG 63, 63
BB 63, 63

[row,col] = [14,24]

RR 63, 63
GG 63, 63
BB 63, 63

[row,col] = [14,22]

RR 60, 60
GG 55, 55
BB 55, 55

[row,col] = [14,20]

RR 49, 49
GG 9, 9
BB 9, 9

[row,col] = [14,18]

RR 49, 49
GG 9, 9
BB 9, 9

[row,col] = [14,16]

RR 49, 49
GG 9, 9
BB 9, 9

[row,col] = [14,14]

RR 49, 49
GG 9, 9
BB 9, 9

[row,col] = [14,12]

RR 49, 49
GG 9, 9
BB 9, 9

[row,col] = [14,10]

RR 49, 49
GG 9, 9
BB 9, 9

[row,col] = [14,08]

RR 49, 49
GG 9, 9
BB 9, 9

[row,col] = [14,06]

RR 49, 49
GG 9, 9
BB 9, 9

[row,col] = [14,04]

RR 49, 49
GG 9, 9
BB 9, 9

[row,col] = [14,02]

RR 49, 49
GG 9, 9
BB 9, 9

[row,col] = [12,48]

RR 21, 21
GG 21, 21
BB 21, 21

[row,col] = [12,46]

RR 49, 49
GG 9, 9
BB 9, 9

[row,col] = [12,44]

RR 49, 49
GG 9, 9
BB 9, 9

[row,col] = [12,42]

RR 49, 49
GG 9, 9
BB 9, 9

[row,col] = [12,40]

RR 49, 49
GG 9, 9
BB 9, 9

[row,col] = [12,38]

RR 49, 49
GG 9, 9
BB 9, 9

[row,col] = [12,36]

RR 49, 49
GG 9, 9
BB 9, 9

[row,col] = [12,34]

RR 49, 49
GG 9, 9
BB 9, 9

[row,col] = [12,32]

RR 49, 49
GG 9, 9
BB 9, 9

[row,col] = [12,30]

RR 49, 49
GG 9, 9
BB 9, 9

[row,col] = [12,28]

RR 49, 49
GG 9, 9
BB 9, 9

[row,col] = [12,26]

RR 49, 49
GG 9, 9
BB 9, 9

[row,col] = [12,24]

RR 49, 49
GG 9, 9
BB 9, 9

[row,col] = [12,22]

RR 49, 49
GG 9, 9
BB 9, 9

[row,col] = [12,20]

RR 49, 49
GG 9, 9
BB 9, 9

[row,col] = [12,18]

RR 51, 51
GG 26, 26
BB 26, 26

[row,col] = [12,16]

RR 63, 63
GG 62, 62
BB 61, 61

[row,col] = [12,14]

RR 63, 63
GG 63, 63
BB 63, 63

[row,col] = [12,12]

RR 63, 63
GG 63, 63
BB 63, 63

[row,col] = [12,10]

RR 61, 61
GG 58, 58
BB 63, 63

[row,col] = [12,08]

RR 50, 50
GG 6, 6
BB 60, 60

[row,col] = [12,06]

RR 50, 50
GG 6, 6
BB 60, 60

[row,col] = [12,04]

RR 50, 50
GG 6, 6
BB 60, 60

[row,col] = [12,02]

RR 63, 63
GG 63, 63
BB 63, 63

[row,col] = [10,48]

RR 91, 91
GG 51, 51
BB 51, 51

[row,col] = [10,46]

RR 63, 63
GG 63, 63
BB 63, 63

[row,col] = [10,44]

RR 59, 59
GG 52, 52
BB 62, 62

[row,col] = [10,42]

RR 51, 51
GG 9, 9
BB 60, 60

[row,col] = [10,40]

RR 50, 50
GG 6, 6
BB 60, 60

[row,col] = [10,38]

RR 50, 50
GG 6, 6
BB 60, 60

[row,col] = [10,36]

RR 50, 50
GG 5, 5
BB 60, 60

[row,col] = [10,34]

RR 63, 63
GG 63, 63
BB 63, 63

[row,col] = [10,32]

RR 63, 63
GG 63, 63
BB 63, 63

[row,col] = [10,30]

RR 63, 63
GG 63, 63
BB 63, 63

[row,col] = [10,28]

RR 63, 63
GG 63, 63
BB 63, 63

[row,col] = [10,26]

RR 63, 63
GG 63, 63
BB 63, 63

[row,col] = [10,24]

RR 63, 63
GG 63, 63
BB 63, 63

[row,col] = [10,22]

RR 63, 63
GG 63, 63
BB 63, 63

[row,col] = [10,20]

RR 63, 63
GG 63, 63
BB 63, 63

[row,col] = [10,18]

RR 63, 63
GG 62, 62
BB 63, 63

[row,col] = [10,16]

RR 62, 62
GG 61, 61
BB 63, 63

[row,col] = [10,14]

RR 62, 62
GG 61, 61
BB 63, 63

[row,col] = [10,12]

RR 63, 63
GG 63, 63
BB 63, 63

[row,col] = [10,10]

RR 63, 63
GG 63, 63
BB 63, 63

[row,col] = [10,08]

RR 61, 61
GG 58, 58
BB 58, 58

[row,col] = [10,06]

RR 52, 52
GG 31, 31
BB 31, 31

[row,col] = [10,04]

RR 49, 49
GG 9, 9
BB 9, 9

[row,col] = [10,02]

RR 49, 49
GG 9, 9
BB 9, 9

[row,col] = [08,48]

RR 25, 25
GG 33, 33
BB 4294967278, 238

[row,col] = [08,46]

RR 50, 50
GG 6, 6
BB 60, 60

[row,col] = [08,44]

RR 53, 53
GG 26, 26
BB 61, 61

[row,col] = [08,42]

RR 55, 55
GG 38, 38
BB 61, 61

[row,col] = [08,40]

RR 59, 59
GG 50, 50
BB 62, 62

[row,col] = [08,38]

RR 60, 60
GG 54, 54
BB 62, 62

[row,col] = [08,36]

RR 56, 56
GG 42, 42
BB 58, 58

[row,col] = [08,34]

RR 53, 53
GG 31, 31
BB 52, 52

[row,col] = [08,32]

RR 53, 53
GG 31, 31
BB 52, 52

[row,col] = [08,30]

RR 54, 54
GG 37, 37
BB 53, 53

[row,col] = [08,28]

RR 58, 58
GG 49, 49
BB 58, 58

[row,col] = [08,26]

RR 61, 61
GG 57, 57
BB 62, 62

[row,col] = [08,24]

RR 61, 61
GG 57, 57
BB 62, 62

[row,col] = [08,22]

RR 59, 59
GG 52, 52
BB 62, 62

[row,col] = [08,20]

RR 51, 51
GG 19, 19
BB 60, 60

[row,col] = [08,18]

RR 50, 50
GG 6, 6
BB 60, 60

[row,col] = [08,16]

RR 50, 50
GG 6, 6
BB 60, 60

[row,col] = [08,14]

RR 50, 50
GG 6, 6
BB 60, 60

[row,col] = [08,12]

RR 50, 50
GG 6, 6
BB 60, 60

[row,col] = [08,10]

RR 50, 50
GG 6, 6
BB 60, 60

[row,col] = [08,08]

RR 50, 50
GG 6, 6
BB 60, 60

[row,col] = [08,06]

RR 50, 50
GG 6, 6
BB 60, 60

[row,col] = [08,04]

RR 63, 63
GG 63, 63
BB 63, 63

[row,col] = [08,02]

RR 63, 63
GG 72, 72
BB 20, 20

[row,col] = [06,48]

RR 50, 50
GG 20, 20
BB 4294967280, 240

[row,col] = [06,46]

RR 50, 50
GG 21, 21
BB 4294967278, 238

[row,col] = [06,44]

RR 50, 50
GG 21, 21
BB 4294967278, 238

[row,col] = [06,42]

RR 50, 50
GG 21, 21
BB 4294967278, 238

[row,col] = [06,40]

RR 50, 50
GG 21, 21
BB 4294967278, 238

[row,col] = [06,38]

RR 57, 57
GG 57, 57
BB 7, 7

[row,col] = [06,36]

RR 63, 63
GG 72, 72
BB 19, 19

[row,col] = [06,34]

RR 63, 63
GG 72, 72
BB 19, 19

[row,col] = [06,32]

RR 63, 63
GG 72, 72
BB 19, 19

[row,col] = [06,30]

RR 63, 63
GG 72, 72
BB 19, 19

[row,col] = [06,28]

RR 63, 63
GG 72, 72
BB 19, 19

[row,col] = [06,26]

RR 63, 63
GG 72, 72
BB 20, 20

[row,col] = [06,24]

RR 63, 63
GG 72, 72
BB 21, 21

[row,col] = [06,22]

RR 50, 50
GG 20, 20
BB 4294967279, 239

[row,col] = [06,20]

RR 50, 50
GG 20, 20
BB 4294967280, 240

[row,col] = [06,18]

RR 50, 50
GG 20, 20
BB 4294967280, 240

[row,col] = [06,16]

RR 50, 50
GG 20, 20
BB 4294967280, 240

[row,col] = [06,14]

RR 50, 50
GG 20, 20
BB 4294967280, 240

[row,col] = [06,12]

RR 50, 50
GG 20, 20
BB 4294967280, 240

[row,col] = [06,10]

RR 50, 50
GG 20, 20
BB 4294967280, 240

[row,col] = [06,08]

RR 50, 50
GG 20, 20
BB 4294967280, 240

[row,col] = [06,06]

RR 50, 50
GG 20, 20
BB 4294967280, 240

[row,col] = [06,04]

RR 50, 50
GG 20, 20
BB 4294967280, 240

[row,col] = [06,02]

RR 50, 50
GG 20, 20
BB 4294967280, 240

[row,col] = [04,48]

RR 25, 25
GG 33, 33
BB 4294967280, 240

[row,col] = [04,46]

RR 50, 50
GG 20, 20
BB 4294967280, 240

[row,col] = [04,44]

RR 50, 50
GG 20, 20
BB 4294967280, 240

[row,col] = [04,42]

RR 50, 50
GG 20, 20
BB 4294967280, 240

[row,col] = [04,40]

RR 50, 50
GG 20, 20
BB 4294967280, 240

[row,col] = [04,38]

RR 50, 50
GG 20, 20
BB 4294967280, 240

[row,col] = [04,36]

RR 50, 50
GG 20, 20
BB 4294967280, 240

[row,col] = [04,34]

RR 50, 50
GG 20, 20
BB 4294967280, 240

[row,col] = [04,32]

RR 50, 50
GG 20, 20
BB 4294967280, 240

[row,col] = [04,30]

RR 50, 50
GG 20, 20
BB 4294967280, 240

[row,col] = [04,28]

RR 50, 50
GG 20, 20
BB 4294967280, 240

[row,col] = [04,26]

RR 50, 50
GG 20, 20
BB 4294967280, 240

[row,col] = [04,24]

RR 50, 50
GG 20, 20
BB 4294967280, 240

[row,col] = [04,22]

RR 50, 50
GG 20, 20
BB 4294967280, 240

[row,col] = [04,20]

RR 50, 50
GG 20, 20
BB 4294967280, 240

[row,col] = [04,18]

RR 50, 50
GG 20, 20
BB 4294967280, 240

[row,col] = [04,16]

RR 50, 50
GG 20, 20
BB 4294967280, 240

[row,col] = [04,14]

RR 50, 50
GG 20, 20
BB 4294967280, 240

[row,col] = [04,12]

RR 50, 50
GG 20, 20
BB 4294967280, 240

[row,col] = [04,10]

RR 58, 58
GG 58, 58
BB 11, 11

[row,col] = [04,08]

RR 63, 63
GG 71, 71
BB 22, 22

[row,col] = [04,06]

RR 63, 63
GG 71, 71
BB 22, 22

[row,col] = [04,04]

RR 63, 63
GG 71, 71
BB 22, 22

[row,col] = [04,02]

RR 63, 63
GG 71, 71
BB 22, 22

[row,col] = [02,48]

RR 42, 42
GG 39, 39
BB 4294967289, 249

[row,col] = [02,46]

RR 55, 55
GG 50, 50
BB 5, 5

[row,col] = [02,44]

RR 61, 61
GG 66, 66
BB 18, 18

[row,col] = [02,42]

RR 63, 63
GG 71, 71
BB 22, 22

[row,col] = [02,40]

RR 63, 63
GG 71, 71
BB 22, 22

[row,col] = [02,38]

RR 63, 63
GG 71, 71
BB 22, 22

[row,col] = [02,36]

RR 63, 63
GG 71, 71
BB 22, 22

[row,col] = [02,34]

RR 63, 63
GG 71, 71
BB 22, 22

[row,col] = [02,32]

RR 63, 63
GG 71, 71
BB 22, 22

[row,col] = [02,30]

RR 63, 63
GG 71, 71
BB 22, 22

[row,col] = [02,28]

RR 63, 63
GG 71, 71
BB 22, 22

[row,col] = [02,26]

RR 63, 63
GG 71, 71
BB 22, 22

[row,col] = [02,24]

RR 63, 63
GG 71, 71
BB 22, 22

[row,col] = [02,22]

RR 63, 63
GG 71, 71
BB 22, 22

[row,col] = [02,20]

RR 61, 61
GG 66, 66
BB 18, 18

[row,col] = [02,18]

RR 62, 62
GG 69, 69
BB 20, 20

[row,col] = [02,16]

RR 63, 63
GG 71, 71
BB 22, 22

[row,col] = [02,14]

RR 63, 63
GG 71, 71
BB 21, 21

[row,col] = [02,12]

RR 60, 60
GG 64, 64
BB 16, 16

[row,col] = [02,10]

RR 58, 58
GG 57, 57
BB 11, 11

[row,col] = [02,08]

RR 55, 55
GG 48, 48
BB 4, 4

[row,col] = [02,06]

RR 53, 53
GG 43, 43
BB 0, 0

[row,col] = [02,04]

RR 55, 55
GG 50, 50
BB 5, 5

[row,col] = [02,02]

RR 56, 56
GG 53, 53
BB 8, 8
