Log(2024-08-01 12-12-09):
Runtime: 2.766784191131592
--------------------------------------------------------------------------------
I1 cache:         16384 B, 64 B, 4-way associative
D1 cache:         16384 B, 64 B, 4-way associative
LL cache:         262144 B, 64 B, 8-way associative
Command:          ./CSC_main
Data file:        cachegrind.out
Events recorded:  Ir I1mr ILmr Dr D1mr DLmr Dw D1mw DLmw
Events shown:     Ir I1mr ILmr Dr D1mr DLmr Dw D1mw DLmw
Event sort order: Ir I1mr ILmr Dr D1mr DLmr Dw D1mw DLmw
Thresholds:       0.1 100 100 100 100 100 100 100 100
Include dirs:     
User annotated:   
Auto-annotation:  off

--------------------------------------------------------------------------------
       Ir  I1mr  ILmr      Dr  D1mr  DLmr      Dw  D1mw DLmw 
--------------------------------------------------------------------------------
2,590,799 1,452 1,044 848,667 3,075 1,812 586,066 1,122  579  PROGRAM TOTALS

--------------------------------------------------------------------------------
     Ir I1mr ILmr      Dr D1mr DLmr      Dw D1mw DLmw  file:function
--------------------------------------------------------------------------------
770,616   45   43 209,750   12    7 117,243    3    2  ???:vfprintf
345,616   12    4 207,360    0    0 184,304  344  158  ???:fputc
201,408   18   17  56,064  187   95  56,640  197    0  ???:CSC_YCC_to_RGB_neon
171,953    9    4  67,774    9    1  56,540    2    0  ???:_IO_file_xsputn@@GLIBC_2.4
139,008   12   12  34,560  121    0  29,952   72   72  ???:CSC_RGB_to_YCC_neon
134,400    5    5  23,040    2    2   9,216    1    0  ???:strchrnul
129,018    3    3  73,726  143  127  46,078    0    0  ???:getc
124,421   14   12  14,096  132    0   9,228  147  146  ???:main
119,085   34   18  39,798   59   19      24    0    0  ???:???
 85,468    2    2   7,892    1    1   7,892   91    0  ???:__memcpy_neon
 64,294    3    2  20,023    2    2  17,719    0    0  ???:_itoa_word
 57,694   10   10  14,110  784  607      18    1    0  ???:_dl_addr
 36,864    3    2  18,432    1    1  12,288    0    0  ???:printf
 29,760   32   13  10,120  267  137   5,100    7    3  ???:do_lookup_x
 28,055    2    1  11,222    0    0  11,222    0    0  ???:mempcpy
 23,040    4    3   9,216    0    0   6,144    0    0  ???:read_int
 19,959   56   56   5,495  493  426   2,652    7    0  ???:_dl_relocate_object
 16,783   23   10   4,875  122   93   2,593    9    0  ???:_dl_lookup_symbol_x
 10,832   25   11       0    0    0       0    0    0  ???:__udivsi3
 10,080    8    5   4,480    2    2   2,240    0    0  ???:_IO_padn
  8,452   20   13   1,845   13    3     596    3    2  ???:strcmp
  8,338    7    7   1,604   17   17      36    1    1  ???:__GI___tunables_init
  7,013    1    0       4    1    0       4    0    0  ???:CSC_YCC_to_RGB
  5,010   16    6   2,096   61   13     630    0    0  ???:check_match
  4,739    2    1       4    0    0       4    0    0  ???:CSC_RGB_to_YCC


Cachegrind Result: 

[row,col] = [64,48]

0

[row,col] = [64,46]

0

[row,col] = [64,44]

0

[row,col] = [64,42]

0

[row,col] = [64,40]

0

[row,col] = [64,38]

0

[row,col] = [64,36]

0

[row,col] = [64,34]

0

[row,col] = [64,32]

0

[row,col] = [64,30]

0

[row,col] = [64,28]

0

[row,col] = [64,26]

0

[row,col] = [64,24]

0

[row,col] = [64,22]

0

[row,col] = [64,20]

0

[row,col] = [64,18]

0

[row,col] = [64,16]

0

[row,col] = [64,14]

0

[row,col] = [64,12]

0

[row,col] = [64,10]

0

[row,col] = [64,08]

0

[row,col] = [64,06]

0

[row,col] = [64,04]

0

[row,col] = [64,02]

0

[row,col] = [62,48]

0

[row,col] = [62,46]

0

[row,col] = [62,44]

0

[row,col] = [62,42]

0

[row,col] = [62,40]

0

[row,col] = [62,38]

0

[row,col] = [62,36]

0

[row,col] = [62,34]

0

[row,col] = [62,32]

0

[row,col] = [62,30]

0

[row,col] = [62,28]

0

[row,col] = [62,26]

0

[row,col] = [62,24]

0

[row,col] = [62,22]

0

[row,col] = [62,20]

0

[row,col] = [62,18]

0

[row,col] = [62,16]

0

[row,col] = [62,14]

0

[row,col] = [62,12]

0

[row,col] = [62,10]

0

[row,col] = [62,08]

0

[row,col] = [62,06]

0

[row,col] = [62,04]

0

[row,col] = [62,02]

0

[row,col] = [60,48]

0

[row,col] = [60,46]

0

[row,col] = [60,44]

0

[row,col] = [60,42]

0

[row,col] = [60,40]

0

[row,col] = [60,38]

0

[row,col] = [60,36]

0

[row,col] = [60,34]

0

[row,col] = [60,32]

0

[row,col] = [60,30]

0

[row,col] = [60,28]

0

[row,col] = [60,26]

0

[row,col] = [60,24]

0

[row,col] = [60,22]

0

[row,col] = [60,20]

0

[row,col] = [60,18]

0

[row,col] = [60,16]

0

[row,col] = [60,14]

0

[row,col] = [60,12]

0

[row,col] = [60,10]

0

[row,col] = [60,08]

0

[row,col] = [60,06]

0

[row,col] = [60,04]

0

[row,col] = [60,02]

0

[row,col] = [58,48]

0

[row,col] = [58,46]

0

[row,col] = [58,44]

0

[row,col] = [58,42]

0

[row,col] = [58,40]

0

[row,col] = [58,38]

0

[row,col] = [58,36]

0

[row,col] = [58,34]

0

[row,col] = [58,32]

0

[row,col] = [58,30]

0

[row,col] = [58,28]

0

[row,col] = [58,26]

0

[row,col] = [58,24]

0

[row,col] = [58,22]

0

[row,col] = [58,20]

0

[row,col] = [58,18]

0

[row,col] = [58,16]

0

[row,col] = [58,14]

0

[row,col] = [58,12]

0

[row,col] = [58,10]

0

[row,col] = [58,08]

0

[row,col] = [58,06]

0

[row,col] = [58,04]

0

[row,col] = [58,02]

0

[row,col] = [56,48]

0

[row,col] = [56,46]

0

[row,col] = [56,44]

0

[row,col] = [56,42]

0

[row,col] = [56,40]

0

[row,col] = [56,38]

0

[row,col] = [56,36]

0

[row,col] = [56,34]

0

[row,col] = [56,32]

0

[row,col] = [56,30]

0

[row,col] = [56,28]

0

[row,col] = [56,26]

0

[row,col] = [56,24]

0

[row,col] = [56,22]

0

[row,col] = [56,20]

0

[row,col] = [56,18]

0

[row,col] = [56,16]

0

[row,col] = [56,14]

0

[row,col] = [56,12]

0

[row,col] = [56,10]

0

[row,col] = [56,08]

0

[row,col] = [56,06]

0

[row,col] = [56,04]

0

[row,col] = [56,02]

0

[row,col] = [54,48]

0

[row,col] = [54,46]

0

[row,col] = [54,44]

0

[row,col] = [54,42]

0

[row,col] = [54,40]

0

[row,col] = [54,38]

0

[row,col] = [54,36]

0

[row,col] = [54,34]

0

[row,col] = [54,32]

0

[row,col] = [54,30]

53

[row,col] = [54,28]

53

[row,col] = [54,26]

53

[row,col] = [54,24]

53

[row,col] = [54,22]

53

[row,col] = [54,20]

53

[row,col] = [54,18]

53

[row,col] = [54,16]

53

[row,col] = [54,14]

53

[row,col] = [54,12]

53

[row,col] = [54,10]

53

[row,col] = [54,08]

53

[row,col] = [54,06]

53

[row,col] = [54,04]

53

[row,col] = [54,02]

53

[row,col] = [52,48]

53

[row,col] = [52,46]

53

[row,col] = [52,44]

53

[row,col] = [52,42]

53

[row,col] = [52,40]

53

[row,col] = [52,38]

53

[row,col] = [52,36]

53

[row,col] = [52,34]

53

[row,col] = [52,32]

53

[row,col] = [52,30]

53

[row,col] = [52,28]

53

[row,col] = [52,26]

53

[row,col] = [52,24]

53

[row,col] = [52,22]

53

[row,col] = [52,20]

53

[row,col] = [52,18]

53

[row,col] = [52,16]

53

[row,col] = [52,14]

53

[row,col] = [52,12]

53

[row,col] = [52,10]

53

[row,col] = [52,08]

53

[row,col] = [52,06]

53

[row,col] = [52,04]

53

[row,col] = [52,02]

53

[row,col] = [50,48]

53

[row,col] = [50,46]

53

[row,col] = [50,44]

53

[row,col] = [50,42]

53

[row,col] = [50,40]

53

[row,col] = [50,38]

53

[row,col] = [50,36]

53

[row,col] = [50,34]

53

[row,col] = [50,32]

53

[row,col] = [50,30]

53

[row,col] = [50,28]

53

[row,col] = [50,26]

53

[row,col] = [50,24]

53

[row,col] = [50,22]

53

[row,col] = [50,20]

53

[row,col] = [50,18]

53

[row,col] = [50,16]

53

[row,col] = [50,14]

53

[row,col] = [50,12]

53

[row,col] = [50,10]

53

[row,col] = [50,08]

53

[row,col] = [50,06]

53

[row,col] = [50,04]

53

[row,col] = [50,02]

53

[row,col] = [48,48]

53

[row,col] = [48,46]

53

[row,col] = [48,44]

53

[row,col] = [48,42]

53

[row,col] = [48,40]

53

[row,col] = [48,38]

53

[row,col] = [48,36]

53

[row,col] = [48,34]

53

[row,col] = [48,32]

53

[row,col] = [48,30]

53

[row,col] = [48,28]

53

[row,col] = [48,26]

53

[row,col] = [48,24]

53

[row,col] = [48,22]

53

[row,col] = [48,20]

53

[row,col] = [48,18]

53

[row,col] = [48,16]

53

[row,col] = [48,14]

53

[row,col] = [48,12]

53

[row,col] = [48,10]

53

[row,col] = [48,08]

53

[row,col] = [48,06]

53

[row,col] = [48,04]

53

[row,col] = [48,02]

53

[row,col] = [46,48]

0

[row,col] = [46,46]

0

[row,col] = [46,44]

0

[row,col] = [46,42]

0

[row,col] = [46,40]

0

[row,col] = [46,38]

0

[row,col] = [46,36]

0

[row,col] = [46,34]

0

[row,col] = [46,32]

0

[row,col] = [46,30]

0

[row,col] = [46,28]

0

[row,col] = [46,26]

0

[row,col] = [46,24]

0

[row,col] = [46,22]

0

[row,col] = [46,20]

0

[row,col] = [46,18]

0

[row,col] = [46,16]

0

[row,col] = [46,14]

0

[row,col] = [46,12]

0

[row,col] = [46,10]

0

[row,col] = [46,08]

0

[row,col] = [46,06]

0

[row,col] = [46,04]

0

[row,col] = [46,02]

0

[row,col] = [44,48]

0

[row,col] = [44,46]

0

[row,col] = [44,44]

0

[row,col] = [44,42]

0

[row,col] = [44,40]

0

[row,col] = [44,38]

0

[row,col] = [44,36]

0

[row,col] = [44,34]

0

[row,col] = [44,32]

0

[row,col] = [44,30]

0

[row,col] = [44,28]

0

[row,col] = [44,26]

0

[row,col] = [44,24]

0

[row,col] = [44,22]

0

[row,col] = [44,20]

0

[row,col] = [44,18]

0

[row,col] = [44,16]

0

[row,col] = [44,14]

0

[row,col] = [44,12]

0

[row,col] = [44,10]

0

[row,col] = [44,08]

0

[row,col] = [44,06]

0

[row,col] = [44,04]

0

[row,col] = [44,02]

0

[row,col] = [42,48]

0

[row,col] = [42,46]

0

[row,col] = [42,44]

0

[row,col] = [42,42]

0

[row,col] = [42,40]

0

[row,col] = [42,38]

0

[row,col] = [42,36]

0

[row,col] = [42,34]

0

[row,col] = [42,32]

0

[row,col] = [42,30]

0

[row,col] = [42,28]

0

[row,col] = [42,26]

0

[row,col] = [42,24]

0

[row,col] = [42,22]

0

[row,col] = [42,20]

0

[row,col] = [42,18]

0

[row,col] = [42,16]

0

[row,col] = [42,14]

0

[row,col] = [42,12]

0

[row,col] = [42,10]

0

[row,col] = [42,08]

0

[row,col] = [42,06]

0

[row,col] = [42,04]

0

[row,col] = [42,02]

0

[row,col] = [40,48]

0

[row,col] = [40,46]

0

[row,col] = [40,44]

0

[row,col] = [40,42]

0

[row,col] = [40,40]

0

[row,col] = [40,38]

0

[row,col] = [40,36]

0

[row,col] = [40,34]

0

[row,col] = [40,32]

0

[row,col] = [40,30]

0

[row,col] = [40,28]

0

[row,col] = [40,26]

0

[row,col] = [40,24]

0

[row,col] = [40,22]

0

[row,col] = [40,20]

0

[row,col] = [40,18]

0

[row,col] = [40,16]

0

[row,col] = [40,14]

0

[row,col] = [40,12]

0

[row,col] = [40,10]

0

[row,col] = [40,08]

0

[row,col] = [40,06]

0

[row,col] = [40,04]

0

[row,col] = [40,02]

0

[row,col] = [38,48]

0

[row,col] = [38,46]

0

[row,col] = [38,44]

0

[row,col] = [38,42]

0

[row,col] = [38,40]

0

[row,col] = [38,38]

0

[row,col] = [38,36]

0

[row,col] = [38,34]

0

[row,col] = [38,32]

0

[row,col] = [38,30]

0

[row,col] = [38,28]

0

[row,col] = [38,26]

0

[row,col] = [38,24]

0

[row,col] = [38,22]

0

[row,col] = [38,20]

0

[row,col] = [38,18]

0

[row,col] = [38,16]

0

[row,col] = [38,14]

0

[row,col] = [38,12]

0

[row,col] = [38,10]

0

[row,col] = [38,08]

0

[row,col] = [38,06]

0

[row,col] = [38,04]

0

[row,col] = [38,02]

0

[row,col] = [36,48]

0

[row,col] = [36,46]

0

[row,col] = [36,44]

0

[row,col] = [36,42]

0

[row,col] = [36,40]

0

[row,col] = [36,38]

0

[row,col] = [36,36]

0

[row,col] = [36,34]

0

[row,col] = [36,32]

0

[row,col] = [36,30]

0

[row,col] = [36,28]

0

[row,col] = [36,26]

0

[row,col] = [36,24]

0

[row,col] = [36,22]

0

[row,col] = [36,20]

0

[row,col] = [36,18]

0

[row,col] = [36,16]

0

[row,col] = [36,14]

0

[row,col] = [36,12]

0

[row,col] = [36,10]

0

[row,col] = [36,08]

0

[row,col] = [36,06]

0

[row,col] = [36,04]

0

[row,col] = [36,02]

0

[row,col] = [34,48]

53

[row,col] = [34,46]

53

[row,col] = [34,44]

53

[row,col] = [34,42]

53

[row,col] = [34,40]

53

[row,col] = [34,38]

53

[row,col] = [34,36]

53

[row,col] = [34,34]

53

[row,col] = [34,32]

53

[row,col] = [34,30]

53

[row,col] = [34,28]

53

[row,col] = [34,26]

53

[row,col] = [34,24]

53

[row,col] = [34,22]

53

[row,col] = [34,20]

53

[row,col] = [34,18]

53

[row,col] = [34,16]

53

[row,col] = [34,14]

53

[row,col] = [34,12]

53

[row,col] = [34,10]

53

[row,col] = [34,08]

53

[row,col] = [34,06]

53

[row,col] = [34,04]

53

[row,col] = [34,02]

53

[row,col] = [32,48]

53

[row,col] = [32,46]

53

[row,col] = [32,44]

53

[row,col] = [32,42]

53

[row,col] = [32,40]

53

[row,col] = [32,38]

53

[row,col] = [32,36]

53

[row,col] = [32,34]

53

[row,col] = [32,32]

53

[row,col] = [32,30]

53

[row,col] = [32,28]

53

[row,col] = [32,26]

53

[row,col] = [32,24]

53

[row,col] = [32,22]

53

[row,col] = [32,20]

53

[row,col] = [32,18]

53

[row,col] = [32,16]

53

[row,col] = [32,14]

53

[row,col] = [32,12]

53

[row,col] = [32,10]

53

[row,col] = [32,08]

53

[row,col] = [32,06]

53

[row,col] = [32,04]

53

[row,col] = [32,02]

53

[row,col] = [30,48]

53

[row,col] = [30,46]

53

[row,col] = [30,44]

53

[row,col] = [30,42]

53

[row,col] = [30,40]

53

[row,col] = [30,38]

53

[row,col] = [30,36]

53

[row,col] = [30,34]

53

[row,col] = [30,32]

53

[row,col] = [30,30]

53

[row,col] = [30,28]

53

[row,col] = [30,26]

53

[row,col] = [30,24]

53

[row,col] = [30,22]

53

[row,col] = [30,20]

53

[row,col] = [30,18]

53

[row,col] = [30,16]

53

[row,col] = [30,14]

53

[row,col] = [30,12]

53

[row,col] = [30,10]

53

[row,col] = [30,08]

53

[row,col] = [30,06]

53

[row,col] = [30,04]

53

[row,col] = [30,02]

53

[row,col] = [28,48]

53

[row,col] = [28,46]

53

[row,col] = [28,44]

53

[row,col] = [28,42]

53

[row,col] = [28,40]

53

[row,col] = [28,38]

53

[row,col] = [28,36]

53

[row,col] = [28,34]

53

[row,col] = [28,32]

53

[row,col] = [28,30]

53

[row,col] = [28,28]

53

[row,col] = [28,26]

53

[row,col] = [28,24]

53

[row,col] = [28,22]

53

[row,col] = [28,20]

53

[row,col] = [28,18]

53

[row,col] = [28,16]

53

[row,col] = [28,14]

53

[row,col] = [28,12]

53

[row,col] = [28,10]

53

[row,col] = [28,08]

53

[row,col] = [28,06]

53

[row,col] = [28,04]

53

[row,col] = [28,02]

53

[row,col] = [26,48]

53

[row,col] = [26,46]

53

[row,col] = [26,44]

53

[row,col] = [26,42]

53

[row,col] = [26,40]

53

[row,col] = [26,38]

53

[row,col] = [26,36]

53

[row,col] = [26,34]

53

[row,col] = [26,32]

53

[row,col] = [26,30]

0

[row,col] = [26,28]

0

[row,col] = [26,26]

0

[row,col] = [26,24]

0

[row,col] = [26,22]

0

[row,col] = [26,20]

0

[row,col] = [26,18]

0

[row,col] = [26,16]

0

[row,col] = [26,14]

0

[row,col] = [26,12]

0

[row,col] = [26,10]

0

[row,col] = [26,08]

0

[row,col] = [26,06]

0

[row,col] = [26,04]

0

[row,col] = [26,02]

0

[row,col] = [24,48]

0

[row,col] = [24,46]

0

[row,col] = [24,44]

0

[row,col] = [24,42]

0

[row,col] = [24,40]

0

[row,col] = [24,38]

0

[row,col] = [24,36]

0

[row,col] = [24,34]

0

[row,col] = [24,32]

0

[row,col] = [24,30]

0

[row,col] = [24,28]

0

[row,col] = [24,26]

0

[row,col] = [24,24]

0

[row,col] = [24,22]

0

[row,col] = [24,20]

0

[row,col] = [24,18]

0

[row,col] = [24,16]

0

[row,col] = [24,14]

0

[row,col] = [24,12]

0

[row,col] = [24,10]

0

[row,col] = [24,08]

0

[row,col] = [24,06]

0

[row,col] = [24,04]

0

[row,col] = [24,02]

0

[row,col] = [22,48]

0

[row,col] = [22,46]

0

[row,col] = [22,44]

0

[row,col] = [22,42]

0

[row,col] = [22,40]

0

[row,col] = [22,38]

0

[row,col] = [22,36]

0

[row,col] = [22,34]

0

[row,col] = [22,32]

0

[row,col] = [22,30]

0

[row,col] = [22,28]

0

[row,col] = [22,26]

0

[row,col] = [22,24]

0

[row,col] = [22,22]

0

[row,col] = [22,20]

0

[row,col] = [22,18]

0

[row,col] = [22,16]

0

[row,col] = [22,14]

0

[row,col] = [22,12]

0

[row,col] = [22,10]

0

[row,col] = [22,08]

0

[row,col] = [22,06]

0

[row,col] = [22,04]

0

[row,col] = [22,02]

0

[row,col] = [20,48]

0

[row,col] = [20,46]

0

[row,col] = [20,44]

0

[row,col] = [20,42]

0

[row,col] = [20,40]

0

[row,col] = [20,38]

0

[row,col] = [20,36]

0

[row,col] = [20,34]

0

[row,col] = [20,32]

0

[row,col] = [20,30]

0

[row,col] = [20,28]

0

[row,col] = [20,26]

0

[row,col] = [20,24]

0

[row,col] = [20,22]

0

[row,col] = [20,20]

0

[row,col] = [20,18]

0

[row,col] = [20,16]

0

[row,col] = [20,14]

0

[row,col] = [20,12]

0

[row,col] = [20,10]

0

[row,col] = [20,08]

0

[row,col] = [20,06]

0

[row,col] = [20,04]

0

[row,col] = [20,02]

0

[row,col] = [18,48]

0

[row,col] = [18,46]

0

[row,col] = [18,44]

0

[row,col] = [18,42]

0

[row,col] = [18,40]

0

[row,col] = [18,38]

0

[row,col] = [18,36]

0

[row,col] = [18,34]

0

[row,col] = [18,32]

0

[row,col] = [18,30]

0

[row,col] = [18,28]

0

[row,col] = [18,26]

0

[row,col] = [18,24]

0

[row,col] = [18,22]

0

[row,col] = [18,20]

0

[row,col] = [18,18]

0

[row,col] = [18,16]

0

[row,col] = [18,14]

0

[row,col] = [18,12]

0

[row,col] = [18,10]

0

[row,col] = [18,08]

0

[row,col] = [18,06]

0

[row,col] = [18,04]

0

[row,col] = [18,02]

0

[row,col] = [16,48]

0

[row,col] = [16,46]

0

[row,col] = [16,44]

0

[row,col] = [16,42]

0

[row,col] = [16,40]

0

[row,col] = [16,38]

0

[row,col] = [16,36]

0

[row,col] = [16,34]

0

[row,col] = [16,32]

0

[row,col] = [16,30]

0

[row,col] = [16,28]

0

[row,col] = [16,26]

0

[row,col] = [16,24]

0

[row,col] = [16,22]

0

[row,col] = [16,20]

0

[row,col] = [16,18]

0

[row,col] = [16,16]

0

[row,col] = [16,14]

0

[row,col] = [16,12]

0

[row,col] = [16,10]

0

[row,col] = [16,08]

0

[row,col] = [16,06]

0

[row,col] = [16,04]

0

[row,col] = [16,02]

0

[row,col] = [14,48]

0

[row,col] = [14,46]

0

[row,col] = [14,44]

0

[row,col] = [14,42]

0

[row,col] = [14,40]

0

[row,col] = [14,38]

0

[row,col] = [14,36]

0

[row,col] = [14,34]

0

[row,col] = [14,32]

0

[row,col] = [14,30]

53

[row,col] = [14,28]

53

[row,col] = [14,26]

53

[row,col] = [14,24]

53

[row,col] = [14,22]

53

[row,col] = [14,20]

53

[row,col] = [14,18]

53

[row,col] = [14,16]

53

[row,col] = [14,14]

53

[row,col] = [14,12]

53

[row,col] = [14,10]

53

[row,col] = [14,08]

53

[row,col] = [14,06]

53

[row,col] = [14,04]

53

[row,col] = [14,02]

53

[row,col] = [12,48]

53

[row,col] = [12,46]

53

[row,col] = [12,44]

53

[row,col] = [12,42]

53

[row,col] = [12,40]

53

[row,col] = [12,38]

53

[row,col] = [12,36]

53

[row,col] = [12,34]

53

[row,col] = [12,32]

53

[row,col] = [12,30]

53

[row,col] = [12,28]

53

[row,col] = [12,26]

53

[row,col] = [12,24]

53

[row,col] = [12,22]

53

[row,col] = [12,20]

53

[row,col] = [12,18]

53

[row,col] = [12,16]

53

[row,col] = [12,14]

53

[row,col] = [12,12]

53

[row,col] = [12,10]

53

[row,col] = [12,08]

53

[row,col] = [12,06]

53

[row,col] = [12,04]

53

[row,col] = [12,02]

53

[row,col] = [10,48]

53

[row,col] = [10,46]

53

[row,col] = [10,44]

53

[row,col] = [10,42]

53

[row,col] = [10,40]

53

[row,col] = [10,38]

53

[row,col] = [10,36]

53

[row,col] = [10,34]

53

[row,col] = [10,32]

53

[row,col] = [10,30]

53

[row,col] = [10,28]

53

[row,col] = [10,26]

53

[row,col] = [10,24]

53

[row,col] = [10,22]

53

[row,col] = [10,20]

53

[row,col] = [10,18]

53

[row,col] = [10,16]

53

[row,col] = [10,14]

53

[row,col] = [10,12]

53

[row,col] = [10,10]

53

[row,col] = [10,08]

53

[row,col] = [10,06]

53

[row,col] = [10,04]

53

[row,col] = [10,02]

53

[row,col] = [08,48]

53

[row,col] = [08,46]

53

[row,col] = [08,44]

53

[row,col] = [08,42]

53

[row,col] = [08,40]

53

[row,col] = [08,38]

53

[row,col] = [08,36]

53

[row,col] = [08,34]

53

[row,col] = [08,32]

53

[row,col] = [08,30]

53

[row,col] = [08,28]

53

[row,col] = [08,26]

53

[row,col] = [08,24]

53

[row,col] = [08,22]

53

[row,col] = [08,20]

53

[row,col] = [08,18]

53

[row,col] = [08,16]

53

[row,col] = [08,14]

53

[row,col] = [08,12]

53

[row,col] = [08,10]

53

[row,col] = [08,08]

53

[row,col] = [08,06]

53

[row,col] = [08,04]

53

[row,col] = [08,02]

53

[row,col] = [06,48]

0

[row,col] = [06,46]

0

[row,col] = [06,44]

0

[row,col] = [06,42]

0

[row,col] = [06,40]

0

[row,col] = [06,38]

0

[row,col] = [06,36]

0

[row,col] = [06,34]

0

[row,col] = [06,32]

0

[row,col] = [06,30]

0

[row,col] = [06,28]

0

[row,col] = [06,26]

0

[row,col] = [06,24]

0

[row,col] = [06,22]

0

[row,col] = [06,20]

0

[row,col] = [06,18]

0

[row,col] = [06,16]

0

[row,col] = [06,14]

0

[row,col] = [06,12]

0

[row,col] = [06,10]

0

[row,col] = [06,08]

0

[row,col] = [06,06]

0

[row,col] = [06,04]

0

[row,col] = [06,02]

0

[row,col] = [04,48]

0

[row,col] = [04,46]

0

[row,col] = [04,44]

0

[row,col] = [04,42]

0

[row,col] = [04,40]

0

[row,col] = [04,38]

0

[row,col] = [04,36]

0

[row,col] = [04,34]

0

[row,col] = [04,32]

0

[row,col] = [04,30]

0

[row,col] = [04,28]

0

[row,col] = [04,26]

0

[row,col] = [04,24]

0

[row,col] = [04,22]

0

[row,col] = [04,20]

0

[row,col] = [04,18]

0

[row,col] = [04,16]

0

[row,col] = [04,14]

0

[row,col] = [04,12]

0

[row,col] = [04,10]

0

[row,col] = [04,08]

0

[row,col] = [04,06]

0

[row,col] = [04,04]

0

[row,col] = [04,02]

0

[row,col] = [02,48]

0

[row,col] = [02,46]

0

[row,col] = [02,44]

0

[row,col] = [02,42]

0

[row,col] = [02,40]

0

[row,col] = [02,38]

0

[row,col] = [02,36]

0

[row,col] = [02,34]

0

[row,col] = [02,32]

0

[row,col] = [02,30]

0

[row,col] = [02,28]

0

[row,col] = [02,26]

0

[row,col] = [02,24]

0

[row,col] = [02,22]

0

[row,col] = [02,20]

0

[row,col] = [02,18]

0

[row,col] = [02,16]

0

[row,col] = [02,14]

0

[row,col] = [02,12]

0

[row,col] = [02,10]

0

[row,col] = [02,08]

0

[row,col] = [02,06]

0

[row,col] = [02,04]

0

[row,col] = [02,02]

0
