Log(2024-07-28 21-53-00):
Runtime: 4.003899335861206
--------------------------------------------------------------------------------
I1 cache:         16384 B, 64 B, 4-way associative
D1 cache:         16384 B, 64 B, 4-way associative
LL cache:         262144 B, 64 B, 8-way associative
Command:          ./CSC_main
Data file:        cachegrind.out
Events recorded:  Ir I1mr ILmr Dr D1mr DLmr Dw D1mw DLmw
Events shown:     Ir I1mr ILmr Dr D1mr DLmr Dw D1mw DLmw
Event sort order: Ir I1mr ILmr Dr D1mr DLmr Dw D1mw DLmw
Thresholds:       0.1 100 100 100 100 100 100 100 100
Include dirs:     
User annotated:   
Auto-annotation:  off

--------------------------------------------------------------------------------
       Ir  I1mr  ILmr        Dr   D1mr  DLmr        Dw   D1mw DLmw 
--------------------------------------------------------------------------------
6,380,306 2,097 1,060 1,679,703 13,008 1,726 2,727,476 15,754  674  PROGRAM TOTALS

--------------------------------------------------------------------------------
       Ir I1mr ILmr      Dr  D1mr DLmr        Dw   D1mw DLmw  file:function
--------------------------------------------------------------------------------
2,740,992   17   16 559,104 5,393    2 1,942,272 11,122   94  ???:CSC_YCC_to_RGB_neon
1,259,850   64   47 330,170 2,201    8   194,011  2,214    2  ???:vfprintf
  345,616   12    4 207,360     0    0   184,304    344  158  ???:fputc
  296,495    4    2  95,483   104    1    81,620      8    0  ???:_IO_default_xsputn
  276,480    5    5  49,152     6    2    21,504    839    0  ???:strchrnul
  209,390    5    2  43,595   772    2    39,755      0    0  ???:_itoa_word
  153,056   17    4  65,518    26    1    55,775      0    0  ???:_IO_file_xsputn@@GLIBC_2.4
  129,018    3    3  73,726   143  127    46,078      0    0  ???:getc
  124,421   13   12  14,096   146    0     9,228    147  146  ???:main
  122,223  248   20  40,592   161   21        26      0    0  ???:???
  120,576   10   10  32,256   124    0    29,952     72   72  ???:CSC_RGB_to_YCC_neon
   82,160    3    2  11,362     1    1    11,362    509    0  ???:__memcpy_neon
   57,694   10   10  14,110   784  607        18      1    0  ???:_dl_addr
   50,264    7    5  11,242     3    3     1,560      1    1  ???:strlen
   45,336    4    4  16,900   103    1    10,756      9    0  ???:putchar
   36,864    3    2  18,432     3    1    12,288      0    0  ???:printf
   34,560    6    3  12,288   768    1     9,216    104    0  ???:vsprintf
   30,465   33   13  10,337   286  138     5,211      8    3  ???:do_lookup_x
   24,832    7    2   2,328   104    0    12,440      7    5  ???:_IO_old_init
   24,265    4    1   9,706     0    0     9,706    108    0  ???:mempcpy
   23,040  134    3   9,216     0    0     6,144      0    0  ???:read_int
   22,272    3    3   4,608     0    0     9,984      3    0  ???:_IO_str_init_static_internal
   19,987   56   56   5,503   493  425     2,654      7    0  ???:_dl_relocate_object
   17,029   30   10   4,953   125   93     2,641     12    0  ???:_dl_lookup_symbol_x
   16,896    2    1   6,912    82    1     5,376      1    0  ???:sprintf
   12,600    1    0   6,288     0    0     7,065      0    0  ???:_IO_setb
   11,175   29   11       0     0    0         0      0    0  ???:__udivsi3
   10,208    9    3   3,112     0    0     5,528     14    5  ???:_IO_no_init
   10,080  222    5   4,480   416    2     2,240      0    0  ???:_IO_padn
    8,704   26   13   1,898    14    3       612      3    2  ???:strcmp
    8,338    7    7   1,604    17   17        36      1    1  ???:__GI___tunables_init
    7,013    1    1       4     1    0         4      0    0  ???:CSC_YCC_to_RGB


Cachegrind Result: 

[row,col] = [64,48]

YCC TO RGB
R: 0 | G: 0 | B: 39

[row,col] = [64,46]

YCC TO RGB
R: 0 | G: 0 | B: 39

[row,col] = [64,44]

YCC TO RGB
R: 0 | G: 0 | B: 39

[row,col] = [64,42]

YCC TO RGB
R: 0 | G: 0 | B: 39

[row,col] = [64,40]

YCC TO RGB
R: 0 | G: 0 | B: 39

[row,col] = [64,38]

YCC TO RGB
R: 0 | G: 0 | B: 39

[row,col] = [64,36]

YCC TO RGB
R: 0 | G: 0 | B: 39

[row,col] = [64,34]

YCC TO RGB
R: 0 | G: 0 | B: 39

[row,col] = [64,32]

YCC TO RGB
R: 0 | G: 0 | B: 39

[row,col] = [64,30]

YCC TO RGB
R: 0 | G: 0 | B: 39

[row,col] = [64,28]

YCC TO RGB
R: 0 | G: 0 | B: 39

[row,col] = [64,26]

YCC TO RGB
R: 0 | G: 0 | B: 39

[row,col] = [64,24]

YCC TO RGB
R: 0 | G: 0 | B: 39

[row,col] = [64,22]

YCC TO RGB
R: 0 | G: 0 | B: 39

[row,col] = [64,20]

YCC TO RGB
R: 0 | G: 0 | B: 39

[row,col] = [64,18]

YCC TO RGB
R: 0 | G: 0 | B: 39

[row,col] = [64,16]

YCC TO RGB
R: 0 | G: 0 | B: 39

[row,col] = [64,14]

YCC TO RGB
R: 0 | G: 0 | B: 39

[row,col] = [64,12]

YCC TO RGB
R: 0 | G: 0 | B: 39

[row,col] = [64,10]

YCC TO RGB
R: 0 | G: 0 | B: 39

[row,col] = [64,08]

YCC TO RGB
R: 0 | G: 0 | B: 39

[row,col] = [64,06]

YCC TO RGB
R: 0 | G: 0 | B: 39

[row,col] = [64,04]

YCC TO RGB
R: 0 | G: 0 | B: 39

[row,col] = [64,02]

YCC TO RGB
R: 0 | G: 0 | B: 39

[row,col] = [62,48]

YCC TO RGB
R: 250 | G: 256 | B: 295

[row,col] = [62,46]

YCC TO RGB
R: 3421178 | G: 12697984 | B: 0

[row,col] = [62,44]

YCC TO RGB
R: 65786 | G: 65792 | B: 65831

[row,col] = [62,42]

YCC TO RGB
R: 65786 | G: 65792 | B: 65831

[row,col] = [62,40]

YCC TO RGB
R: 65786 | G: 65792 | B: 65831

[row,col] = [62,38]

YCC TO RGB
R: 65786 | G: 65792 | B: 65831

[row,col] = [62,36]

YCC TO RGB
R: 65786 | G: 65792 | B: 65831

[row,col] = [62,34]

YCC TO RGB
R: 65786 | G: 65792 | B: 65831

[row,col] = [62,32]

YCC TO RGB
R: 65786 | G: 65792 | B: 65831

[row,col] = [62,30]

YCC TO RGB
R: 65786 | G: 65792 | B: 65831

[row,col] = [62,28]

YCC TO RGB
R: 65786 | G: 65792 | B: 65831

[row,col] = [62,26]

YCC TO RGB
R: 65786 | G: 65792 | B: 65831

[row,col] = [62,24]

YCC TO RGB
R: 65786 | G: 65792 | B: 65831

[row,col] = [62,22]

YCC TO RGB
R: 65786 | G: 65792 | B: 65831

[row,col] = [62,20]

YCC TO RGB
R: 65786 | G: 65792 | B: 65831

[row,col] = [62,18]

YCC TO RGB
R: 65786 | G: 65792 | B: 65831

[row,col] = [62,16]

YCC TO RGB
R: 65786 | G: 65792 | B: 65831

[row,col] = [62,14]

YCC TO RGB
R: 65786 | G: 65792 | B: 65831

[row,col] = [62,12]

YCC TO RGB
R: 65786 | G: 65792 | B: 65831

[row,col] = [62,10]

YCC TO RGB
R: 65786 | G: 65792 | B: 65831

[row,col] = [62,08]

YCC TO RGB
R: 65786 | G: 65792 | B: 65831

[row,col] = [62,06]

YCC TO RGB
R: 65786 | G: 65792 | B: 65831

[row,col] = [62,04]

YCC TO RGB
R: 65786 | G: 65792 | B: 65831

[row,col] = [62,02]

YCC TO RGB
R: 65786 | G: 65792 | B: 65831

[row,col] = [60,48]

YCC TO RGB
R: 78842 | G: 82304 | B: 55975

[row,col] = [60,46]

YCC TO RGB
R: 3421178 | G: 12697984 | B: 0

[row,col] = [60,44]

YCC TO RGB
R: 3421178 | G: 12697984 | B: 0

[row,col] = [60,42]

YCC TO RGB
R: 3421178 | G: 12697984 | B: 0

[row,col] = [60,40]

YCC TO RGB
R: 3421178 | G: 12697984 | B: 0

[row,col] = [60,38]

YCC TO RGB
R: 3421178 | G: 12697984 | B: 0

[row,col] = [60,36]

YCC TO RGB
R: 3421178 | G: 12697984 | B: 0

[row,col] = [60,34]

YCC TO RGB
R: 3421178 | G: 12697984 | B: 0

[row,col] = [60,32]

YCC TO RGB
R: 3421178 | G: 12697984 | B: 0

[row,col] = [60,30]

YCC TO RGB
R: 3421178 | G: 12697984 | B: 0

[row,col] = [60,28]

YCC TO RGB
R: 3421178 | G: 12697984 | B: 0

[row,col] = [60,26]

YCC TO RGB
R: 3421178 | G: 12697984 | B: 0

[row,col] = [60,24]

YCC TO RGB
R: 3421178 | G: 12697984 | B: 0

[row,col] = [60,22]

YCC TO RGB
R: 3421178 | G: 12697984 | B: 0

[row,col] = [60,20]

YCC TO RGB
R: 3421178 | G: 12697984 | B: 0

[row,col] = [60,18]

YCC TO RGB
R: 3421178 | G: 12697984 | B: 0

[row,col] = [60,16]

YCC TO RGB
R: 3421178 | G: 12697984 | B: 0

[row,col] = [60,14]

YCC TO RGB
R: 3421178 | G: 12697984 | B: 0

[row,col] = [60,12]

YCC TO RGB
R: 3421178 | G: 12697984 | B: 0

[row,col] = [60,10]

YCC TO RGB
R: 3421178 | G: 12697984 | B: 0

[row,col] = [60,08]

YCC TO RGB
R: 3421178 | G: 12697984 | B: 0

[row,col] = [60,06]

YCC TO RGB
R: 3421178 | G: 12697984 | B: 0

[row,col] = [60,04]

YCC TO RGB
R: 3421178 | G: 12697984 | B: 0

[row,col] = [60,02]

YCC TO RGB
R: 3421178 | G: 12697984 | B: 0

[row,col] = [58,48]

YCC TO RGB
R: 3421178 | G: 12697984 | B: 0

[row,col] = [58,46]

YCC TO RGB
R: 3421178 | G: 12697984 | B: 0

[row,col] = [58,44]

YCC TO RGB
R: 3421178 | G: 12697984 | B: 0

[row,col] = [58,42]

YCC TO RGB
R: 3421178 | G: 12697984 | B: 0

[row,col] = [58,40]

YCC TO RGB
R: 3421178 | G: 12697984 | B: 0

[row,col] = [58,38]

YCC TO RGB
R: 3421178 | G: 12697984 | B: 0

[row,col] = [58,36]

YCC TO RGB
R: 3421178 | G: 12697984 | B: 0

[row,col] = [58,34]

YCC TO RGB
R: 3421178 | G: 12697984 | B: 0

[row,col] = [58,32]

YCC TO RGB
R: 3421178 | G: 12697984 | B: 0

[row,col] = [58,30]

YCC TO RGB
R: 3421178 | G: 12697984 | B: 0

[row,col] = [58,28]

YCC TO RGB
R: 3421178 | G: 12697984 | B: 0

[row,col] = [58,26]

YCC TO RGB
R: 3421178 | G: 12697984 | B: 0

[row,col] = [58,24]

YCC TO RGB
R: 3421178 | G: 12697984 | B: 0

[row,col] = [58,22]

YCC TO RGB
R: 3421178 | G: 12697984 | B: 0

[row,col] = [58,20]

YCC TO RGB
R: 3421178 | G: 12697984 | B: 0

[row,col] = [58,18]

YCC TO RGB
R: 3421178 | G: 12697984 | B: 0

[row,col] = [58,16]

YCC TO RGB
R: 3421178 | G: 12697984 | B: 0

[row,col] = [58,14]

YCC TO RGB
R: 3421178 | G: 12697984 | B: 0

[row,col] = [58,12]

YCC TO RGB
R: 3421178 | G: 12697984 | B: 0

[row,col] = [58,10]

YCC TO RGB
R: 3421178 | G: 12697984 | B: 0

[row,col] = [58,08]

YCC TO RGB
R: 3421178 | G: 12697984 | B: 0

[row,col] = [58,06]

YCC TO RGB
R: 3421178 | G: 12697984 | B: 0

[row,col] = [58,04]

YCC TO RGB
R: 3421178 | G: 12697984 | B: 0

[row,col] = [58,02]

YCC TO RGB
R: 3421178 | G: 12697984 | B: 0

[row,col] = [56,48]

YCC TO RGB
R: 3421178 | G: 12697984 | B: 0

[row,col] = [56,46]

YCC TO RGB
R: 3421178 | G: 12697984 | B: 0

[row,col] = [56,44]

YCC TO RGB
R: 3421178 | G: 12697984 | B: 0

[row,col] = [56,42]

YCC TO RGB
R: 3421178 | G: 12697984 | B: 0

[row,col] = [56,40]

YCC TO RGB
R: 3421178 | G: 12697984 | B: 0

[row,col] = [56,38]

YCC TO RGB
R: 3421178 | G: 12697984 | B: 0

[row,col] = [56,36]

YCC TO RGB
R: 3421178 | G: 12697984 | B: 0

[row,col] = [56,34]

YCC TO RGB
R: 3421178 | G: 12697984 | B: 0

[row,col] = [56,32]

YCC TO RGB
R: 3421178 | G: 12697984 | B: 0

[row,col] = [56,30]

YCC TO RGB
R: 3421178 | G: 12697984 | B: 0

[row,col] = [56,28]

YCC TO RGB
R: 3421178 | G: 12697984 | B: 0

[row,col] = [56,26]

YCC TO RGB
R: 3421178 | G: 12697984 | B: 0

[row,col] = [56,24]

YCC TO RGB
R: 3421178 | G: 12697984 | B: 0

[row,col] = [56,22]

YCC TO RGB
R: 3421178 | G: 12697984 | B: 0

[row,col] = [56,20]

YCC TO RGB
R: 3421178 | G: 12697984 | B: 0

[row,col] = [56,18]

YCC TO RGB
R: 3421178 | G: 12697984 | B: 0

[row,col] = [56,16]

YCC TO RGB
R: 3421178 | G: 12697984 | B: 0

[row,col] = [56,14]

YCC TO RGB
R: 3421178 | G: 12697984 | B: 0

[row,col] = [56,12]

YCC TO RGB
R: 3421178 | G: 12697984 | B: 0

[row,col] = [56,10]

YCC TO RGB
R: 3421178 | G: 12697984 | B: 0

[row,col] = [56,08]

YCC TO RGB
R: 3421178 | G: 12697984 | B: 0

[row,col] = [56,06]

YCC TO RGB
R: 3421178 | G: 12697984 | B: 0

[row,col] = [56,04]

YCC TO RGB
R: 3421178 | G: 12697984 | B: 0

[row,col] = [56,02]

YCC TO RGB
R: 3421178 | G: 12697984 | B: 0

[row,col] = [54,48]

YCC TO RGB
R: 3421178 | G: 12697984 | B: 0

[row,col] = [54,46]

YCC TO RGB
R: 3421178 | G: 12697984 | B: 0

[row,col] = [54,44]

YCC TO RGB
R: 3421178 | G: 12697984 | B: 0

[row,col] = [54,42]

YCC TO RGB
R: 3421178 | G: 12697984 | B: 0

[row,col] = [54,40]

YCC TO RGB
R: 3421178 | G: 12697984 | B: 0

[row,col] = [54,38]

YCC TO RGB
R: 3421178 | G: 12697984 | B: 0

[row,col] = [54,36]

YCC TO RGB
R: 3421178 | G: 12697984 | B: 0

[row,col] = [54,34]

YCC TO RGB
R: 3421178 | G: 12697984 | B: 0

[row,col] = [54,32]

YCC TO RGB
R: 3421178 | G: 12697984 | B: 0

[row,col] = [54,30]

YCC TO RGB
R: 3424695 | G: 12701502 | B: 0

[row,col] = [54,28]

YCC TO RGB
R: 3424695 | G: 12701502 | B: 0

[row,col] = [54,26]

YCC TO RGB
R: 3424695 | G: 12701502 | B: 0

[row,col] = [54,24]

YCC TO RGB
R: 3424695 | G: 12701502 | B: 0

[row,col] = [54,22]

YCC TO RGB
R: 3424695 | G: 12701502 | B: 0

[row,col] = [54,20]

YCC TO RGB
R: 3424695 | G: 12701502 | B: 0

[row,col] = [54,18]

YCC TO RGB
R: 3424695 | G: 12701502 | B: 0

[row,col] = [54,16]

YCC TO RGB
R: 3424695 | G: 12701502 | B: 0

[row,col] = [54,14]

YCC TO RGB
R: 3424695 | G: 12701502 | B: 0

[row,col] = [54,12]

YCC TO RGB
R: 3424695 | G: 12701502 | B: 0

[row,col] = [54,10]

YCC TO RGB
R: 3424695 | G: 12701502 | B: 0

[row,col] = [54,08]

YCC TO RGB
R: 3424695 | G: 12701502 | B: 0

[row,col] = [54,06]

YCC TO RGB
R: 3424695 | G: 12701502 | B: 0

[row,col] = [54,04]

YCC TO RGB
R: 3424695 | G: 12701502 | B: 0

[row,col] = [54,02]

YCC TO RGB
R: 3424695 | G: 12701502 | B: 0

[row,col] = [52,48]

YCC TO RGB
R: 15856055 | G: 16777215 | B: 1579108

[row,col] = [52,46]

YCC TO RGB
R: 15856055 | G: 16777215 | B: 1579108

[row,col] = [52,44]

YCC TO RGB
R: 15856055 | G: 16777215 | B: 1579108

[row,col] = [52,42]

YCC TO RGB
R: 15856055 | G: 16777215 | B: 1579108

[row,col] = [52,40]

YCC TO RGB
R: 15856055 | G: 16777215 | B: 1579108

[row,col] = [52,38]

YCC TO RGB
R: 15856055 | G: 16777215 | B: 1579108

[row,col] = [52,36]

YCC TO RGB
R: 15856055 | G: 16777215 | B: 1579108

[row,col] = [52,34]

YCC TO RGB
R: 15856055 | G: 16777215 | B: 1579108

[row,col] = [52,32]

YCC TO RGB
R: 15856055 | G: 16777215 | B: 1579108

[row,col] = [52,30]

YCC TO RGB
R: 15856055 | G: 16777215 | B: 1579108

[row,col] = [52,28]

YCC TO RGB
R: 15856055 | G: 16777215 | B: 1579108

[row,col] = [52,26]

YCC TO RGB
R: 15856055 | G: 16777215 | B: 1579108

[row,col] = [52,24]

YCC TO RGB
R: 15856055 | G: 16777215 | B: 1579108

[row,col] = [52,22]

YCC TO RGB
R: 15856055 | G: 16777215 | B: 1579108

[row,col] = [52,20]

YCC TO RGB
R: 15856055 | G: 16777215 | B: 1579108

[row,col] = [52,18]

YCC TO RGB
R: 15856055 | G: 16777215 | B: 1579108

[row,col] = [52,16]

YCC TO RGB
R: 15856055 | G: 16777215 | B: 1579108

[row,col] = [52,14]

YCC TO RGB
R: 15856055 | G: 16777215 | B: 1579108

[row,col] = [52,12]

YCC TO RGB
R: 15856055 | G: 16777215 | B: 1579108

[row,col] = [52,10]

YCC TO RGB
R: 15856055 | G: 16777215 | B: 1579108

[row,col] = [52,08]

YCC TO RGB
R: 15856055 | G: 16777215 | B: 1579108

[row,col] = [52,06]

YCC TO RGB
R: 15856055 | G: 16777215 | B: 1579108

[row,col] = [52,04]

YCC TO RGB
R: 15856055 | G: 16777215 | B: 1579108

[row,col] = [52,02]

YCC TO RGB
R: 15856055 | G: 16777215 | B: 1579108

[row,col] = [50,48]

YCC TO RGB
R: 15856055 | G: 16777215 | B: 1579108

[row,col] = [50,46]

YCC TO RGB
R: 15856055 | G: 16777215 | B: 1579108

[row,col] = [50,44]

YCC TO RGB
R: 15856055 | G: 16777215 | B: 1579108

[row,col] = [50,42]

YCC TO RGB
R: 15856055 | G: 16777215 | B: 1579108

[row,col] = [50,40]

YCC TO RGB
R: 15856055 | G: 16777215 | B: 1579108

[row,col] = [50,38]

YCC TO RGB
R: 15856055 | G: 16777215 | B: 1579108

[row,col] = [50,36]

YCC TO RGB
R: 15856055 | G: 16777215 | B: 1579108

[row,col] = [50,34]

YCC TO RGB
R: 15856055 | G: 16777215 | B: 1579108

[row,col] = [50,32]

YCC TO RGB
R: 15856055 | G: 16777215 | B: 1579108

[row,col] = [50,30]

YCC TO RGB
R: 15856055 | G: 16777215 | B: 1579108

[row,col] = [50,28]

YCC TO RGB
R: 15856055 | G: 16777215 | B: 1579108

[row,col] = [50,26]

YCC TO RGB
R: 15856055 | G: 16777215 | B: 1579108

[row,col] = [50,24]

YCC TO RGB
R: 15856055 | G: 16777215 | B: 1579108

[row,col] = [50,22]

YCC TO RGB
R: 15856055 | G: 16777215 | B: 1579108

[row,col] = [50,20]

YCC TO RGB
R: 15856055 | G: 16777215 | B: 1579108

[row,col] = [50,18]

YCC TO RGB
R: 15856055 | G: 16777215 | B: 1579108

[row,col] = [50,16]

YCC TO RGB
R: 15856055 | G: 16777215 | B: 1579108

[row,col] = [50,14]

YCC TO RGB
R: 15856055 | G: 16777215 | B: 1579108

[row,col] = [50,12]

YCC TO RGB
R: 15856055 | G: 16777215 | B: 1579108

[row,col] = [50,10]

YCC TO RGB
R: 15856055 | G: 16777215 | B: 1579108

[row,col] = [50,08]

YCC TO RGB
R: 15856055 | G: 16777215 | B: 1579108

[row,col] = [50,06]

YCC TO RGB
R: 15856055 | G: 16777215 | B: 1579108

[row,col] = [50,04]

YCC TO RGB
R: 15856055 | G: 16777215 | B: 1579108

[row,col] = [50,02]

YCC TO RGB
R: 15856055 | G: 16777215 | B: 1579108

[row,col] = [48,48]

YCC TO RGB
R: 15856055 | G: 16777215 | B: 1579108

[row,col] = [48,46]

YCC TO RGB
R: 15856055 | G: 16777215 | B: 1579108

[row,col] = [48,44]

YCC TO RGB
R: 15856055 | G: 16777215 | B: 1579108

[row,col] = [48,42]

YCC TO RGB
R: 15856055 | G: 16777215 | B: 1579108

[row,col] = [48,40]

YCC TO RGB
R: 15856055 | G: 16777215 | B: 1579108

[row,col] = [48,38]

YCC TO RGB
R: 15856055 | G: 16777215 | B: 1579108

[row,col] = [48,36]

YCC TO RGB
R: 15856055 | G: 16777215 | B: 1579108

[row,col] = [48,34]

YCC TO RGB
R: 15856055 | G: 16777215 | B: 1579108

[row,col] = [48,32]

YCC TO RGB
R: 15856055 | G: 16777215 | B: 1579108

[row,col] = [48,30]

YCC TO RGB
R: 15856055 | G: 16777215 | B: 1579108

[row,col] = [48,28]

YCC TO RGB
R: 15856055 | G: 16777215 | B: 1579108

[row,col] = [48,26]

YCC TO RGB
R: 15856055 | G: 16777215 | B: 1579108

[row,col] = [48,24]

YCC TO RGB
R: 15856055 | G: 16777215 | B: 1579108

[row,col] = [48,22]

YCC TO RGB
R: 15856055 | G: 16777215 | B: 1579108

[row,col] = [48,20]

YCC TO RGB
R: 15856055 | G: 16777215 | B: 1579108

[row,col] = [48,18]

YCC TO RGB
R: 15856055 | G: 16777215 | B: 1579108

[row,col] = [48,16]

YCC TO RGB
R: 15856055 | G: 16777215 | B: 1579108

[row,col] = [48,14]

YCC TO RGB
R: 15856055 | G: 16777215 | B: 1579108

[row,col] = [48,12]

YCC TO RGB
R: 15856055 | G: 16777215 | B: 1579108

[row,col] = [48,10]

YCC TO RGB
R: 15856055 | G: 16777215 | B: 1579108

[row,col] = [48,08]

YCC TO RGB
R: 15856055 | G: 16777215 | B: 1579108

[row,col] = [48,06]

YCC TO RGB
R: 15856055 | G: 16777215 | B: 1579108

[row,col] = [48,04]

YCC TO RGB
R: 15856055 | G: 16777215 | B: 1579108

[row,col] = [48,02]

YCC TO RGB
R: 15856055 | G: 16777215 | B: 1579108

[row,col] = [46,48]

YCC TO RGB
R: 15851096 | G: 16777215 | B: 1574121

[row,col] = [46,46]

YCC TO RGB
R: 16777210 | G: 16513978 | B: 0

[row,col] = [46,44]

YCC TO RGB
R: 16777210 | G: 16513978 | B: 0

[row,col] = [46,42]

YCC TO RGB
R: 16777210 | G: 16513978 | B: 0

[row,col] = [46,40]

YCC TO RGB
R: 16777210 | G: 16513978 | B: 0

[row,col] = [46,38]

YCC TO RGB
R: 16777210 | G: 16513978 | B: 0

[row,col] = [46,36]

YCC TO RGB
R: 16777210 | G: 16513978 | B: 0

[row,col] = [46,34]

YCC TO RGB
R: 16777210 | G: 16513978 | B: 0

[row,col] = [46,32]

YCC TO RGB
R: 16777210 | G: 16513978 | B: 0

[row,col] = [46,30]

YCC TO RGB
R: 16777210 | G: 16513978 | B: 0

[row,col] = [46,28]

YCC TO RGB
R: 16777210 | G: 16513978 | B: 0

[row,col] = [46,26]

YCC TO RGB
R: 16777210 | G: 16513978 | B: 0

[row,col] = [46,24]

YCC TO RGB
R: 16777210 | G: 16513978 | B: 0

[row,col] = [46,22]

YCC TO RGB
R: 16777210 | G: 16513978 | B: 0

[row,col] = [46,20]

YCC TO RGB
R: 16777210 | G: 16513978 | B: 0

[row,col] = [46,18]

YCC TO RGB
R: 16777210 | G: 16513978 | B: 0

[row,col] = [46,16]

YCC TO RGB
R: 16777210 | G: 16513978 | B: 0

[row,col] = [46,14]

YCC TO RGB
R: 16777210 | G: 16513978 | B: 0

[row,col] = [46,12]

YCC TO RGB
R: 16777210 | G: 16513978 | B: 0

[row,col] = [46,10]

YCC TO RGB
R: 16777210 | G: 16513978 | B: 0

[row,col] = [46,08]

YCC TO RGB
R: 16777210 | G: 16513978 | B: 0

[row,col] = [46,06]

YCC TO RGB
R: 16777210 | G: 16513978 | B: 0

[row,col] = [46,04]

YCC TO RGB
R: 16777210 | G: 16513978 | B: 0

[row,col] = [46,02]

YCC TO RGB
R: 16777210 | G: 16513978 | B: 0

[row,col] = [44,48]

YCC TO RGB
R: 16777210 | G: 16513978 | B: 0

[row,col] = [44,46]

YCC TO RGB
R: 16777210 | G: 16513978 | B: 0

[row,col] = [44,44]

YCC TO RGB
R: 16777210 | G: 16513978 | B: 0

[row,col] = [44,42]

YCC TO RGB
R: 16777210 | G: 16513978 | B: 0

[row,col] = [44,40]

YCC TO RGB
R: 16777210 | G: 16513978 | B: 0

[row,col] = [44,38]

YCC TO RGB
R: 16777210 | G: 16513978 | B: 0

[row,col] = [44,36]

YCC TO RGB
R: 16777210 | G: 16513978 | B: 0

[row,col] = [44,34]

YCC TO RGB
R: 16777210 | G: 16513978 | B: 0

[row,col] = [44,32]

YCC TO RGB
R: 16777210 | G: 16513978 | B: 0

[row,col] = [44,30]

YCC TO RGB
R: 16777210 | G: 16513978 | B: 0

[row,col] = [44,28]

YCC TO RGB
R: 16777210 | G: 16513978 | B: 0

[row,col] = [44,26]

YCC TO RGB
R: 16777210 | G: 16513978 | B: 0

[row,col] = [44,24]

YCC TO RGB
R: 16777210 | G: 16513978 | B: 0

[row,col] = [44,22]

YCC TO RGB
R: 16777210 | G: 16513978 | B: 0

[row,col] = [44,20]

YCC TO RGB
R: 16777210 | G: 16513978 | B: 0

[row,col] = [44,18]

YCC TO RGB
R: 16777210 | G: 16513978 | B: 0

[row,col] = [44,16]

YCC TO RGB
R: 16777210 | G: 16513978 | B: 0

[row,col] = [44,14]

YCC TO RGB
R: 16777210 | G: 16513978 | B: 0

[row,col] = [44,12]

YCC TO RGB
R: 16777210 | G: 16513978 | B: 0

[row,col] = [44,10]

YCC TO RGB
R: 16777210 | G: 16513978 | B: 0

[row,col] = [44,08]

YCC TO RGB
R: 16777210 | G: 16513978 | B: 0

[row,col] = [44,06]

YCC TO RGB
R: 16777210 | G: 16513978 | B: 0

[row,col] = [44,04]

YCC TO RGB
R: 16777210 | G: 16513978 | B: 0

[row,col] = [44,02]

YCC TO RGB
R: 16777210 | G: 16513978 | B: 0

[row,col] = [42,48]

YCC TO RGB
R: 16777210 | G: 16513978 | B: 0

[row,col] = [42,46]

YCC TO RGB
R: 16777210 | G: 16513978 | B: 0

[row,col] = [42,44]

YCC TO RGB
R: 16777210 | G: 16513978 | B: 0

[row,col] = [42,42]

YCC TO RGB
R: 16777210 | G: 16513978 | B: 0

[row,col] = [42,40]

YCC TO RGB
R: 16777210 | G: 16513978 | B: 0

[row,col] = [42,38]

YCC TO RGB
R: 16777210 | G: 16513978 | B: 0

[row,col] = [42,36]

YCC TO RGB
R: 16777210 | G: 16513978 | B: 0

[row,col] = [42,34]

YCC TO RGB
R: 16777210 | G: 16513978 | B: 0

[row,col] = [42,32]

YCC TO RGB
R: 16777210 | G: 16513978 | B: 0

[row,col] = [42,30]

YCC TO RGB
R: 16777210 | G: 16513978 | B: 0

[row,col] = [42,28]

YCC TO RGB
R: 16777210 | G: 16513978 | B: 0

[row,col] = [42,26]

YCC TO RGB
R: 16777210 | G: 16513978 | B: 0

[row,col] = [42,24]

YCC TO RGB
R: 16777210 | G: 16513978 | B: 0

[row,col] = [42,22]

YCC TO RGB
R: 16777210 | G: 16513978 | B: 0

[row,col] = [42,20]

YCC TO RGB
R: 16777210 | G: 16513978 | B: 0

[row,col] = [42,18]

YCC TO RGB
R: 16777210 | G: 16513978 | B: 0

[row,col] = [42,16]

YCC TO RGB
R: 16777210 | G: 16513978 | B: 0

[row,col] = [42,14]

YCC TO RGB
R: 16777210 | G: 16513978 | B: 0

[row,col] = [42,12]

YCC TO RGB
R: 16777210 | G: 16513978 | B: 0

[row,col] = [42,10]

YCC TO RGB
R: 16777210 | G: 16513978 | B: 0

[row,col] = [42,08]

YCC TO RGB
R: 16777210 | G: 16513978 | B: 0

[row,col] = [42,06]

YCC TO RGB
R: 16777210 | G: 16513978 | B: 0

[row,col] = [42,04]

YCC TO RGB
R: 16777210 | G: 16513978 | B: 0

[row,col] = [42,02]

YCC TO RGB
R: 16777210 | G: 16513978 | B: 0

[row,col] = [40,48]

YCC TO RGB
R: 16777210 | G: 16513978 | B: 0

[row,col] = [40,46]

YCC TO RGB
R: 16777210 | G: 16513978 | B: 0

[row,col] = [40,44]

YCC TO RGB
R: 16777210 | G: 16513978 | B: 0

[row,col] = [40,42]

YCC TO RGB
R: 16777210 | G: 16513978 | B: 0

[row,col] = [40,40]

YCC TO RGB
R: 16777210 | G: 16513978 | B: 0

[row,col] = [40,38]

YCC TO RGB
R: 16777210 | G: 16513978 | B: 0

[row,col] = [40,36]

YCC TO RGB
R: 16777210 | G: 16513978 | B: 0

[row,col] = [40,34]

YCC TO RGB
R: 16777210 | G: 16513978 | B: 0

[row,col] = [40,32]

YCC TO RGB
R: 16777210 | G: 16513978 | B: 0

[row,col] = [40,30]

YCC TO RGB
R: 16777210 | G: 16513978 | B: 0

[row,col] = [40,28]

YCC TO RGB
R: 16777210 | G: 16513978 | B: 0

[row,col] = [40,26]

YCC TO RGB
R: 16777210 | G: 16513978 | B: 0

[row,col] = [40,24]

YCC TO RGB
R: 16777210 | G: 16513978 | B: 0

[row,col] = [40,22]

YCC TO RGB
R: 16777210 | G: 16513978 | B: 0

[row,col] = [40,20]

YCC TO RGB
R: 16777210 | G: 16513978 | B: 0

[row,col] = [40,18]

YCC TO RGB
R: 16777210 | G: 16513978 | B: 0

[row,col] = [40,16]

YCC TO RGB
R: 16777210 | G: 16513978 | B: 0

[row,col] = [40,14]

YCC TO RGB
R: 16777210 | G: 16513978 | B: 0

[row,col] = [40,12]

YCC TO RGB
R: 16777210 | G: 16513978 | B: 0

[row,col] = [40,10]

YCC TO RGB
R: 16777210 | G: 16513978 | B: 0

[row,col] = [40,08]

YCC TO RGB
R: 16777210 | G: 16513978 | B: 0

[row,col] = [40,06]

YCC TO RGB
R: 16777210 | G: 16513978 | B: 0

[row,col] = [40,04]

YCC TO RGB
R: 16777210 | G: 16513978 | B: 0

[row,col] = [40,02]

YCC TO RGB
R: 16777210 | G: 16513978 | B: 0

[row,col] = [38,48]

YCC TO RGB
R: 16777210 | G: 16513978 | B: 0

[row,col] = [38,46]

YCC TO RGB
R: 16777210 | G: 16513978 | B: 0

[row,col] = [38,44]

YCC TO RGB
R: 16777210 | G: 16513978 | B: 0

[row,col] = [38,42]

YCC TO RGB
R: 16777210 | G: 16513978 | B: 0

[row,col] = [38,40]

YCC TO RGB
R: 16777210 | G: 16513978 | B: 0

[row,col] = [38,38]

YCC TO RGB
R: 16777210 | G: 16513978 | B: 0

[row,col] = [38,36]

YCC TO RGB
R: 16777210 | G: 16513978 | B: 0

[row,col] = [38,34]

YCC TO RGB
R: 16777210 | G: 16513978 | B: 0

[row,col] = [38,32]

YCC TO RGB
R: 16777210 | G: 16513978 | B: 0

[row,col] = [38,30]

YCC TO RGB
R: 16777210 | G: 16513978 | B: 0

[row,col] = [38,28]

YCC TO RGB
R: 16777210 | G: 16513978 | B: 0

[row,col] = [38,26]

YCC TO RGB
R: 16777210 | G: 16513978 | B: 0

[row,col] = [38,24]

YCC TO RGB
R: 16777210 | G: 16513978 | B: 0

[row,col] = [38,22]

YCC TO RGB
R: 16777210 | G: 16513978 | B: 0

[row,col] = [38,20]

YCC TO RGB
R: 16777210 | G: 16513978 | B: 0

[row,col] = [38,18]

YCC TO RGB
R: 16777210 | G: 16513978 | B: 0

[row,col] = [38,16]

YCC TO RGB
R: 16777210 | G: 16513978 | B: 0

[row,col] = [38,14]

YCC TO RGB
R: 16777210 | G: 16513978 | B: 0

[row,col] = [38,12]

YCC TO RGB
R: 16777210 | G: 16513978 | B: 0

[row,col] = [38,10]

YCC TO RGB
R: 16777210 | G: 16513978 | B: 0

[row,col] = [38,08]

YCC TO RGB
R: 16777210 | G: 16513978 | B: 0

[row,col] = [38,06]

YCC TO RGB
R: 16777210 | G: 16513978 | B: 0

[row,col] = [38,04]

YCC TO RGB
R: 16777210 | G: 16513978 | B: 0

[row,col] = [38,02]

YCC TO RGB
R: 16777210 | G: 16513978 | B: 0

[row,col] = [36,48]

YCC TO RGB
R: 16777210 | G: 16513978 | B: 0

[row,col] = [36,46]

YCC TO RGB
R: 16777210 | G: 16513978 | B: 0

[row,col] = [36,44]

YCC TO RGB
R: 16777210 | G: 16513978 | B: 0

[row,col] = [36,42]

YCC TO RGB
R: 16777210 | G: 16513978 | B: 0

[row,col] = [36,40]

YCC TO RGB
R: 16777210 | G: 16513978 | B: 0

[row,col] = [36,38]

YCC TO RGB
R: 16777210 | G: 16513978 | B: 0

[row,col] = [36,36]

YCC TO RGB
R: 16777210 | G: 16513978 | B: 0

[row,col] = [36,34]

YCC TO RGB
R: 16777210 | G: 16513978 | B: 0

[row,col] = [36,32]

YCC TO RGB
R: 16777210 | G: 16513978 | B: 0

[row,col] = [36,30]

YCC TO RGB
R: 16777210 | G: 16513978 | B: 0

[row,col] = [36,28]

YCC TO RGB
R: 16777210 | G: 16513978 | B: 0

[row,col] = [36,26]

YCC TO RGB
R: 16777210 | G: 16513978 | B: 0

[row,col] = [36,24]

YCC TO RGB
R: 16777210 | G: 16513978 | B: 0

[row,col] = [36,22]

YCC TO RGB
R: 16777210 | G: 16513978 | B: 0

[row,col] = [36,20]

YCC TO RGB
R: 16777210 | G: 16513978 | B: 0

[row,col] = [36,18]

YCC TO RGB
R: 16777210 | G: 16513978 | B: 0

[row,col] = [36,16]

YCC TO RGB
R: 16777210 | G: 16513978 | B: 0

[row,col] = [36,14]

YCC TO RGB
R: 16777210 | G: 16513978 | B: 0

[row,col] = [36,12]

YCC TO RGB
R: 16777210 | G: 16513978 | B: 0

[row,col] = [36,10]

YCC TO RGB
R: 16777210 | G: 16513978 | B: 0

[row,col] = [36,08]

YCC TO RGB
R: 16777210 | G: 16513978 | B: 0

[row,col] = [36,06]

YCC TO RGB
R: 16777210 | G: 16513978 | B: 0

[row,col] = [36,04]

YCC TO RGB
R: 16777210 | G: 16513978 | B: 0

[row,col] = [36,02]

YCC TO RGB
R: 16777210 | G: 16513978 | B: 0

[row,col] = [34,48]

YCC TO RGB
R: 9610679 | G: 16502590 | B: 0

[row,col] = [34,46]

YCC TO RGB
R: 15856055 | G: 16777215 | B: 1579108

[row,col] = [34,44]

YCC TO RGB
R: 15856055 | G: 16777215 | B: 1579108

[row,col] = [34,42]

YCC TO RGB
R: 15856055 | G: 16777215 | B: 1579108

[row,col] = [34,40]

YCC TO RGB
R: 15856055 | G: 16777215 | B: 1579108

[row,col] = [34,38]

YCC TO RGB
R: 15856055 | G: 16777215 | B: 1579108

[row,col] = [34,36]

YCC TO RGB
R: 15856055 | G: 16777215 | B: 1579108

[row,col] = [34,34]

YCC TO RGB
R: 15856055 | G: 16777215 | B: 1579108

[row,col] = [34,32]

YCC TO RGB
R: 15856055 | G: 16777215 | B: 1579108

[row,col] = [34,30]

YCC TO RGB
R: 15856055 | G: 16777215 | B: 1579108

[row,col] = [34,28]

YCC TO RGB
R: 15856055 | G: 16777215 | B: 1579108

[row,col] = [34,26]

YCC TO RGB
R: 15856055 | G: 16777215 | B: 1579108

[row,col] = [34,24]

YCC TO RGB
R: 15856055 | G: 16777215 | B: 1579108

[row,col] = [34,22]

YCC TO RGB
R: 15856055 | G: 16777215 | B: 1579108

[row,col] = [34,20]

YCC TO RGB
R: 15856055 | G: 16777215 | B: 1579108

[row,col] = [34,18]

YCC TO RGB
R: 15856055 | G: 16777215 | B: 1579108

[row,col] = [34,16]

YCC TO RGB
R: 15856055 | G: 16777215 | B: 1579108

[row,col] = [34,14]

YCC TO RGB
R: 15856055 | G: 16777215 | B: 1579108

[row,col] = [34,12]

YCC TO RGB
R: 15856055 | G: 16777215 | B: 1579108

[row,col] = [34,10]

YCC TO RGB
R: 15856055 | G: 16777215 | B: 1579108

[row,col] = [34,08]

YCC TO RGB
R: 15856055 | G: 16777215 | B: 1579108

[row,col] = [34,06]

YCC TO RGB
R: 15856055 | G: 16777215 | B: 1579108

[row,col] = [34,04]

YCC TO RGB
R: 15856055 | G: 16777215 | B: 1579108

[row,col] = [34,02]

YCC TO RGB
R: 15856055 | G: 16777215 | B: 1579108

[row,col] = [32,48]

YCC TO RGB
R: 15856055 | G: 16777215 | B: 1579108

[row,col] = [32,46]

YCC TO RGB
R: 15856055 | G: 16777215 | B: 1579108

[row,col] = [32,44]

YCC TO RGB
R: 15856055 | G: 16777215 | B: 1579108

[row,col] = [32,42]

YCC TO RGB
R: 15856055 | G: 16777215 | B: 1579108

[row,col] = [32,40]

YCC TO RGB
R: 15856055 | G: 16777215 | B: 1579108

[row,col] = [32,38]

YCC TO RGB
R: 15856055 | G: 16777215 | B: 1579108

[row,col] = [32,36]

YCC TO RGB
R: 15856055 | G: 16777215 | B: 1579108

[row,col] = [32,34]

YCC TO RGB
R: 15856055 | G: 16777215 | B: 1579108

[row,col] = [32,32]

YCC TO RGB
R: 15856055 | G: 16777215 | B: 1579108

[row,col] = [32,30]

YCC TO RGB
R: 15856055 | G: 16777215 | B: 1579108

[row,col] = [32,28]

YCC TO RGB
R: 15856055 | G: 16777215 | B: 1579108

[row,col] = [32,26]

YCC TO RGB
R: 15856055 | G: 16777215 | B: 1579108

[row,col] = [32,24]

YCC TO RGB
R: 15856055 | G: 16777215 | B: 1579108

[row,col] = [32,22]

YCC TO RGB
R: 15856055 | G: 16777215 | B: 1579108

[row,col] = [32,20]

YCC TO RGB
R: 15856055 | G: 16777215 | B: 1579108

[row,col] = [32,18]

YCC TO RGB
R: 15856055 | G: 16777215 | B: 1579108

[row,col] = [32,16]

YCC TO RGB
R: 15856055 | G: 16777215 | B: 1579108

[row,col] = [32,14]

YCC TO RGB
R: 15856055 | G: 16777215 | B: 1579108

[row,col] = [32,12]

YCC TO RGB
R: 15856055 | G: 16777215 | B: 1579108

[row,col] = [32,10]

YCC TO RGB
R: 15856055 | G: 16777215 | B: 1579108

[row,col] = [32,08]

YCC TO RGB
R: 15856055 | G: 16777215 | B: 1579108

[row,col] = [32,06]

YCC TO RGB
R: 15856055 | G: 16777215 | B: 1579108

[row,col] = [32,04]

YCC TO RGB
R: 15856055 | G: 16777215 | B: 1579108

[row,col] = [32,02]

YCC TO RGB
R: 15856055 | G: 16777215 | B: 1579108

[row,col] = [30,48]

YCC TO RGB
R: 15856055 | G: 16777215 | B: 1579108

[row,col] = [30,46]

YCC TO RGB
R: 15856055 | G: 16777215 | B: 1579108

[row,col] = [30,44]

YCC TO RGB
R: 15856055 | G: 16777215 | B: 1579108

[row,col] = [30,42]

YCC TO RGB
R: 15856055 | G: 16777215 | B: 1579108

[row,col] = [30,40]

YCC TO RGB
R: 15856055 | G: 16777215 | B: 1579108

[row,col] = [30,38]

YCC TO RGB
R: 15856055 | G: 16777215 | B: 1579108

[row,col] = [30,36]

YCC TO RGB
R: 15856055 | G: 16777215 | B: 1579108

[row,col] = [30,34]

YCC TO RGB
R: 15856055 | G: 16777215 | B: 1579108

[row,col] = [30,32]

YCC TO RGB
R: 15856055 | G: 16777215 | B: 1579108

[row,col] = [30,30]

YCC TO RGB
R: 15856055 | G: 16777215 | B: 1579108

[row,col] = [30,28]

YCC TO RGB
R: 15856055 | G: 16777215 | B: 1579108

[row,col] = [30,26]

YCC TO RGB
R: 15856055 | G: 16777215 | B: 1579108

[row,col] = [30,24]

YCC TO RGB
R: 15856055 | G: 16777215 | B: 1579108

[row,col] = [30,22]

YCC TO RGB
R: 15856055 | G: 16777215 | B: 1579108

[row,col] = [30,20]

YCC TO RGB
R: 15856055 | G: 16777215 | B: 1579108

[row,col] = [30,18]

YCC TO RGB
R: 15856055 | G: 16777215 | B: 1579108

[row,col] = [30,16]

YCC TO RGB
R: 15856055 | G: 16777215 | B: 1579108

[row,col] = [30,14]

YCC TO RGB
R: 15856055 | G: 16777215 | B: 1579108

[row,col] = [30,12]

YCC TO RGB
R: 15856055 | G: 16777215 | B: 1579108

[row,col] = [30,10]

YCC TO RGB
R: 15856055 | G: 16777215 | B: 1579108

[row,col] = [30,08]

YCC TO RGB
R: 15856055 | G: 16777215 | B: 1579108

[row,col] = [30,06]

YCC TO RGB
R: 15856055 | G: 16777215 | B: 1579108

[row,col] = [30,04]

YCC TO RGB
R: 15856055 | G: 16777215 | B: 1579108

[row,col] = [30,02]

YCC TO RGB
R: 15856055 | G: 16777215 | B: 1579108

[row,col] = [28,48]

YCC TO RGB
R: 15856055 | G: 16777215 | B: 1579108

[row,col] = [28,46]

YCC TO RGB
R: 15856055 | G: 16777215 | B: 1579108

[row,col] = [28,44]

YCC TO RGB
R: 15856055 | G: 16777215 | B: 1579108

[row,col] = [28,42]

YCC TO RGB
R: 15856055 | G: 16777215 | B: 1579108

[row,col] = [28,40]

YCC TO RGB
R: 15856055 | G: 16777215 | B: 1579108

[row,col] = [28,38]

YCC TO RGB
R: 15856055 | G: 16777215 | B: 1579108

[row,col] = [28,36]

YCC TO RGB
R: 15856055 | G: 16777215 | B: 1579108

[row,col] = [28,34]

YCC TO RGB
R: 15856055 | G: 16777215 | B: 1579108

[row,col] = [28,32]

YCC TO RGB
R: 15856055 | G: 16777215 | B: 1579108

[row,col] = [28,30]

YCC TO RGB
R: 15856055 | G: 16777215 | B: 1579108

[row,col] = [28,28]

YCC TO RGB
R: 15856055 | G: 16777215 | B: 1579108

[row,col] = [28,26]

YCC TO RGB
R: 15856055 | G: 16777215 | B: 1579108

[row,col] = [28,24]

YCC TO RGB
R: 15856055 | G: 16777215 | B: 1579108

[row,col] = [28,22]

YCC TO RGB
R: 15856055 | G: 16777215 | B: 1579108

[row,col] = [28,20]

YCC TO RGB
R: 15856055 | G: 16777215 | B: 1579108

[row,col] = [28,18]

YCC TO RGB
R: 15856055 | G: 16777215 | B: 1579108

[row,col] = [28,16]

YCC TO RGB
R: 15856055 | G: 16777215 | B: 1579108

[row,col] = [28,14]

YCC TO RGB
R: 15856055 | G: 16777215 | B: 1579108

[row,col] = [28,12]

YCC TO RGB
R: 15856055 | G: 16777215 | B: 1579108

[row,col] = [28,10]

YCC TO RGB
R: 15856055 | G: 16777215 | B: 1579108

[row,col] = [28,08]

YCC TO RGB
R: 15856055 | G: 16777215 | B: 1579108

[row,col] = [28,06]

YCC TO RGB
R: 15856055 | G: 16777215 | B: 1579108

[row,col] = [28,04]

YCC TO RGB
R: 15856055 | G: 16777215 | B: 1579108

[row,col] = [28,02]

YCC TO RGB
R: 15856055 | G: 16777215 | B: 1579108

[row,col] = [26,48]

YCC TO RGB
R: 15846430 | G: 16777215 | B: 1585873

[row,col] = [26,46]

YCC TO RGB
R: 15856055 | G: 16777215 | B: 1579108

[row,col] = [26,44]

YCC TO RGB
R: 15856055 | G: 16777215 | B: 1579108

[row,col] = [26,42]

YCC TO RGB
R: 15856055 | G: 16777215 | B: 1579108

[row,col] = [26,40]

YCC TO RGB
R: 15856055 | G: 16777215 | B: 1579108

[row,col] = [26,38]

YCC TO RGB
R: 15856055 | G: 16777215 | B: 1579108

[row,col] = [26,36]

YCC TO RGB
R: 15856055 | G: 16777215 | B: 1579108

[row,col] = [26,34]

YCC TO RGB
R: 15856055 | G: 16777215 | B: 1579108

[row,col] = [26,32]

YCC TO RGB
R: 15856055 | G: 16777215 | B: 1579108

[row,col] = [26,30]

YCC TO RGB
R: 16777210 | G: 16777215 | B: 0

[row,col] = [26,28]

YCC TO RGB
R: 16777210 | G: 16777215 | B: 0

[row,col] = [26,26]

YCC TO RGB
R: 16777210 | G: 16777215 | B: 0

[row,col] = [26,24]

YCC TO RGB
R: 16777210 | G: 16777215 | B: 0

[row,col] = [26,22]

YCC TO RGB
R: 16777210 | G: 16777215 | B: 0

[row,col] = [26,20]

YCC TO RGB
R: 16777210 | G: 16777215 | B: 0

[row,col] = [26,18]

YCC TO RGB
R: 16777210 | G: 16777215 | B: 0

[row,col] = [26,16]

YCC TO RGB
R: 16777210 | G: 16777215 | B: 0

[row,col] = [26,14]

YCC TO RGB
R: 16777210 | G: 16777215 | B: 0

[row,col] = [26,12]

YCC TO RGB
R: 16777210 | G: 16777215 | B: 0

[row,col] = [26,10]

YCC TO RGB
R: 16777210 | G: 16777215 | B: 0

[row,col] = [26,08]

YCC TO RGB
R: 16777210 | G: 16777215 | B: 0

[row,col] = [26,06]

YCC TO RGB
R: 16777210 | G: 16777215 | B: 0

[row,col] = [26,04]

YCC TO RGB
R: 16777210 | G: 16777215 | B: 0

[row,col] = [26,02]

YCC TO RGB
R: 16777210 | G: 16777215 | B: 0

[row,col] = [24,48]

YCC TO RGB
R: 10658408 | G: 5921305 | B: 0

[row,col] = [24,46]

YCC TO RGB
R: 10658408 | G: 5921305 | B: 0

[row,col] = [24,44]

YCC TO RGB
R: 10658408 | G: 5921305 | B: 0

[row,col] = [24,42]

YCC TO RGB
R: 10658408 | G: 5921305 | B: 0

[row,col] = [24,40]

YCC TO RGB
R: 10658408 | G: 5921305 | B: 0

[row,col] = [24,38]

YCC TO RGB
R: 10658408 | G: 5921305 | B: 0

[row,col] = [24,36]

YCC TO RGB
R: 10658408 | G: 5921305 | B: 0

[row,col] = [24,34]

YCC TO RGB
R: 10658408 | G: 5921305 | B: 0

[row,col] = [24,32]

YCC TO RGB
R: 10658408 | G: 5921305 | B: 0

[row,col] = [24,30]

YCC TO RGB
R: 10658408 | G: 5921305 | B: 0

[row,col] = [24,28]

YCC TO RGB
R: 10658408 | G: 5921305 | B: 0

[row,col] = [24,26]

YCC TO RGB
R: 10658408 | G: 5921305 | B: 0

[row,col] = [24,24]

YCC TO RGB
R: 10658408 | G: 5921305 | B: 0

[row,col] = [24,22]

YCC TO RGB
R: 10658408 | G: 5921305 | B: 0

[row,col] = [24,20]

YCC TO RGB
R: 10658408 | G: 5921305 | B: 0

[row,col] = [24,18]

YCC TO RGB
R: 10658408 | G: 5921305 | B: 0

[row,col] = [24,16]

YCC TO RGB
R: 10658408 | G: 5921305 | B: 0

[row,col] = [24,14]

YCC TO RGB
R: 10658408 | G: 5921305 | B: 0

[row,col] = [24,12]

YCC TO RGB
R: 10658408 | G: 5921305 | B: 0

[row,col] = [24,10]

YCC TO RGB
R: 10658408 | G: 5921305 | B: 0

[row,col] = [24,08]

YCC TO RGB
R: 10658408 | G: 5921305 | B: 0

[row,col] = [24,06]

YCC TO RGB
R: 10658408 | G: 5921305 | B: 0

[row,col] = [24,04]

YCC TO RGB
R: 10658408 | G: 5921305 | B: 0

[row,col] = [24,02]

YCC TO RGB
R: 10658408 | G: 5921305 | B: 0

[row,col] = [22,48]

YCC TO RGB
R: 10658408 | G: 5921305 | B: 0

[row,col] = [22,46]

YCC TO RGB
R: 10658408 | G: 5921305 | B: 0

[row,col] = [22,44]

YCC TO RGB
R: 10658408 | G: 5921305 | B: 0

[row,col] = [22,42]

YCC TO RGB
R: 10658408 | G: 5921305 | B: 0

[row,col] = [22,40]

YCC TO RGB
R: 10658408 | G: 5921305 | B: 0

[row,col] = [22,38]

YCC TO RGB
R: 10658408 | G: 5921305 | B: 0

[row,col] = [22,36]

YCC TO RGB
R: 10658408 | G: 5921305 | B: 0

[row,col] = [22,34]

YCC TO RGB
R: 10658408 | G: 5921305 | B: 0

[row,col] = [22,32]

YCC TO RGB
R: 10658408 | G: 5921305 | B: 0

[row,col] = [22,30]

YCC TO RGB
R: 10658408 | G: 5921305 | B: 0

[row,col] = [22,28]

YCC TO RGB
R: 10658408 | G: 5921305 | B: 0

[row,col] = [22,26]

YCC TO RGB
R: 10658408 | G: 5921305 | B: 0

[row,col] = [22,24]

YCC TO RGB
R: 10658408 | G: 5921305 | B: 0

[row,col] = [22,22]

YCC TO RGB
R: 10658408 | G: 5921305 | B: 0

[row,col] = [22,20]

YCC TO RGB
R: 10658408 | G: 5921305 | B: 0

[row,col] = [22,18]

YCC TO RGB
R: 10658408 | G: 5921305 | B: 0

[row,col] = [22,16]

YCC TO RGB
R: 10658408 | G: 5921305 | B: 0

[row,col] = [22,14]

YCC TO RGB
R: 10658408 | G: 5921305 | B: 0

[row,col] = [22,12]

YCC TO RGB
R: 10658408 | G: 5921305 | B: 0

[row,col] = [22,10]

YCC TO RGB
R: 10658408 | G: 5921305 | B: 0

[row,col] = [22,08]

YCC TO RGB
R: 10658408 | G: 5921305 | B: 0

[row,col] = [22,06]

YCC TO RGB
R: 10658408 | G: 5921305 | B: 0

[row,col] = [22,04]

YCC TO RGB
R: 10658408 | G: 5921305 | B: 0

[row,col] = [22,02]

YCC TO RGB
R: 10658408 | G: 5921305 | B: 0

[row,col] = [20,48]

YCC TO RGB
R: 10658408 | G: 5921305 | B: 0

[row,col] = [20,46]

YCC TO RGB
R: 10658408 | G: 5921305 | B: 0

[row,col] = [20,44]

YCC TO RGB
R: 10658408 | G: 5921305 | B: 0

[row,col] = [20,42]

YCC TO RGB
R: 10658408 | G: 5921305 | B: 0

[row,col] = [20,40]

YCC TO RGB
R: 10658408 | G: 5921305 | B: 0

[row,col] = [20,38]

YCC TO RGB
R: 10658408 | G: 5921305 | B: 0

[row,col] = [20,36]

YCC TO RGB
R: 10658408 | G: 5921305 | B: 0

[row,col] = [20,34]

YCC TO RGB
R: 10658408 | G: 5921305 | B: 0

[row,col] = [20,32]

YCC TO RGB
R: 10658408 | G: 5921305 | B: 0

[row,col] = [20,30]

YCC TO RGB
R: 10658408 | G: 5921305 | B: 0

[row,col] = [20,28]

YCC TO RGB
R: 10658408 | G: 5921305 | B: 0

[row,col] = [20,26]

YCC TO RGB
R: 10658408 | G: 5921305 | B: 0

[row,col] = [20,24]

YCC TO RGB
R: 10658408 | G: 5921305 | B: 0

[row,col] = [20,22]

YCC TO RGB
R: 10658408 | G: 5921305 | B: 0

[row,col] = [20,20]

YCC TO RGB
R: 10658408 | G: 5921305 | B: 0

[row,col] = [20,18]

YCC TO RGB
R: 10658408 | G: 5921305 | B: 0

[row,col] = [20,16]

YCC TO RGB
R: 10658408 | G: 5921305 | B: 0

[row,col] = [20,14]

YCC TO RGB
R: 10658408 | G: 5921305 | B: 0

[row,col] = [20,12]

YCC TO RGB
R: 10658408 | G: 5921305 | B: 0

[row,col] = [20,10]

YCC TO RGB
R: 10658408 | G: 5921305 | B: 0

[row,col] = [20,08]

YCC TO RGB
R: 10658408 | G: 5921305 | B: 0

[row,col] = [20,06]

YCC TO RGB
R: 10658408 | G: 5921305 | B: 0

[row,col] = [20,04]

YCC TO RGB
R: 10658408 | G: 5921305 | B: 0

[row,col] = [20,02]

YCC TO RGB
R: 10658408 | G: 5921305 | B: 0

[row,col] = [18,48]

YCC TO RGB
R: 10658408 | G: 5921305 | B: 0

[row,col] = [18,46]

YCC TO RGB
R: 10658408 | G: 5921305 | B: 0

[row,col] = [18,44]

YCC TO RGB
R: 10658408 | G: 5921305 | B: 0

[row,col] = [18,42]

YCC TO RGB
R: 10658408 | G: 5921305 | B: 0

[row,col] = [18,40]

YCC TO RGB
R: 10658408 | G: 5921305 | B: 0

[row,col] = [18,38]

YCC TO RGB
R: 10658408 | G: 5921305 | B: 0

[row,col] = [18,36]

YCC TO RGB
R: 10658408 | G: 5921305 | B: 0

[row,col] = [18,34]

YCC TO RGB
R: 10658408 | G: 5921305 | B: 0

[row,col] = [18,32]

YCC TO RGB
R: 10658408 | G: 5921305 | B: 0

[row,col] = [18,30]

YCC TO RGB
R: 10658408 | G: 5921305 | B: 0

[row,col] = [18,28]

YCC TO RGB
R: 10658408 | G: 5921305 | B: 0

[row,col] = [18,26]

YCC TO RGB
R: 10658408 | G: 5921305 | B: 0

[row,col] = [18,24]

YCC TO RGB
R: 10658408 | G: 5921305 | B: 0

[row,col] = [18,22]

YCC TO RGB
R: 10658408 | G: 5921305 | B: 0

[row,col] = [18,20]

YCC TO RGB
R: 10658408 | G: 5921305 | B: 0

[row,col] = [18,18]

YCC TO RGB
R: 10658408 | G: 5921305 | B: 0

[row,col] = [18,16]

YCC TO RGB
R: 10658408 | G: 5921305 | B: 0

[row,col] = [18,14]

YCC TO RGB
R: 10658408 | G: 5921305 | B: 0

[row,col] = [18,12]

YCC TO RGB
R: 10658408 | G: 5921305 | B: 0

[row,col] = [18,10]

YCC TO RGB
R: 10658408 | G: 5921305 | B: 0

[row,col] = [18,08]

YCC TO RGB
R: 10658408 | G: 5921305 | B: 0

[row,col] = [18,06]

YCC TO RGB
R: 10658408 | G: 5921305 | B: 0

[row,col] = [18,04]

YCC TO RGB
R: 10658408 | G: 5921305 | B: 0

[row,col] = [18,02]

YCC TO RGB
R: 10658408 | G: 5921305 | B: 0

[row,col] = [16,48]

YCC TO RGB
R: 10658408 | G: 5921305 | B: 0

[row,col] = [16,46]

YCC TO RGB
R: 10658408 | G: 5921305 | B: 0

[row,col] = [16,44]

YCC TO RGB
R: 10658408 | G: 5921305 | B: 0

[row,col] = [16,42]

YCC TO RGB
R: 10658408 | G: 5921305 | B: 0

[row,col] = [16,40]

YCC TO RGB
R: 10658408 | G: 5921305 | B: 0

[row,col] = [16,38]

YCC TO RGB
R: 10658408 | G: 5921305 | B: 0

[row,col] = [16,36]

YCC TO RGB
R: 10658408 | G: 5921305 | B: 0

[row,col] = [16,34]

YCC TO RGB
R: 10658408 | G: 5921305 | B: 0

[row,col] = [16,32]

YCC TO RGB
R: 10658408 | G: 5921305 | B: 0

[row,col] = [16,30]

YCC TO RGB
R: 10658408 | G: 5921305 | B: 0

[row,col] = [16,28]

YCC TO RGB
R: 10658408 | G: 5921305 | B: 0

[row,col] = [16,26]

YCC TO RGB
R: 10658408 | G: 5921305 | B: 0

[row,col] = [16,24]

YCC TO RGB
R: 10658408 | G: 5921305 | B: 0

[row,col] = [16,22]

YCC TO RGB
R: 10658408 | G: 5921305 | B: 0

[row,col] = [16,20]

YCC TO RGB
R: 10658408 | G: 5921305 | B: 0

[row,col] = [16,18]

YCC TO RGB
R: 10658408 | G: 5921305 | B: 0

[row,col] = [16,16]

YCC TO RGB
R: 10658408 | G: 5921305 | B: 0

[row,col] = [16,14]

YCC TO RGB
R: 10658408 | G: 5921305 | B: 0

[row,col] = [16,12]

YCC TO RGB
R: 10658408 | G: 5921305 | B: 0

[row,col] = [16,10]

YCC TO RGB
R: 10658408 | G: 5921305 | B: 0

[row,col] = [16,08]

YCC TO RGB
R: 10658408 | G: 5921305 | B: 0

[row,col] = [16,06]

YCC TO RGB
R: 10658408 | G: 5921305 | B: 0

[row,col] = [16,04]

YCC TO RGB
R: 10658408 | G: 5921305 | B: 0

[row,col] = [16,02]

YCC TO RGB
R: 10658408 | G: 5921305 | B: 0

[row,col] = [14,48]

YCC TO RGB
R: 10668034 | G: 5930888 | B: 0

[row,col] = [14,46]

YCC TO RGB
R: 10658408 | G: 5921305 | B: 0

[row,col] = [14,44]

YCC TO RGB
R: 10658408 | G: 5921305 | B: 0

[row,col] = [14,42]

YCC TO RGB
R: 10658408 | G: 5921305 | B: 0

[row,col] = [14,40]

YCC TO RGB
R: 10658408 | G: 5921305 | B: 0

[row,col] = [14,38]

YCC TO RGB
R: 10658408 | G: 5921305 | B: 0

[row,col] = [14,36]

YCC TO RGB
R: 10658408 | G: 5921305 | B: 0

[row,col] = [14,34]

YCC TO RGB
R: 10658408 | G: 5921305 | B: 0

[row,col] = [14,32]

YCC TO RGB
R: 10658408 | G: 5921305 | B: 0

[row,col] = [14,30]

YCC TO RGB
R: 3948983 | G: 13225790 | B: 0

[row,col] = [14,28]

YCC TO RGB
R: 3948983 | G: 13225790 | B: 0

[row,col] = [14,26]

YCC TO RGB
R: 3948983 | G: 13225790 | B: 0

[row,col] = [14,24]

YCC TO RGB
R: 3948983 | G: 13225790 | B: 0

[row,col] = [14,22]

YCC TO RGB
R: 3948983 | G: 13225790 | B: 0

[row,col] = [14,20]

YCC TO RGB
R: 3948983 | G: 13225790 | B: 0

[row,col] = [14,18]

YCC TO RGB
R: 3948983 | G: 13225790 | B: 0

[row,col] = [14,16]

YCC TO RGB
R: 3948983 | G: 13225790 | B: 0

[row,col] = [14,14]

YCC TO RGB
R: 3948983 | G: 13225790 | B: 0

[row,col] = [14,12]

YCC TO RGB
R: 3948983 | G: 13225790 | B: 0

[row,col] = [14,10]

YCC TO RGB
R: 3948983 | G: 13225790 | B: 0

[row,col] = [14,08]

YCC TO RGB
R: 3948983 | G: 13225790 | B: 0

[row,col] = [14,06]

YCC TO RGB
R: 3948983 | G: 13225790 | B: 0

[row,col] = [14,04]

YCC TO RGB
R: 3948983 | G: 13225790 | B: 0

[row,col] = [14,02]

YCC TO RGB
R: 3948983 | G: 13225790 | B: 0

[row,col] = [12,48]

YCC TO RGB
R: 15856055 | G: 16777215 | B: 1579108

[row,col] = [12,46]

YCC TO RGB
R: 15856055 | G: 16777215 | B: 1579108

[row,col] = [12,44]

YCC TO RGB
R: 15856055 | G: 16777215 | B: 1579108

[row,col] = [12,42]

YCC TO RGB
R: 15856055 | G: 16777215 | B: 1579108

[row,col] = [12,40]

YCC TO RGB
R: 15856055 | G: 16777215 | B: 1579108

[row,col] = [12,38]

YCC TO RGB
R: 15856055 | G: 16777215 | B: 1579108

[row,col] = [12,36]

YCC TO RGB
R: 15856055 | G: 16777215 | B: 1579108

[row,col] = [12,34]

YCC TO RGB
R: 15856055 | G: 16777215 | B: 1579108

[row,col] = [12,32]

YCC TO RGB
R: 15856055 | G: 16777215 | B: 1579108

[row,col] = [12,30]

YCC TO RGB
R: 15856055 | G: 16777215 | B: 1579108

[row,col] = [12,28]

YCC TO RGB
R: 15856055 | G: 16777215 | B: 1579108

[row,col] = [12,26]

YCC TO RGB
R: 15856055 | G: 16777215 | B: 1579108

[row,col] = [12,24]

YCC TO RGB
R: 15856055 | G: 16777215 | B: 1579108

[row,col] = [12,22]

YCC TO RGB
R: 15856055 | G: 16777215 | B: 1579108

[row,col] = [12,20]

YCC TO RGB
R: 15856055 | G: 16777215 | B: 1579108

[row,col] = [12,18]

YCC TO RGB
R: 15856055 | G: 16777215 | B: 1579108

[row,col] = [12,16]

YCC TO RGB
R: 15856055 | G: 16777215 | B: 1579108

[row,col] = [12,14]

YCC TO RGB
R: 15856055 | G: 16777215 | B: 1579108

[row,col] = [12,12]

YCC TO RGB
R: 15856055 | G: 16777215 | B: 1579108

[row,col] = [12,10]

YCC TO RGB
R: 15856055 | G: 16777215 | B: 1579108

[row,col] = [12,08]

YCC TO RGB
R: 15856055 | G: 16777215 | B: 1579108

[row,col] = [12,06]

YCC TO RGB
R: 15856055 | G: 16777215 | B: 1579108

[row,col] = [12,04]

YCC TO RGB
R: 15856055 | G: 16777215 | B: 1579108

[row,col] = [12,02]

YCC TO RGB
R: 15856055 | G: 16777215 | B: 1579108

[row,col] = [10,48]

YCC TO RGB
R: 15856055 | G: 16777215 | B: 1579108

[row,col] = [10,46]

YCC TO RGB
R: 15856055 | G: 16777215 | B: 1579108

[row,col] = [10,44]

YCC TO RGB
R: 15856055 | G: 16777215 | B: 1579108

[row,col] = [10,42]

YCC TO RGB
R: 15856055 | G: 16777215 | B: 1579108

[row,col] = [10,40]

YCC TO RGB
R: 15856055 | G: 16777215 | B: 1579108

[row,col] = [10,38]

YCC TO RGB
R: 15856055 | G: 16777215 | B: 1579108

[row,col] = [10,36]

YCC TO RGB
R: 15856055 | G: 16777215 | B: 1579108

[row,col] = [10,34]

YCC TO RGB
R: 15856055 | G: 16777215 | B: 1579108

[row,col] = [10,32]

YCC TO RGB
R: 15856055 | G: 16777215 | B: 1579108

[row,col] = [10,30]

YCC TO RGB
R: 15856055 | G: 16777215 | B: 1579108

[row,col] = [10,28]

YCC TO RGB
R: 15856055 | G: 16777215 | B: 1579108

[row,col] = [10,26]

YCC TO RGB
R: 15856055 | G: 16777215 | B: 1579108

[row,col] = [10,24]

YCC TO RGB
R: 15856055 | G: 16777215 | B: 1579108

[row,col] = [10,22]

YCC TO RGB
R: 15856055 | G: 16777215 | B: 1579108

[row,col] = [10,20]

YCC TO RGB
R: 15856055 | G: 16777215 | B: 1579108

[row,col] = [10,18]

YCC TO RGB
R: 15856055 | G: 16777215 | B: 1579108

[row,col] = [10,16]

YCC TO RGB
R: 15856055 | G: 16777215 | B: 1579108

[row,col] = [10,14]

YCC TO RGB
R: 15856055 | G: 16777215 | B: 1579108

[row,col] = [10,12]

YCC TO RGB
R: 15856055 | G: 16777215 | B: 1579108

[row,col] = [10,10]

YCC TO RGB
R: 15856055 | G: 16777215 | B: 1579108

[row,col] = [10,08]

YCC TO RGB
R: 15856055 | G: 16777215 | B: 1579108

[row,col] = [10,06]

YCC TO RGB
R: 15856055 | G: 16777215 | B: 1579108

[row,col] = [10,04]

YCC TO RGB
R: 15856055 | G: 16777215 | B: 1579108

[row,col] = [10,02]

YCC TO RGB
R: 15856055 | G: 16777215 | B: 1579108

[row,col] = [08,48]

YCC TO RGB
R: 15856055 | G: 16777215 | B: 1575971

[row,col] = [08,46]

YCC TO RGB
R: 15856055 | G: 16777215 | B: 1579108

[row,col] = [08,44]

YCC TO RGB
R: 15856055 | G: 16777215 | B: 1579108

[row,col] = [08,42]

YCC TO RGB
R: 15856055 | G: 16777215 | B: 1579108

[row,col] = [08,40]

YCC TO RGB
R: 15856055 | G: 16777215 | B: 1579108

[row,col] = [08,38]

YCC TO RGB
R: 15856055 | G: 16777215 | B: 1579108

[row,col] = [08,36]

YCC TO RGB
R: 15856055 | G: 16777215 | B: 1579108

[row,col] = [08,34]

YCC TO RGB
R: 15856055 | G: 16777215 | B: 1579108

[row,col] = [08,32]

YCC TO RGB
R: 15856055 | G: 16777215 | B: 1579108

[row,col] = [08,30]

YCC TO RGB
R: 15856055 | G: 16777215 | B: 1579108

[row,col] = [08,28]

YCC TO RGB
R: 15856055 | G: 16777215 | B: 1579108

[row,col] = [08,26]

YCC TO RGB
R: 15856055 | G: 16777215 | B: 1579108

[row,col] = [08,24]

YCC TO RGB
R: 15856055 | G: 16777215 | B: 1579108

[row,col] = [08,22]

YCC TO RGB
R: 15856055 | G: 16777215 | B: 1579108

[row,col] = [08,20]

YCC TO RGB
R: 15856055 | G: 16777215 | B: 1579108

[row,col] = [08,18]

YCC TO RGB
R: 15856055 | G: 16777215 | B: 1579108

[row,col] = [08,16]

YCC TO RGB
R: 15856055 | G: 16777215 | B: 1579108

[row,col] = [08,14]

YCC TO RGB
R: 15856055 | G: 16777215 | B: 1579108

[row,col] = [08,12]

YCC TO RGB
R: 15856055 | G: 16777215 | B: 1579108

[row,col] = [08,10]

YCC TO RGB
R: 15856055 | G: 16777215 | B: 1579108

[row,col] = [08,08]

YCC TO RGB
R: 15856055 | G: 16777215 | B: 1579108

[row,col] = [08,06]

YCC TO RGB
R: 15856055 | G: 16777215 | B: 1579108

[row,col] = [08,04]

YCC TO RGB
R: 15856055 | G: 16777215 | B: 1579108

[row,col] = [08,02]

YCC TO RGB
R: 15856055 | G: 14277016 | B: 0

[row,col] = [06,48]

YCC TO RGB
R: 15865066 | G: 16777215 | B: 0

[row,col] = [06,46]

YCC TO RGB
R: 16777210 | G: 3223791 | B: 0

[row,col] = [06,44]

YCC TO RGB
R: 16777210 | G: 4408066 | B: 0

[row,col] = [06,42]

YCC TO RGB
R: 16777210 | G: 2434340 | B: 0

[row,col] = [06,40]

YCC TO RGB
R: 16777210 | G: 2434340 | B: 0

[row,col] = [06,38]

YCC TO RGB
R: 16777210 | G: 2434340 | B: 0

[row,col] = [06,36]

YCC TO RGB
R: 16777210 | G: 2434340 | B: 0

[row,col] = [06,34]

YCC TO RGB
R: 16777210 | G: 2434340 | B: 0

[row,col] = [06,32]

YCC TO RGB
R: 16777210 | G: 2434340 | B: 0

[row,col] = [06,30]

YCC TO RGB
R: 16777210 | G: 2434340 | B: 0

[row,col] = [06,28]

YCC TO RGB
R: 16777210 | G: 2434340 | B: 0

[row,col] = [06,26]

YCC TO RGB
R: 16777210 | G: 2434340 | B: 0

[row,col] = [06,24]

YCC TO RGB
R: 16777210 | G: 2434340 | B: 0

[row,col] = [06,22]

YCC TO RGB
R: 16777210 | G: 2434340 | B: 0

[row,col] = [06,20]

YCC TO RGB
R: 16777210 | G: 2434340 | B: 0

[row,col] = [06,18]

YCC TO RGB
R: 16777210 | G: 2434340 | B: 0

[row,col] = [06,16]

YCC TO RGB
R: 16777210 | G: 2434340 | B: 0

[row,col] = [06,14]

YCC TO RGB
R: 16777210 | G: 2434340 | B: 0

[row,col] = [06,12]

YCC TO RGB
R: 16777210 | G: 2434340 | B: 0

[row,col] = [06,10]

YCC TO RGB
R: 16777210 | G: 2434340 | B: 0

[row,col] = [06,08]

YCC TO RGB
R: 16777210 | G: 2434340 | B: 0

[row,col] = [06,06]

YCC TO RGB
R: 16777210 | G: 2434340 | B: 0

[row,col] = [06,04]

YCC TO RGB
R: 16777210 | G: 2434340 | B: 0

[row,col] = [06,02]

YCC TO RGB
R: 16777210 | G: 2434340 | B: 0

[row,col] = [04,48]

YCC TO RGB
R: 16777210 | G: 2434340 | B: 0

[row,col] = [04,46]

YCC TO RGB
R: 16777210 | G: 2434340 | B: 0

[row,col] = [04,44]

YCC TO RGB
R: 16777210 | G: 2434340 | B: 0

[row,col] = [04,42]

YCC TO RGB
R: 16777210 | G: 2434340 | B: 0

[row,col] = [04,40]

YCC TO RGB
R: 16777210 | G: 2434340 | B: 0

[row,col] = [04,38]

YCC TO RGB
R: 16777210 | G: 2434340 | B: 0

[row,col] = [04,36]

YCC TO RGB
R: 16777210 | G: 2434340 | B: 0

[row,col] = [04,34]

YCC TO RGB
R: 16777210 | G: 2434340 | B: 0

[row,col] = [04,32]

YCC TO RGB
R: 16777210 | G: 2434340 | B: 0

[row,col] = [04,30]

YCC TO RGB
R: 16777210 | G: 2434340 | B: 0

[row,col] = [04,28]

YCC TO RGB
R: 16777210 | G: 2434340 | B: 0

[row,col] = [04,26]

YCC TO RGB
R: 16777210 | G: 2434340 | B: 0

[row,col] = [04,24]

YCC TO RGB
R: 16777210 | G: 2434340 | B: 0

[row,col] = [04,22]

YCC TO RGB
R: 16777210 | G: 2434340 | B: 0

[row,col] = [04,20]

YCC TO RGB
R: 16777210 | G: 2434340 | B: 0

[row,col] = [04,18]

YCC TO RGB
R: 16777210 | G: 2434340 | B: 0

[row,col] = [04,16]

YCC TO RGB
R: 16777210 | G: 2434340 | B: 0

[row,col] = [04,14]

YCC TO RGB
R: 16777210 | G: 2434340 | B: 0

[row,col] = [04,12]

YCC TO RGB
R: 16777210 | G: 2434340 | B: 0

[row,col] = [04,10]

YCC TO RGB
R: 16777210 | G: 2434340 | B: 0

[row,col] = [04,08]

YCC TO RGB
R: 16777210 | G: 2434340 | B: 0

[row,col] = [04,06]

YCC TO RGB
R: 16777210 | G: 2434340 | B: 0

[row,col] = [04,04]

YCC TO RGB
R: 16777210 | G: 2434340 | B: 0

[row,col] = [04,02]

YCC TO RGB
R: 16777210 | G: 13092742 | B: 0

[row,col] = [02,48]

YCC TO RGB
R: 16777210 | G: 2434340 | B: 0

[row,col] = [02,46]

YCC TO RGB
R: 16777210 | G: 2434340 | B: 0

[row,col] = [02,44]

YCC TO RGB
R: 16777210 | G: 2434340 | B: 0

[row,col] = [02,42]

YCC TO RGB
R: 16777210 | G: 2434340 | B: 0

[row,col] = [02,40]

YCC TO RGB
R: 16777210 | G: 2434340 | B: 0

[row,col] = [02,38]

YCC TO RGB
R: 16777210 | G: 2434340 | B: 0

[row,col] = [02,36]

YCC TO RGB
R: 16777210 | G: 2434340 | B: 0

[row,col] = [02,34]

YCC TO RGB
R: 16777210 | G: 2434340 | B: 0

[row,col] = [02,32]

YCC TO RGB
R: 16777210 | G: 2434340 | B: 0

[row,col] = [02,30]

YCC TO RGB
R: 16777210 | G: 2434340 | B: 0

[row,col] = [02,28]

YCC TO RGB
R: 16777210 | G: 2434340 | B: 0

[row,col] = [02,26]

YCC TO RGB
R: 16777210 | G: 2434340 | B: 0

[row,col] = [02,24]

YCC TO RGB
R: 16777210 | G: 2434340 | B: 0

[row,col] = [02,22]

YCC TO RGB
R: 16777210 | G: 2434340 | B: 0

[row,col] = [02,20]

YCC TO RGB
R: 16777210 | G: 2434340 | B: 0

[row,col] = [02,18]

YCC TO RGB
R: 16777210 | G: 2434340 | B: 0

[row,col] = [02,16]

YCC TO RGB
R: 16777210 | G: 2434340 | B: 0

[row,col] = [02,14]

YCC TO RGB
R: 16777210 | G: 2434340 | B: 0

[row,col] = [02,12]

YCC TO RGB
R: 16777210 | G: 2434340 | B: 0

[row,col] = [02,10]

YCC TO RGB
R: 16777210 | G: 2434340 | B: 0

[row,col] = [02,08]

YCC TO RGB
R: 16777210 | G: 2434340 | B: 0

[row,col] = [02,06]

YCC TO RGB
R: 16777210 | G: 2434340 | B: 0

[row,col] = [02,04]

YCC TO RGB
R: 16777210 | G: 2434340 | B: 0

[row,col] = [02,02]

YCC TO RGB
R: 16777210 | G: 2434340 | B: 0
