Log(2024-07-23 16-05-42):
Runtime: 1.2874107360839844
--------------------------------------------------------------------------------
I1 cache:         16384 B, 64 B, 4-way associative
D1 cache:         16384 B, 64 B, 4-way associative
LL cache:         262144 B, 64 B, 8-way associative
Command:          ./CSC_main
Data file:        cachegrind.out
Events recorded:  Ir I1mr ILmr Dr D1mr DLmr Dw D1mw DLmw
Events shown:     Ir I1mr ILmr Dr D1mr DLmr Dw D1mw DLmw
Event sort order: Ir I1mr ILmr Dr D1mr DLmr Dw D1mw DLmw
Thresholds:       0.1 100 100 100 100 100 100 100 100
Include dirs:     
User annotated:   
Auto-annotation:  off

--------------------------------------------------------------------------------
       Ir  I1mr  ILmr        Dr  D1mr  DLmr        Dw  D1mw DLmw 
--------------------------------------------------------------------------------
6,740,826 1,978 1,049 2,000,917 7,989 1,721 2,854,268 7,307  675  PROGRAM TOTALS

--------------------------------------------------------------------------------
       Ir I1mr ILmr      Dr  D1mr DLmr        Dw  D1mw DLmw  file:function
--------------------------------------------------------------------------------
2,795,709   24   23 789,623 2,055    2 2,051,387 6,058   94  ???:CSC_YCC_to_RGB
1,652,592  246   46 439,295 2,417    7   253,616   124    1  ???:vfprintf
  429,145    6    4 157,316    20    1   128,659     0    0  ???:_IO_file_xsputn@@GLIBC_2.4
  345,616   12    4 207,360     0    0   184,304   344  158  ???:fputc
  280,896    5    5  47,872     4    2    16,896     1    0  ???:strchrnul
  217,173    2    2  17,809     1    1    17,809   292    0  ???:__memcpy_neon
  169,932    3    2  50,222    43    2    44,590     0    0  ???:_itoa_word
  149,010   34   18  49,773    59   19        24     1    0  ???:???
  129,018    3    3  73,726   143  127    46,078     0    0  ???:getc
  124,421   14   12  14,096   145    0     9,228   147  146  ???:main
   80,861   11    9  27,125   123    1    23,222    72   72  ???:CSC_RGB_to_YCC
   71,530    2    1  28,612     0    0    28,612     1    0  ???:mempcpy
   67,584    3    2  33,792   510    1    22,528     0    0  ???:printf
   57,694   10   10  14,110   784  607        18     1    0  ???:_dl_addr
   29,760   31   13  10,120   267  137     5,100     7    4  ???:do_lookup_x
   21,120  130    3   8,448     0    0     5,632     0    0  ???:read_int
   19,959   56   56   5,495   493  426     2,652     7    0  ???:_dl_relocate_object
   16,783   23   10   4,875   122   93     2,593    11    0  ???:_dl_lookup_symbol_x
   10,872   25   11       0     0    0         0     0    0  ???:__udivsi3
    9,720  205    5   4,320    41    2     2,160     0    0  ???:_IO_padn
    8,452   22   13   1,845    13    3       596     3    3  ???:strcmp
    8,338    7    7   1,604    17   17        36     1    1  ???:__GI___tunables_init


Cachegrind Result: 

[row,col] = [64,44]

NEON
RR 51, 51
GG 0, 0
BB 64, 64

[row,col] = [64,42]

NEON
RR 51, 51
GG 0, 0
BB 64, 64

[row,col] = [64,40]

NEON
RR 51, 51
GG 0, 0
BB 64, 64

[row,col] = [64,38]

NEON
RR 51, 51
GG 0, 0
BB 64, 64

[row,col] = [64,36]

NEON
RR 51, 51
GG 0, 0
BB 64, 64

[row,col] = [64,34]

NEON
RR 51, 51
GG 0, 0
BB 64, 64

[row,col] = [64,32]

NEON
RR 51, 51
GG 0, 0
BB 64, 64

[row,col] = [64,30]

NEON
RR 51, 51
GG 0, 0
BB 64, 64

[row,col] = [64,28]

NEON
RR 51, 51
GG 0, 0
BB 64, 64

[row,col] = [64,26]

NEON
RR 51, 51
GG 0, 0
BB 64, 64

[row,col] = [64,24]

NEON
RR 51, 51
GG 0, 0
BB 64, 64

[row,col] = [64,22]

NEON
RR 51, 51
GG 0, 0
BB 64, 64

[row,col] = [64,20]

NEON
RR 51, 51
GG 0, 0
BB 64, 64

[row,col] = [64,18]

NEON
RR 51, 51
GG 0, 0
BB 64, 64

[row,col] = [64,16]

NEON
RR 51, 51
GG 0, 0
BB 64, 64

[row,col] = [64,14]

NEON
RR 51, 51
GG 0, 0
BB 64, 64

[row,col] = [64,12]

NEON
RR 51, 51
GG 0, 0
BB 64, 64

[row,col] = [64,10]

NEON
RR 51, 51
GG 0, 0
BB 64, 64

[row,col] = [64,08]

NEON
RR 51, 51
GG 0, 0
BB 64, 64

[row,col] = [64,06]

NEON
RR 51, 51
GG 0, 0
BB 64, 64

[row,col] = [64,04]

NEON
RR 51, 51
GG 0, 0
BB 64, 64

[row,col] = [64,02]

NEON
RR 51, 51
GG 0, 0
BB 64, 64

[row,col] = [62,44]

NEON
RR 63, 63
GG 63, 63
BB 63, 63

[row,col] = [62,42]

NEON
RR 63, 63
GG 63, 63
BB 63, 63

[row,col] = [62,40]

NEON
RR 63, 63
GG 63, 63
BB 63, 63

[row,col] = [62,38]

NEON
RR 63, 63
GG 63, 63
BB 63, 63

[row,col] = [62,36]

NEON
RR 63, 63
GG 63, 63
BB 63, 63

[row,col] = [62,34]

NEON
RR 63, 63
GG 63, 63
BB 63, 63

[row,col] = [62,32]

NEON
RR 63, 63
GG 63, 63
BB 63, 63

[row,col] = [62,30]

NEON
RR 63, 63
GG 63, 63
BB 63, 63

[row,col] = [62,28]

NEON
RR 63, 63
GG 63, 63
BB 63, 63

[row,col] = [62,26]

NEON
RR 63, 63
GG 63, 63
BB 63, 63

[row,col] = [62,24]

NEON
RR 63, 63
GG 63, 63
BB 63, 63

[row,col] = [62,22]

NEON
RR 63, 63
GG 63, 63
BB 63, 63

[row,col] = [62,20]

NEON
RR 63, 63
GG 63, 63
BB 63, 63

[row,col] = [62,18]

NEON
RR 63, 63
GG 63, 63
BB 63, 63

[row,col] = [62,16]

NEON
RR 63, 63
GG 63, 63
BB 63, 63

[row,col] = [62,14]

NEON
RR 63, 63
GG 63, 63
BB 63, 63

[row,col] = [62,12]

NEON
RR 63, 63
GG 63, 63
BB 63, 63

[row,col] = [62,10]

NEON
RR 63, 63
GG 63, 63
BB 63, 63

[row,col] = [62,08]

NEON
RR 63, 63
GG 63, 63
BB 63, 63

[row,col] = [62,06]

NEON
RR 63, 63
GG 63, 63
BB 63, 63

[row,col] = [62,04]

NEON
RR 63, 63
GG 63, 63
BB 63, 63

[row,col] = [62,02]

NEON
RR 63, 63
GG 63, 63
BB 63, 63

[row,col] = [60,44]

NEON
RR 63, 63
GG 63, 63
BB 63, 63

[row,col] = [60,42]

NEON
RR 63, 63
GG 63, 63
BB 63, 63

[row,col] = [60,40]

NEON
RR 63, 63
GG 63, 63
BB 63, 63

[row,col] = [60,38]

NEON
RR 63, 63
GG 63, 63
BB 63, 63

[row,col] = [60,36]

NEON
RR 63, 63
GG 63, 63
BB 63, 63

[row,col] = [60,34]

NEON
RR 63, 63
GG 63, 63
BB 63, 63

[row,col] = [60,32]

NEON
RR 63, 63
GG 63, 63
BB 63, 63

[row,col] = [60,30]

NEON
RR 63, 63
GG 63, 63
BB 63, 63

[row,col] = [60,28]

NEON
RR 63, 63
GG 63, 63
BB 63, 63

[row,col] = [60,26]

NEON
RR 63, 63
GG 63, 63
BB 63, 63

[row,col] = [60,24]

NEON
RR 63, 63
GG 63, 63
BB 63, 63

[row,col] = [60,22]

NEON
RR 62, 62
GG 49, 49
BB 53, 53

[row,col] = [60,20]

NEON
RR 63, 63
GG 63, 63
BB 63, 63

[row,col] = [60,18]

NEON
RR 63, 63
GG 63, 63
BB 63, 63

[row,col] = [60,16]

NEON
RR 63, 63
GG 63, 63
BB 63, 63

[row,col] = [60,14]

NEON
RR 63, 63
GG 63, 63
BB 63, 63

[row,col] = [60,12]

NEON
RR 63, 63
GG 63, 63
BB 63, 63

[row,col] = [60,10]

NEON
RR 63, 63
GG 63, 63
BB 63, 63

[row,col] = [60,08]

NEON
RR 63, 63
GG 63, 63
BB 63, 63

[row,col] = [60,06]

NEON
RR 63, 63
GG 63, 63
BB 63, 63

[row,col] = [60,04]

NEON
RR 63, 63
GG 63, 63
BB 63, 63

[row,col] = [60,02]

NEON
RR 63, 63
GG 63, 63
BB 63, 63

[row,col] = [58,44]

NEON
RR 63, 63
GG 63, 63
BB 63, 63

[row,col] = [58,42]

NEON
RR 63, 63
GG 63, 63
BB 64, 64

[row,col] = [58,40]

NEON
RR 63, 63
GG 63, 63
BB 63, 63

[row,col] = [58,38]

NEON
RR 63, 63
GG 63, 63
BB 63, 63

[row,col] = [58,36]

NEON
RR 63, 63
GG 63, 63
BB 63, 63

[row,col] = [58,34]

NEON
RR 63, 63
GG 63, 63
BB 63, 63

[row,col] = [58,32]

NEON
RR 63, 63
GG 63, 63
BB 63, 63

[row,col] = [58,30]

NEON
RR 63, 63
GG 63, 63
BB 63, 63

[row,col] = [58,28]

NEON
RR 63, 63
GG 63, 63
BB 63, 63

[row,col] = [58,26]

NEON
RR 63, 63
GG 63, 63
BB 63, 63

[row,col] = [58,24]

NEON
RR 63, 63
GG 63, 63
BB 63, 63

[row,col] = [58,22]

NEON
RR 63, 63
GG 63, 63
BB 63, 63

[row,col] = [58,20]

NEON
RR 63, 63
GG 63, 63
BB 63, 63

[row,col] = [58,18]

NEON
RR 63, 63
GG 63, 63
BB 63, 63

[row,col] = [58,16]

NEON
RR 62, 62
GG 55, 55
BB 58, 58

[row,col] = [58,14]

NEON
RR 60, 60
GG 40, 40
BB 47, 47

[row,col] = [58,12]

NEON
RR 60, 60
GG 33, 33
BB 42, 42

[row,col] = [58,10]

NEON
RR 60, 60
GG 33, 33
BB 42, 42

[row,col] = [58,08]

NEON
RR 60, 60
GG 33, 33
BB 42, 42

[row,col] = [58,06]

NEON
RR 60, 60
GG 39, 39
BB 47, 47

[row,col] = [58,04]

NEON
RR 62, 62
GG 54, 54
BB 57, 57

[row,col] = [58,02]

NEON
RR 63, 63
GG 61, 61
BB 62, 62

[row,col] = [56,44]

NEON
RR 60, 60
GG 33, 33
BB 42, 42

[row,col] = [56,42]

NEON
RR 60, 60
GG 33, 33
BB 42, 42

[row,col] = [56,40]

NEON
RR 60, 60
GG 33, 33
BB 42, 42

[row,col] = [56,38]

NEON
RR 60, 60
GG 33, 33
BB 42, 42

[row,col] = [56,36]

NEON
RR 60, 60
GG 33, 33
BB 42, 42

[row,col] = [56,34]

NEON
RR 60, 60
GG 34, 34
BB 42, 42

[row,col] = [56,32]

NEON
RR 62, 62
GG 52, 52
BB 56, 56

[row,col] = [56,30]

NEON
RR 63, 63
GG 63, 63
BB 63, 63

[row,col] = [56,28]

NEON
RR 63, 63
GG 63, 63
BB 63, 63

[row,col] = [56,26]

NEON
RR 63, 63
GG 61, 61
BB 62, 62

[row,col] = [56,24]

NEON
RR 60, 60
GG 33, 33
BB 42, 42

[row,col] = [56,22]

NEON
RR 60, 60
GG 33, 33
BB 42, 42

[row,col] = [56,20]

NEON
RR 60, 60
GG 34, 34
BB 43, 43

[row,col] = [56,18]

NEON
RR 63, 63
GG 63, 63
BB 63, 63

[row,col] = [56,16]

NEON
RR 63, 63
GG 63, 63
BB 63, 63

[row,col] = [56,14]

NEON
RR 57, 57
GG 56, 56
BB 62, 62

[row,col] = [56,12]

NEON
RR 12, 12
GG 3, 3
BB 60, 60

[row,col] = [56,10]

NEON
RR 12, 12
GG 3, 3
BB 60, 60

[row,col] = [56,08]

NEON
RR 62, 62
GG 62, 62
BB 63, 63

[row,col] = [56,06]

NEON
RR 63, 63
GG 63, 63
BB 63, 63

[row,col] = [56,04]

NEON
RR 63, 63
GG 63, 63
BB 63, 63

[row,col] = [56,02]

NEON
RR 63, 63
GG 63, 63
BB 63, 63

[row,col] = [54,44]

NEON
RR 12, 12
GG 3, 3
BB 60, 60

[row,col] = [54,42]

NEON
RR 12, 12
GG 3, 3
BB 60, 60

[row,col] = [54,40]

NEON
RR 58, 58
GG 57, 57
BB 63, 63

[row,col] = [54,38]

NEON
RR 63, 63
GG 63, 63
BB 63, 63

[row,col] = [54,36]

NEON
RR 63, 63
GG 63, 63
BB 63, 63

[row,col] = [54,34]

NEON
RR 63, 63
GG 63, 63
BB 63, 63

[row,col] = [54,32]

NEON
RR 63, 63
GG 63, 63
BB 63, 63

[row,col] = [54,30]

NEON
RR 63, 63
GG 63, 63
BB 63, 63

[row,col] = [54,28]

NEON
RR 63, 63
GG 63, 63
BB 63, 63

[row,col] = [54,26]

NEON
RR 63, 63
GG 63, 63
BB 63, 63

[row,col] = [54,24]

NEON
RR 61, 61
GG 44, 44
BB 50, 50

[row,col] = [54,22]

NEON
RR 61, 61
GG 42, 42
BB 49, 49

[row,col] = [54,20]

NEON
RR 60, 60
GG 35, 35
BB 43, 43

[row,col] = [54,18]

NEON
RR 60, 60
GG 33, 33
BB 42, 42

[row,col] = [54,16]

NEON
RR 60, 60
GG 33, 33
BB 42, 42

[row,col] = [54,14]

NEON
RR 60, 60
GG 33, 33
BB 42, 42

[row,col] = [54,12]

NEON
RR 60, 60
GG 33, 33
BB 42, 42

[row,col] = [54,10]

NEON
RR 60, 60
GG 33, 33
BB 42, 42

[row,col] = [54,08]

NEON
RR 60, 60
GG 33, 33
BB 42, 42

[row,col] = [54,06]

NEON
RR 60, 60
GG 33, 33
BB 42, 42

[row,col] = [54,04]

NEON
RR 60, 60
GG 33, 33
BB 42, 42

[row,col] = [54,02]

NEON
RR 60, 60
GG 33, 33
BB 42, 42

[row,col] = [52,44]

NEON
RR 60, 60
GG 33, 33
BB 42, 42

[row,col] = [52,42]

NEON
RR 60, 60
GG 32, 32
BB 42, 42

[row,col] = [52,40]

NEON
RR 60, 60
GG 33, 33
BB 42, 42

[row,col] = [52,38]

NEON
RR 60, 60
GG 33, 33
BB 42, 42

[row,col] = [52,36]

NEON
RR 60, 60
GG 33, 33
BB 42, 42

[row,col] = [52,34]

NEON
RR 60, 60
GG 33, 33
BB 42, 42

[row,col] = [52,32]

NEON
RR 60, 60
GG 33, 33
BB 42, 42

[row,col] = [52,30]

NEON
RR 60, 60
GG 33, 33
BB 42, 42

[row,col] = [52,28]

NEON
RR 60, 60
GG 33, 33
BB 42, 42

[row,col] = [52,26]

NEON
RR 60, 60
GG 33, 33
BB 42, 42

[row,col] = [52,24]

NEON
RR 60, 60
GG 33, 33
BB 42, 42

[row,col] = [52,22]

NEON
RR 60, 60
GG 35, 35
BB 43, 43

[row,col] = [52,20]

NEON
RR 63, 63
GG 63, 63
BB 63, 63

[row,col] = [52,18]

NEON
RR 63, 63
GG 63, 63
BB 63, 63

[row,col] = [52,16]

NEON
RR 36, 36
GG 32, 32
BB 61, 61

[row,col] = [52,14]

NEON
RR 12, 12
GG 3, 3
BB 60, 60

[row,col] = [52,12]

NEON
RR 12, 12
GG 3, 3
BB 60, 60

[row,col] = [52,10]

NEON
RR 22, 22
GG 15, 15
BB 60, 60

[row,col] = [52,08]

NEON
RR 63, 63
GG 63, 63
BB 63, 63

[row,col] = [52,06]

NEON
RR 63, 63
GG 63, 63
BB 63, 63

[row,col] = [52,04]

NEON
RR 63, 63
GG 63, 63
BB 63, 63

[row,col] = [52,02]

NEON
RR 63, 63
GG 63, 63
BB 63, 63

[row,col] = [50,44]

NEON
RR 12, 12
GG 3, 3
BB 60, 60

[row,col] = [50,42]

NEON
RR 58, 58
GG 57, 57
BB 63, 63

[row,col] = [50,40]

NEON
RR 63, 63
GG 63, 63
BB 63, 63

[row,col] = [50,38]

NEON
RR 63, 63
GG 63, 63
BB 63, 63

[row,col] = [50,36]

NEON
RR 63, 63
GG 63, 63
BB 63, 63

[row,col] = [50,34]

NEON
RR 63, 63
GG 63, 63
BB 63, 63

[row,col] = [50,32]

NEON
RR 63, 63
GG 63, 63
BB 63, 63

[row,col] = [50,30]

NEON
RR 63, 63
GG 63, 63
BB 63, 63

[row,col] = [50,28]

NEON
RR 63, 63
GG 63, 63
BB 63, 63

[row,col] = [50,26]

NEON
RR 62, 62
GG 52, 52
BB 56, 56

[row,col] = [50,24]

NEON
RR 60, 60
GG 33, 33
BB 42, 42

[row,col] = [50,22]

NEON
RR 60, 60
GG 33, 33
BB 42, 42

[row,col] = [50,20]

NEON
RR 60, 60
GG 33, 33
BB 42, 42

[row,col] = [50,18]

NEON
RR 60, 60
GG 33, 33
BB 42, 42

[row,col] = [50,16]

NEON
RR 60, 60
GG 42, 42
BB 48, 48

[row,col] = [50,14]

NEON
RR 63, 63
GG 63, 63
BB 63, 63

[row,col] = [50,12]

NEON
RR 63, 63
GG 63, 63
BB 63, 63

[row,col] = [50,10]

NEON
RR 63, 63
GG 63, 63
BB 63, 63

[row,col] = [50,08]

NEON
RR 63, 63
GG 63, 63
BB 63, 63

[row,col] = [50,06]

NEON
RR 63, 63
GG 63, 63
BB 63, 63

[row,col] = [50,04]

NEON
RR 63, 63
GG 63, 63
BB 63, 63

[row,col] = [50,02]

NEON
RR 62, 62
GG 56, 56
BB 58, 58

[row,col] = [48,44]

NEON
RR 63, 63
GG 63, 63
BB 63, 63

[row,col] = [48,42]

NEON
RR 63, 63
GG 63, 63
BB 63, 63

[row,col] = [48,40]

NEON
RR 63, 63
GG 63, 63
BB 63, 63

[row,col] = [48,38]

NEON
RR 63, 63
GG 63, 63
BB 63, 63

[row,col] = [48,36]

NEON
RR 63, 63
GG 63, 63
BB 63, 63

[row,col] = [48,34]

NEON
RR 63, 63
GG 63, 63
BB 63, 63

[row,col] = [48,32]

NEON
RR 63, 63
GG 61, 61
BB 62, 62

[row,col] = [48,30]

NEON
RR 62, 62
GG 51, 51
BB 55, 55

[row,col] = [48,28]

NEON
RR 62, 62
GG 49, 49
BB 53, 53

[row,col] = [48,26]

NEON
RR 62, 62
GG 52, 52
BB 55, 55

[row,col] = [48,24]

NEON
RR 63, 63
GG 63, 63
BB 63, 63

[row,col] = [48,22]

NEON
RR 63, 63
GG 63, 63
BB 63, 63

[row,col] = [48,20]

NEON
RR 47, 47
GG 44, 44
BB 61, 61

[row,col] = [48,18]

NEON
RR 12, 12
GG 3, 3
BB 60, 60

[row,col] = [48,16]

NEON
RR 12, 12
GG 3, 3
BB 60, 60

[row,col] = [48,14]

NEON
RR 12, 12
GG 3, 3
BB 60, 60

[row,col] = [48,12]

NEON
RR 49, 49
GG 47, 47
BB 62, 62

[row,col] = [48,10]

NEON
RR 63, 63
GG 63, 63
BB 63, 63

[row,col] = [48,08]

NEON
RR 63, 63
GG 63, 63
BB 63, 63

[row,col] = [48,06]

NEON
RR 63, 63
GG 63, 63
BB 63, 63

[row,col] = [48,04]

NEON
RR 63, 63
GG 63, 63
BB 63, 63

[row,col] = [48,02]

NEON
RR 63, 63
GG 63, 63
BB 63, 63

[row,col] = [46,44]

NEON
RR 63, 63
GG 63, 63
BB 63, 63

[row,col] = [46,42]

NEON
RR 63, 63
GG 63, 63
BB 63, 63

[row,col] = [46,40]

NEON
RR 63, 63
GG 63, 63
BB 63, 63

[row,col] = [46,38]

NEON
RR 63, 63
GG 63, 63
BB 63, 63

[row,col] = [46,36]

NEON
RR 63, 63
GG 63, 63
BB 63, 63

[row,col] = [46,34]

NEON
RR 63, 63
GG 63, 63
BB 63, 63

[row,col] = [46,32]

NEON
RR 63, 63
GG 63, 63
BB 63, 63

[row,col] = [46,30]

NEON
RR 63, 63
GG 63, 63
BB 63, 63

[row,col] = [46,28]

NEON
RR 63, 63
GG 63, 63
BB 63, 63

[row,col] = [46,26]

NEON
RR 63, 63
GG 63, 63
BB 63, 63

[row,col] = [46,24]

NEON
RR 63, 63
GG 63, 63
BB 63, 63

[row,col] = [46,22]

NEON
RR 63, 63
GG 63, 63
BB 63, 63

[row,col] = [46,20]

NEON
RR 63, 63
GG 63, 63
BB 63, 63

[row,col] = [46,18]

NEON
RR 63, 63
GG 63, 63
BB 63, 63

[row,col] = [46,16]

NEON
RR 63, 63
GG 63, 63
BB 63, 63

[row,col] = [46,14]

NEON
RR 63, 63
GG 63, 63
BB 63, 63

[row,col] = [46,12]

NEON
RR 63, 63
GG 63, 63
BB 63, 63

[row,col] = [46,10]

NEON
RR 63, 63
GG 63, 63
BB 63, 63

[row,col] = [46,08]

NEON
RR 63, 63
GG 63, 63
BB 63, 63

[row,col] = [46,06]

NEON
RR 63, 63
GG 63, 63
BB 63, 63

[row,col] = [46,04]

NEON
RR 63, 63
GG 63, 63
BB 63, 63

[row,col] = [46,02]

NEON
RR 63, 63
GG 63, 63
BB 63, 63

[row,col] = [44,44]

NEON
RR 11, 11
GG 1, 1
BB 60, 60

[row,col] = [44,42]

NEON
RR 11, 11
GG 1, 1
BB 60, 60

[row,col] = [44,40]

NEON
RR 11, 11
GG 1, 1
BB 60, 60

[row,col] = [44,38]

NEON
RR 11, 11
GG 1, 1
BB 60, 60

[row,col] = [44,36]

NEON
RR 27, 27
GG 21, 21
BB 60, 60

[row,col] = [44,34]

NEON
RR 35, 35
GG 30, 30
BB 61, 61

[row,col] = [44,32]

NEON
RR 35, 35
GG 30, 30
BB 61, 61

[row,col] = [44,30]

NEON
RR 40, 40
GG 36, 36
BB 61, 61

[row,col] = [44,28]

NEON
RR 45, 45
GG 41, 41
BB 61, 61

[row,col] = [44,26]

NEON
RR 44, 44
GG 41, 41
BB 61, 61

[row,col] = [44,24]

NEON
RR 36, 36
GG 32, 32
BB 61, 61

[row,col] = [44,22]

NEON
RR 12, 12
GG 3, 3
BB 60, 60

[row,col] = [44,20]

NEON
RR 12, 12
GG 3, 3
BB 60, 60

[row,col] = [44,18]

NEON
RR 12, 12
GG 3, 3
BB 60, 60

[row,col] = [44,16]

NEON
RR 35, 35
GG 30, 30
BB 61, 61

[row,col] = [44,14]

NEON
RR 63, 63
GG 63, 63
BB 63, 63

[row,col] = [44,12]

NEON
RR 63, 63
GG 63, 63
BB 63, 63

[row,col] = [44,10]

NEON
RR 59, 59
GG 59, 59
BB 59, 59

[row,col] = [44,08]

NEON
RR 40, 40
GG 40, 40
BB 40, 40

[row,col] = [44,06]

NEON
RR 62, 62
GG 62, 62
BB 62, 62

[row,col] = [44,04]

NEON
RR 63, 63
GG 63, 63
BB 63, 63

[row,col] = [44,02]

NEON
RR 63, 63
GG 63, 63
BB 63, 63

[row,col] = [42,44]

NEON
RR 63, 63
GG 63, 63
BB 63, 63

[row,col] = [42,42]

NEON
RR 42, 42
GG 42, 42
BB 42, 42

[row,col] = [42,40]

NEON
RR 40, 40
GG 40, 40
BB 40, 40

[row,col] = [42,38]

NEON
RR 52, 52
GG 52, 52
BB 52, 52

[row,col] = [42,36]

NEON
RR 63, 63
GG 63, 63
BB 63, 63

[row,col] = [42,34]

NEON
RR 63, 63
GG 63, 63
BB 63, 63

[row,col] = [42,32]

NEON
RR 63, 63
GG 63, 63
BB 63, 63

[row,col] = [42,30]

NEON
RR 63, 63
GG 63, 63
BB 63, 63

[row,col] = [42,28]

NEON
RR 63, 63
GG 63, 63
BB 63, 63

[row,col] = [42,26]

NEON
RR 63, 63
GG 63, 63
BB 63, 63

[row,col] = [42,24]

NEON
RR 12, 12
GG 3, 3
BB 60, 60

[row,col] = [42,22]

NEON
RR 12, 12
GG 3, 3
BB 60, 60

[row,col] = [42,20]

NEON
RR 12, 12
GG 3, 3
BB 60, 60

[row,col] = [42,18]

NEON
RR 12, 12
GG 3, 3
BB 60, 60

[row,col] = [42,16]

NEON
RR 12, 12
GG 3, 3
BB 60, 60

[row,col] = [42,14]

NEON
RR 12, 12
GG 3, 3
BB 60, 60

[row,col] = [42,12]

NEON
RR 12, 12
GG 3, 3
BB 60, 60

[row,col] = [42,10]

NEON
RR 12, 12
GG 3, 3
BB 60, 60

[row,col] = [42,08]

NEON
RR 12, 12
GG 3, 3
BB 60, 60

[row,col] = [42,06]

NEON
RR 12, 12
GG 3, 3
BB 60, 60

[row,col] = [42,04]

NEON
RR 12, 12
GG 3, 3
BB 60, 60

[row,col] = [42,02]

NEON
RR 12, 12
GG 3, 3
BB 60, 60

[row,col] = [40,44]

NEON
RR 12, 12
GG 3, 3
BB 60, 60

[row,col] = [40,42]

NEON
RR 12, 12
GG 3, 3
BB 60, 60

[row,col] = [40,40]

NEON
RR 12, 12
GG 3, 3
BB 60, 60

[row,col] = [40,38]

NEON
RR 12, 12
GG 3, 3
BB 60, 60

[row,col] = [40,36]

NEON
RR 12, 12
GG 3, 3
BB 60, 60

[row,col] = [40,34]

NEON
RR 12, 12
GG 3, 3
BB 60, 60

[row,col] = [40,32]

NEON
RR 12, 12
GG 3, 3
BB 60, 60

[row,col] = [40,30]

NEON
RR 12, 12
GG 3, 3
BB 60, 60

[row,col] = [40,28]

NEON
RR 12, 12
GG 3, 3
BB 60, 60

[row,col] = [40,26]

NEON
RR 12, 12
GG 3, 3
BB 60, 60

[row,col] = [40,24]

NEON
RR 12, 12
GG 3, 3
BB 60, 60

[row,col] = [40,22]

NEON
RR 12, 12
GG 3, 3
BB 60, 60

[row,col] = [40,20]

NEON
RR 24, 24
GG 17, 17
BB 60, 60

[row,col] = [40,18]

NEON
RR 63, 63
GG 63, 63
BB 63, 63

[row,col] = [40,16]

NEON
RR 63, 63
GG 63, 63
BB 63, 63

[row,col] = [40,14]

NEON
RR 63, 63
GG 63, 63
BB 63, 63

[row,col] = [40,12]

NEON
RR 51, 51
GG 51, 51
BB 51, 51

[row,col] = [40,10]

NEON
RR 40, 40
GG 40, 40
BB 40, 40

[row,col] = [40,08]

NEON
RR 40, 40
GG 40, 40
BB 40, 40

[row,col] = [40,06]

NEON
RR 53, 53
GG 53, 53
BB 53, 53

[row,col] = [40,04]

NEON
RR 63, 63
GG 63, 63
BB 63, 63

[row,col] = [40,02]

NEON
RR 63, 63
GG 63, 63
BB 63, 63

[row,col] = [38,44]

NEON
RR 40, 40
GG 40, 40
BB 40, 40

[row,col] = [38,42]

NEON
RR 40, 40
GG 40, 40
BB 40, 40

[row,col] = [38,40]

NEON
RR 40, 40
GG 40, 40
BB 40, 40

[row,col] = [38,38]

NEON
RR 62, 62
GG 62, 62
BB 62, 62

[row,col] = [38,36]

NEON
RR 63, 63
GG 63, 63
BB 63, 63

[row,col] = [38,34]

NEON
RR 63, 63
GG 63, 63
BB 63, 63

[row,col] = [38,32]

NEON
RR 63, 63
GG 63, 63
BB 63, 63

[row,col] = [38,30]

NEON
RR 63, 63
GG 63, 63
BB 63, 63

[row,col] = [38,28]

NEON
RR 63, 63
GG 63, 63
BB 63, 63

[row,col] = [38,26]

NEON
RR 63, 63
GG 63, 63
BB 63, 63

[row,col] = [38,24]

NEON
RR 24, 24
GG 17, 17
BB 60, 60

[row,col] = [38,22]

NEON
RR 12, 12
GG 3, 3
BB 60, 60

[row,col] = [38,20]

NEON
RR 33, 33
GG 28, 28
BB 60, 60

[row,col] = [38,18]

NEON
RR 48, 48
GG 45, 45
BB 62, 62

[row,col] = [38,16]

NEON
RR 53, 53
GG 51, 51
BB 62, 62

[row,col] = [38,14]

NEON
RR 58, 58
GG 57, 57
BB 63, 63

[row,col] = [38,12]

NEON
RR 60, 60
GG 60, 60
BB 63, 63

[row,col] = [38,10]

NEON
RR 61, 61
GG 61, 61
BB 63, 63

[row,col] = [38,08]

NEON
RR 61, 61
GG 61, 61
BB 63, 63

[row,col] = [38,06]

NEON
RR 60, 60
GG 59, 59
BB 63, 63

[row,col] = [38,04]

NEON
RR 58, 58
GG 57, 57
BB 63, 63

[row,col] = [38,02]

NEON
RR 55, 55
GG 54, 54
BB 62, 62

[row,col] = [36,44]

NEON
RR 63, 63
GG 63, 63
BB 63, 63

[row,col] = [36,42]

NEON
RR 63, 63
GG 63, 63
BB 63, 63

[row,col] = [36,40]

NEON
RR 63, 63
GG 63, 63
BB 63, 63

[row,col] = [36,38]

NEON
RR 63, 63
GG 63, 63
BB 63, 63

[row,col] = [36,36]

NEON
RR 63, 63
GG 63, 63
BB 63, 63

[row,col] = [36,34]

NEON
RR 63, 63
GG 63, 63
BB 63, 63

[row,col] = [36,32]

NEON
RR 63, 63
GG 63, 63
BB 63, 63

[row,col] = [36,30]

NEON
RR 63, 63
GG 63, 63
BB 63, 63

[row,col] = [36,28]

NEON
RR 63, 63
GG 63, 63
BB 63, 63

[row,col] = [36,26]

NEON
RR 63, 63
GG 63, 63
BB 63, 63

[row,col] = [36,24]

NEON
RR 63, 63
GG 63, 63
BB 63, 63

[row,col] = [36,22]

NEON
RR 63, 63
GG 63, 63
BB 63, 63

[row,col] = [36,20]

NEON
RR 63, 63
GG 63, 63
BB 63, 63

[row,col] = [36,18]

NEON
RR 63, 63
GG 63, 63
BB 63, 63

[row,col] = [36,16]

NEON
RR 58, 58
GG 58, 58
BB 58, 58

[row,col] = [36,14]

NEON
RR 40, 40
GG 40, 40
BB 40, 40

[row,col] = [36,12]

NEON
RR 40, 40
GG 40, 40
BB 40, 40

[row,col] = [36,10]

NEON
RR 40, 40
GG 40, 40
BB 40, 40

[row,col] = [36,08]

NEON
RR 56, 56
GG 56, 56
BB 56, 56

[row,col] = [36,06]

NEON
RR 63, 63
GG 63, 63
BB 63, 63

[row,col] = [36,04]

NEON
RR 63, 63
GG 63, 63
BB 63, 63

[row,col] = [36,02]

NEON
RR 63, 63
GG 63, 63
BB 63, 63

[row,col] = [34,44]

NEON
RR 40, 40
GG 40, 40
BB 40, 40

[row,col] = [34,42]

NEON
RR 40, 40
GG 40, 40
BB 40, 40

[row,col] = [34,40]

NEON
RR 63, 63
GG 63, 63
BB 63, 63

[row,col] = [34,38]

NEON
RR 63, 63
GG 63, 63
BB 63, 63

[row,col] = [34,36]

NEON
RR 63, 63
GG 63, 63
BB 63, 63

[row,col] = [34,34]

NEON
RR 63, 63
GG 63, 63
BB 63, 63

[row,col] = [34,32]

NEON
RR 63, 63
GG 63, 63
BB 63, 63

[row,col] = [34,30]

NEON
RR 63, 63
GG 63, 63
BB 63, 63

[row,col] = [34,28]

NEON
RR 63, 63
GG 63, 63
BB 63, 63

[row,col] = [34,26]

NEON
RR 63, 63
GG 63, 63
BB 63, 63

[row,col] = [34,24]

NEON
RR 63, 63
GG 63, 63
BB 63, 63

[row,col] = [34,22]

NEON
RR 63, 63
GG 63, 63
BB 63, 63

[row,col] = [34,20]

NEON
RR 63, 63
GG 63, 63
BB 63, 63

[row,col] = [34,18]

NEON
RR 63, 63
GG 63, 63
BB 63, 63

[row,col] = [34,16]

NEON
RR 63, 63
GG 63, 63
BB 63, 63

[row,col] = [34,14]

NEON
RR 63, 63
GG 63, 63
BB 63, 63

[row,col] = [34,12]

NEON
RR 63, 63
GG 63, 63
BB 63, 63

[row,col] = [34,10]

NEON
RR 63, 63
GG 63, 63
BB 63, 63

[row,col] = [34,08]

NEON
RR 63, 63
GG 63, 63
BB 63, 63

[row,col] = [34,06]

NEON
RR 63, 63
GG 63, 63
BB 63, 63

[row,col] = [34,04]

NEON
RR 63, 63
GG 63, 63
BB 63, 63

[row,col] = [34,02]

NEON
RR 63, 63
GG 63, 63
BB 63, 63

[row,col] = [32,44]

NEON
RR 58, 58
GG 58, 58
BB 58, 58

[row,col] = [32,42]

NEON
RR 59, 59
GG 59, 59
BB 59, 59

[row,col] = [32,40]

NEON
RR 59, 59
GG 59, 59
BB 59, 59

[row,col] = [32,38]

NEON
RR 61, 61
GG 61, 61
BB 61, 61

[row,col] = [32,36]

NEON
RR 62, 62
GG 62, 62
BB 62, 62

[row,col] = [32,34]

NEON
RR 63, 63
GG 63, 63
BB 63, 63

[row,col] = [32,32]

NEON
RR 63, 63
GG 63, 63
BB 63, 63

[row,col] = [32,30]

NEON
RR 63, 63
GG 63, 63
BB 63, 63

[row,col] = [32,28]

NEON
RR 63, 63
GG 63, 63
BB 63, 63

[row,col] = [32,26]

NEON
RR 63, 63
GG 63, 63
BB 63, 63

[row,col] = [32,24]

NEON
RR 63, 63
GG 63, 63
BB 63, 63

[row,col] = [32,22]

NEON
RR 58, 58
GG 58, 58
BB 58, 58

[row,col] = [32,20]

NEON
RR 40, 40
GG 40, 40
BB 40, 40

[row,col] = [32,18]

NEON
RR 40, 40
GG 40, 40
BB 40, 40

[row,col] = [32,16]

NEON
RR 40, 40
GG 40, 40
BB 40, 40

[row,col] = [32,14]

NEON
RR 40, 40
GG 40, 40
BB 40, 40

[row,col] = [32,12]

NEON
RR 44, 44
GG 44, 44
BB 44, 44

[row,col] = [32,10]

NEON
RR 63, 63
GG 63, 63
BB 63, 63

[row,col] = [32,08]

NEON
RR 63, 63
GG 63, 63
BB 63, 63

[row,col] = [32,06]

NEON
RR 63, 63
GG 63, 63
BB 63, 63

[row,col] = [32,04]

NEON
RR 63, 63
GG 63, 63
BB 63, 63

[row,col] = [32,02]

NEON
RR 63, 63
GG 63, 63
BB 63, 63

[row,col] = [30,44]

NEON
RR 61, 61
GG 61, 61
BB 61, 61

[row,col] = [30,42]

NEON
RR 63, 63
GG 63, 63
BB 63, 63

[row,col] = [30,40]

NEON
RR 63, 63
GG 63, 63
BB 63, 63

[row,col] = [30,38]

NEON
RR 63, 63
GG 63, 63
BB 63, 63

[row,col] = [30,36]

NEON
RR 63, 63
GG 63, 63
BB 63, 63

[row,col] = [30,34]

NEON
RR 63, 63
GG 63, 63
BB 63, 63

[row,col] = [30,32]

NEON
RR 63, 63
GG 63, 63
BB 63, 63

[row,col] = [30,30]

NEON
RR 63, 63
GG 63, 63
BB 63, 63

[row,col] = [30,28]

NEON
RR 63, 63
GG 63, 63
BB 63, 63

[row,col] = [30,26]

NEON
RR 63, 63
GG 63, 63
BB 63, 63

[row,col] = [30,24]

NEON
RR 62, 62
GG 62, 62
BB 62, 62

[row,col] = [30,22]

NEON
RR 44, 44
GG 44, 44
BB 44, 44

[row,col] = [30,20]

NEON
RR 40, 40
GG 40, 40
BB 40, 40

[row,col] = [30,18]

NEON
RR 40, 40
GG 40, 40
BB 40, 40

[row,col] = [30,16]

NEON
RR 40, 40
GG 40, 40
BB 40, 40

[row,col] = [30,14]

NEON
RR 40, 40
GG 40, 40
BB 40, 40

[row,col] = [30,12]

NEON
RR 40, 40
GG 40, 40
BB 40, 40

[row,col] = [30,10]

NEON
RR 40, 40
GG 40, 40
BB 40, 40

[row,col] = [30,08]

NEON
RR 40, 40
GG 40, 40
BB 40, 40

[row,col] = [30,06]

NEON
RR 40, 40
GG 40, 40
BB 40, 40

[row,col] = [30,04]

NEON
RR 40, 40
GG 40, 40
BB 40, 40

[row,col] = [30,02]

NEON
RR 40, 40
GG 40, 40
BB 40, 40

[row,col] = [28,44]

NEON
RR 40, 40
GG 40, 40
BB 40, 40

[row,col] = [28,42]

NEON
RR 40, 40
GG 40, 40
BB 40, 40

[row,col] = [28,40]

NEON
RR 40, 40
GG 40, 40
BB 40, 40

[row,col] = [28,38]

NEON
RR 40, 40
GG 40, 40
BB 40, 40

[row,col] = [28,36]

NEON
RR 40, 40
GG 40, 40
BB 40, 40

[row,col] = [28,34]

NEON
RR 40, 40
GG 40, 40
BB 40, 40

[row,col] = [28,32]

NEON
RR 40, 40
GG 40, 40
BB 40, 40

[row,col] = [28,30]

NEON
RR 40, 40
GG 40, 40
BB 40, 40

[row,col] = [28,28]

NEON
RR 40, 40
GG 40, 40
BB 40, 40

[row,col] = [28,26]

NEON
RR 40, 40
GG 40, 40
BB 40, 40

[row,col] = [28,24]

NEON
RR 40, 40
GG 40, 40
BB 40, 40

[row,col] = [28,22]

NEON
RR 40, 40
GG 40, 40
BB 40, 40

[row,col] = [28,20]

NEON
RR 40, 40
GG 40, 40
BB 40, 40

[row,col] = [28,18]

NEON
RR 40, 40
GG 40, 40
BB 40, 40

[row,col] = [28,16]

NEON
RR 59, 59
GG 59, 59
BB 59, 59

[row,col] = [28,14]

NEON
RR 63, 63
GG 63, 63
BB 63, 63

[row,col] = [28,12]

NEON
RR 63, 63
GG 63, 63
BB 63, 63

[row,col] = [28,10]

NEON
RR 59, 59
GG 53, 53
BB 55, 55

[row,col] = [28,08]

NEON
RR 49, 49
GG 7, 7
BB 21, 21

[row,col] = [28,06]

NEON
RR 51, 51
GG 27, 27
BB 36, 36

[row,col] = [28,04]

NEON
RR 63, 63
GG 63, 63
BB 63, 63

[row,col] = [28,02]

NEON
RR 63, 63
GG 63, 63
BB 63, 63

[row,col] = [26,44]

NEON
RR 63, 63
GG 63, 63
BB 63, 63

[row,col] = [26,42]

NEON
RR 50, 50
GG 15, 15
BB 27, 27

[row,col] = [26,40]

NEON
RR 49, 49
GG 7, 7
BB 21, 21

[row,col] = [26,38]

NEON
RR 49, 49
GG 7, 7
BB 21, 21

[row,col] = [26,36]

NEON
RR 63, 63
GG 63, 63
BB 63, 63

[row,col] = [26,34]

NEON
RR 63, 63
GG 63, 63
BB 63, 63

[row,col] = [26,32]

NEON
RR 63, 63
GG 63, 63
BB 63, 63

[row,col] = [26,30]

NEON
RR 63, 63
GG 63, 63
BB 63, 63

[row,col] = [26,28]

NEON
RR 63, 63
GG 63, 63
BB 63, 63

[row,col] = [26,26]

NEON
RR 63, 63
GG 63, 63
BB 63, 63

[row,col] = [26,24]

NEON
RR 40, 40
GG 40, 40
BB 40, 40

[row,col] = [26,22]

NEON
RR 40, 40
GG 40, 40
BB 40, 40

[row,col] = [26,20]

NEON
RR 40, 40
GG 40, 40
BB 40, 40

[row,col] = [26,18]

NEON
RR 40, 40
GG 40, 40
BB 40, 40

[row,col] = [26,16]

NEON
RR 46, 46
GG 46, 46
BB 46, 46

[row,col] = [26,14]

NEON
RR 52, 52
GG 52, 52
BB 52, 52

[row,col] = [26,12]

NEON
RR 52, 52
GG 52, 52
BB 52, 52

[row,col] = [26,10]

NEON
RR 50, 50
GG 50, 50
BB 50, 50

[row,col] = [26,08]

NEON
RR 49, 49
GG 49, 49
BB 49, 49

[row,col] = [26,06]

NEON
RR 47, 47
GG 47, 47
BB 47, 47

[row,col] = [26,04]

NEON
RR 40, 40
GG 40, 40
BB 40, 40

[row,col] = [26,02]

NEON
RR 40, 40
GG 40, 40
BB 40, 40

[row,col] = [24,44]

NEON
RR 63, 63
GG 63, 63
BB 63, 63

[row,col] = [24,42]

NEON
RR 63, 63
GG 63, 63
BB 63, 63

[row,col] = [24,40]

NEON
RR 63, 63
GG 63, 63
BB 63, 63

[row,col] = [24,38]

NEON
RR 63, 63
GG 63, 63
BB 63, 63

[row,col] = [24,36]

NEON
RR 62, 62
GG 62, 62
BB 62, 62

[row,col] = [24,34]

NEON
RR 57, 57
GG 57, 57
BB 57, 57

[row,col] = [24,32]

NEON
RR 53, 53
GG 53, 53
BB 53, 53

[row,col] = [24,30]

NEON
RR 50, 50
GG 50, 50
BB 50, 50

[row,col] = [24,28]

NEON
RR 47, 47
GG 47, 47
BB 47, 47

[row,col] = [24,26]

NEON
RR 49, 49
GG 49, 49
BB 49, 49

[row,col] = [24,24]

NEON
RR 55, 55
GG 55, 55
BB 55, 55

[row,col] = [24,22]

NEON
RR 61, 61
GG 61, 61
BB 61, 61

[row,col] = [24,20]

NEON
RR 63, 63
GG 63, 63
BB 63, 63

[row,col] = [24,18]

NEON
RR 63, 63
GG 63, 63
BB 63, 63

[row,col] = [24,16]

NEON
RR 63, 63
GG 63, 63
BB 63, 63

[row,col] = [24,14]

NEON
RR 63, 63
GG 63, 63
BB 63, 63

[row,col] = [24,12]

NEON
RR 51, 51
GG 24, 24
BB 33, 33

[row,col] = [24,10]

NEON
RR 49, 49
GG 7, 7
BB 21, 21

[row,col] = [24,08]

NEON
RR 49, 49
GG 7, 7
BB 21, 21

[row,col] = [24,06]

NEON
RR 51, 51
GG 23, 23
BB 32, 32

[row,col] = [24,04]

NEON
RR 63, 63
GG 63, 63
BB 63, 63

[row,col] = [24,02]

NEON
RR 63, 63
GG 63, 63
BB 63, 63

[row,col] = [22,44]

NEON
RR 49, 49
GG 7, 7
BB 21, 21

[row,col] = [22,42]

NEON
RR 49, 49
GG 7, 7
BB 21, 21

[row,col] = [22,40]

NEON
RR 49, 49
GG 7, 7
BB 21, 21

[row,col] = [22,38]

NEON
RR 61, 61
GG 58, 58
BB 59, 59

[row,col] = [22,36]

NEON
RR 63, 63
GG 63, 63
BB 63, 63

[row,col] = [22,34]

NEON
RR 63, 63
GG 63, 63
BB 63, 63

[row,col] = [22,32]

NEON
RR 63, 63
GG 63, 63
BB 63, 63

[row,col] = [22,30]

NEON
RR 63, 63
GG 63, 63
BB 63, 63

[row,col] = [22,28]

NEON
RR 63, 63
GG 63, 63
BB 63, 63

[row,col] = [22,26]

NEON
RR 63, 63
GG 63, 63
BB 63, 63

[row,col] = [22,24]

NEON
RR 63, 63
GG 63, 63
BB 63, 63

[row,col] = [22,22]

NEON
RR 63, 63
GG 63, 63
BB 63, 63

[row,col] = [22,20]

NEON
RR 63, 63
GG 63, 63
BB 63, 63

[row,col] = [22,18]

NEON
RR 63, 63
GG 63, 63
BB 63, 63

[row,col] = [22,16]

NEON
RR 63, 63
GG 63, 63
BB 63, 63

[row,col] = [22,14]

NEON
RR 63, 63
GG 63, 63
BB 63, 63

[row,col] = [22,12]

NEON
RR 63, 63
GG 63, 63
BB 63, 63

[row,col] = [22,10]

NEON
RR 63, 63
GG 63, 63
BB 63, 63

[row,col] = [22,08]

NEON
RR 63, 63
GG 63, 63
BB 63, 63

[row,col] = [22,06]

NEON
RR 63, 63
GG 63, 63
BB 63, 63

[row,col] = [22,04]

NEON
RR 63, 63
GG 63, 63
BB 63, 63

[row,col] = [22,02]

NEON
RR 63, 63
GG 63, 63
BB 63, 63

[row,col] = [20,44]

NEON
RR 63, 63
GG 63, 63
BB 63, 63

[row,col] = [20,42]

NEON
RR 63, 63
GG 63, 63
BB 63, 63

[row,col] = [20,40]

NEON
RR 63, 63
GG 63, 63
BB 63, 63

[row,col] = [20,38]

NEON
RR 63, 63
GG 63, 63
BB 63, 63

[row,col] = [20,36]

NEON
RR 63, 63
GG 63, 63
BB 63, 63

[row,col] = [20,34]

NEON
RR 63, 63
GG 63, 63
BB 63, 63

[row,col] = [20,32]

NEON
RR 63, 63
GG 63, 63
BB 63, 63

[row,col] = [20,30]

NEON
RR 63, 63
GG 63, 63
BB 63, 63

[row,col] = [20,28]

NEON
RR 63, 63
GG 63, 63
BB 63, 63

[row,col] = [20,26]

NEON
RR 63, 63
GG 63, 63
BB 63, 63

[row,col] = [20,24]

NEON
RR 63, 63
GG 63, 63
BB 63, 63

[row,col] = [20,22]

NEON
RR 63, 63
GG 63, 63
BB 63, 63

[row,col] = [20,20]

NEON
RR 63, 63
GG 63, 63
BB 63, 63

[row,col] = [20,18]

NEON
RR 63, 63
GG 63, 63
BB 63, 63

[row,col] = [20,16]

NEON
RR 49, 49
GG 6, 6
BB 21, 21

[row,col] = [20,14]

NEON
RR 49, 49
GG 7, 7
BB 21, 21

[row,col] = [20,12]

NEON
RR 49, 49
GG 7, 7
BB 21, 21

[row,col] = [20,10]

NEON
RR 49, 49
GG 7, 7
BB 21, 21

[row,col] = [20,08]

NEON
RR 57, 57
GG 48, 48
BB 51, 51

[row,col] = [20,06]

NEON
RR 63, 63
GG 63, 63
BB 63, 63

[row,col] = [20,04]

NEON
RR 63, 63
GG 63, 63
BB 63, 63

[row,col] = [20,02]

NEON
RR 63, 63
GG 63, 63
BB 63, 63

[row,col] = [18,44]

NEON
RR 49, 49
GG 7, 7
BB 21, 21

[row,col] = [18,42]

NEON
RR 51, 51
GG 25, 25
BB 34, 34

[row,col] = [18,40]

NEON
RR 63, 63
GG 63, 63
BB 63, 63

[row,col] = [18,38]

NEON
RR 63, 63
GG 63, 63
BB 63, 63

[row,col] = [18,36]

NEON
RR 63, 63
GG 63, 63
BB 63, 63

[row,col] = [18,34]

NEON
RR 63, 63
GG 63, 63
BB 63, 63

[row,col] = [18,32]

NEON
RR 63, 63
GG 63, 63
BB 63, 63

[row,col] = [18,30]

NEON
RR 63, 63
GG 63, 63
BB 63, 63

[row,col] = [18,28]

NEON
RR 63, 63
GG 63, 63
BB 63, 63

[row,col] = [18,26]

NEON
RR 63, 63
GG 63, 63
BB 63, 63

[row,col] = [18,24]

NEON
RR 63, 63
GG 63, 63
BB 63, 63

[row,col] = [18,22]

NEON
RR 63, 63
GG 63, 63
BB 63, 63

[row,col] = [18,20]

NEON
RR 60, 60
GG 55, 55
BB 56, 56

[row,col] = [18,18]

NEON
RR 54, 54
GG 38, 38
BB 43, 43

[row,col] = [18,16]

NEON
RR 54, 54
GG 37, 37
BB 42, 42

[row,col] = [18,14]

NEON
RR 54, 54
GG 37, 37
BB 42, 42

[row,col] = [18,12]

NEON
RR 55, 55
GG 42, 42
BB 47, 47

[row,col] = [18,10]

NEON
RR 56, 56
GG 46, 46
BB 50, 50

[row,col] = [18,08]

NEON
RR 61, 61
GG 59, 59
BB 60, 60

[row,col] = [18,06]

NEON
RR 63, 63
GG 63, 63
BB 63, 63

[row,col] = [18,04]

NEON
RR 63, 63
GG 63, 63
BB 63, 63

[row,col] = [18,02]

NEON
RR 63, 63
GG 63, 63
BB 63, 63

[row,col] = [16,44]

NEON
RR 49, 49
GG 7, 7
BB 21, 21

[row,col] = [16,42]

NEON
RR 49, 49
GG 7, 7
BB 21, 21

[row,col] = [16,40]

NEON
RR 49, 49
GG 6, 6
BB 21, 21

[row,col] = [16,38]

NEON
RR 55, 55
GG 43, 43
BB 47, 47

[row,col] = [16,36]

NEON
RR 63, 63
GG 63, 63
BB 63, 63

[row,col] = [16,34]

NEON
RR 63, 63
GG 63, 63
BB 63, 63

[row,col] = [16,32]

NEON
RR 63, 63
GG 63, 63
BB 63, 63

[row,col] = [16,30]

NEON
RR 63, 63
GG 63, 63
BB 63, 63

[row,col] = [16,28]

NEON
RR 63, 63
GG 63, 63
BB 63, 63

[row,col] = [16,26]

NEON
RR 60, 60
GG 54, 54
BB 56, 56

[row,col] = [16,24]

NEON
RR 55, 55
GG 40, 40
BB 45, 45

[row,col] = [16,22]

NEON
RR 49, 49
GG 7, 7
BB 21, 21

[row,col] = [16,20]

NEON
RR 49, 49
GG 7, 7
BB 21, 21

[row,col] = [16,18]

NEON
RR 49, 49
GG 7, 7
BB 21, 21

[row,col] = [16,16]

NEON
RR 49, 49
GG 7, 7
BB 21, 21

[row,col] = [16,14]

NEON
RR 49, 49
GG 7, 7
BB 21, 21

[row,col] = [16,12]

NEON
RR 60, 60
GG 54, 54
BB 56, 56

[row,col] = [16,10]

NEON
RR 63, 63
GG 63, 63
BB 63, 63

[row,col] = [16,08]

NEON
RR 63, 63
GG 63, 63
BB 63, 63

[row,col] = [16,06]

NEON
RR 63, 63
GG 63, 63
BB 63, 63

[row,col] = [16,04]

NEON
RR 63, 63
GG 63, 63
BB 63, 63

[row,col] = [16,02]

NEON
RR 63, 63
GG 63, 63
BB 63, 63

[row,col] = [14,44]

NEON
RR 63, 63
GG 63, 63
BB 63, 63

[row,col] = [14,42]

NEON
RR 63, 63
GG 63, 63
BB 63, 63

[row,col] = [14,40]

NEON
RR 63, 63
GG 62, 62
BB 63, 63

[row,col] = [14,38]

NEON
RR 51, 51
GG 13, 13
BB 60, 60

[row,col] = [14,36]

NEON
RR 59, 59
GG 51, 51
BB 62, 62

[row,col] = [14,34]

NEON
RR 63, 63
GG 63, 63
BB 63, 63

[row,col] = [14,32]

NEON
RR 63, 63
GG 63, 63
BB 63, 63

[row,col] = [14,30]

NEON
RR 63, 63
GG 63, 63
BB 63, 63

[row,col] = [14,28]

NEON
RR 63, 63
GG 63, 63
BB 63, 63

[row,col] = [14,26]

NEON
RR 63, 63
GG 63, 63
BB 63, 63

[row,col] = [14,24]

NEON
RR 63, 63
GG 63, 63
BB 63, 63

[row,col] = [14,22]

NEON
RR 60, 60
GG 55, 55
BB 57, 57

[row,col] = [14,20]

NEON
RR 49, 49
GG 7, 7
BB 21, 21

[row,col] = [14,18]

NEON
RR 49, 49
GG 7, 7
BB 21, 21

[row,col] = [14,16]

NEON
RR 49, 49
GG 7, 7
BB 21, 21

[row,col] = [14,14]

NEON
RR 49, 49
GG 7, 7
BB 21, 21

[row,col] = [14,12]

NEON
RR 49, 49
GG 7, 7
BB 21, 21

[row,col] = [14,10]

NEON
RR 49, 49
GG 7, 7
BB 21, 21

[row,col] = [14,08]

NEON
RR 49, 49
GG 7, 7
BB 21, 21

[row,col] = [14,06]

NEON
RR 49, 49
GG 7, 7
BB 21, 21

[row,col] = [14,04]

NEON
RR 49, 49
GG 7, 7
BB 21, 21

[row,col] = [14,02]

NEON
RR 49, 49
GG 7, 7
BB 21, 21

[row,col] = [12,44]

NEON
RR 49, 49
GG 7, 7
BB 21, 21

[row,col] = [12,42]

NEON
RR 49, 49
GG 7, 7
BB 21, 21

[row,col] = [12,40]

NEON
RR 49, 49
GG 7, 7
BB 21, 21

[row,col] = [12,38]

NEON
RR 49, 49
GG 7, 7
BB 21, 21

[row,col] = [12,36]

NEON
RR 49, 49
GG 7, 7
BB 21, 21

[row,col] = [12,34]

NEON
RR 49, 49
GG 7, 7
BB 21, 21

[row,col] = [12,32]

NEON
RR 49, 49
GG 7, 7
BB 21, 21

[row,col] = [12,30]

NEON
RR 49, 49
GG 7, 7
BB 21, 21

[row,col] = [12,28]

NEON
RR 49, 49
GG 7, 7
BB 21, 21

[row,col] = [12,26]

NEON
RR 49, 49
GG 7, 7
BB 21, 21

[row,col] = [12,24]

NEON
RR 49, 49
GG 7, 7
BB 21, 21

[row,col] = [12,22]

NEON
RR 49, 49
GG 7, 7
BB 21, 21

[row,col] = [12,20]

NEON
RR 49, 49
GG 7, 7
BB 21, 21

[row,col] = [12,18]

NEON
RR 51, 51
GG 25, 25
BB 34, 34

[row,col] = [12,16]

NEON
RR 63, 63
GG 61, 61
BB 62, 62

[row,col] = [12,14]

NEON
RR 63, 63
GG 63, 63
BB 63, 63

[row,col] = [12,12]

NEON
RR 63, 63
GG 63, 63
BB 63, 63

[row,col] = [12,10]

NEON
RR 61, 61
GG 58, 58
BB 63, 63

[row,col] = [12,08]

NEON
RR 50, 50
GG 6, 6
BB 60, 60

[row,col] = [12,06]

NEON
RR 50, 50
GG 6, 6
BB 60, 60

[row,col] = [12,04]

NEON
RR 50, 50
GG 6, 6
BB 60, 60

[row,col] = [12,02]

NEON
RR 63, 63
GG 63, 63
BB 63, 63

[row,col] = [10,44]

NEON
RR 59, 59
GG 52, 52
BB 62, 62

[row,col] = [10,42]

NEON
RR 51, 51
GG 9, 9
BB 60, 60

[row,col] = [10,40]

NEON
RR 50, 50
GG 6, 6
BB 60, 60

[row,col] = [10,38]

NEON
RR 50, 50
GG 6, 6
BB 60, 60

[row,col] = [10,36]

NEON
RR 50, 50
GG 5, 5
BB 60, 60

[row,col] = [10,34]

NEON
RR 63, 63
GG 63, 63
BB 63, 63

[row,col] = [10,32]

NEON
RR 63, 63
GG 63, 63
BB 63, 63

[row,col] = [10,30]

NEON
RR 63, 63
GG 63, 63
BB 63, 63

[row,col] = [10,28]

NEON
RR 63, 63
GG 63, 63
BB 63, 63

[row,col] = [10,26]

NEON
RR 63, 63
GG 63, 63
BB 63, 63

[row,col] = [10,24]

NEON
RR 63, 63
GG 63, 63
BB 63, 63

[row,col] = [10,22]

NEON
RR 63, 63
GG 63, 63
BB 63, 63

[row,col] = [10,20]

NEON
RR 63, 63
GG 63, 63
BB 63, 63

[row,col] = [10,18]

NEON
RR 63, 63
GG 62, 62
BB 63, 63

[row,col] = [10,16]

NEON
RR 62, 62
GG 61, 61
BB 63, 63

[row,col] = [10,14]

NEON
RR 62, 62
GG 61, 61
BB 63, 63

[row,col] = [10,12]

NEON
RR 63, 63
GG 63, 63
BB 63, 63

[row,col] = [10,10]

NEON
RR 63, 63
GG 63, 63
BB 63, 63

[row,col] = [10,08]

NEON
RR 61, 61
GG 58, 58
BB 59, 59

[row,col] = [10,06]

NEON
RR 52, 52
GG 30, 30
BB 37, 37

[row,col] = [10,04]

NEON
RR 49, 49
GG 7, 7
BB 21, 21

[row,col] = [10,02]

NEON
RR 49, 49
GG 7, 7
BB 21, 21

[row,col] = [08,44]

NEON
RR 53, 53
GG 26, 26
BB 61, 61

[row,col] = [08,42]

NEON
RR 55, 55
GG 38, 38
BB 61, 61

[row,col] = [08,40]

NEON
RR 59, 59
GG 50, 50
BB 62, 62

[row,col] = [08,38]

NEON
RR 60, 60
GG 54, 54
BB 62, 62

[row,col] = [08,36]

NEON
RR 56, 56
GG 42, 42
BB 58, 58

[row,col] = [08,34]

NEON
RR 53, 53
GG 31, 31
BB 52, 52

[row,col] = [08,32]

NEON
RR 53, 53
GG 31, 31
BB 52, 52

[row,col] = [08,30]

NEON
RR 54, 54
GG 37, 37
BB 53, 53

[row,col] = [08,28]

NEON
RR 58, 58
GG 49, 49
BB 58, 58

[row,col] = [08,26]

NEON
RR 61, 61
GG 57, 57
BB 62, 62

[row,col] = [08,24]

NEON
RR 61, 61
GG 57, 57
BB 62, 62

[row,col] = [08,22]

NEON
RR 59, 59
GG 52, 52
BB 62, 62

[row,col] = [08,20]

NEON
RR 51, 51
GG 19, 19
BB 60, 60

[row,col] = [08,18]

NEON
RR 50, 50
GG 6, 6
BB 60, 60

[row,col] = [08,16]

NEON
RR 50, 50
GG 6, 6
BB 60, 60

[row,col] = [08,14]

NEON
RR 50, 50
GG 6, 6
BB 60, 60

[row,col] = [08,12]

NEON
RR 50, 50
GG 6, 6
BB 60, 60

[row,col] = [08,10]

NEON
RR 50, 50
GG 6, 6
BB 60, 60

[row,col] = [08,08]

NEON
RR 50, 50
GG 6, 6
BB 60, 60

[row,col] = [08,06]

NEON
RR 50, 50
GG 6, 6
BB 60, 60

[row,col] = [08,04]

NEON
RR 63, 63
GG 63, 63
BB 63, 63

[row,col] = [08,02]

NEON
RR 63, 63
GG 63, 63
BB 63, 63

[row,col] = [06,44]

NEON
RR 50, 50
GG 6, 6
BB 60, 60

[row,col] = [06,42]

NEON
RR 50, 50
GG 12, 12
BB 25, 25

[row,col] = [06,40]

NEON
RR 50, 50
GG 12, 12
BB 25, 25

[row,col] = [06,38]

NEON
RR 57, 57
GG 48, 48
BB 51, 51

[row,col] = [06,36]

NEON
RR 63, 63
GG 63, 63
BB 63, 63

[row,col] = [06,34]

NEON
RR 63, 63
GG 63, 63
BB 63, 63

[row,col] = [06,32]

NEON
RR 63, 63
GG 63, 63
BB 63, 63

[row,col] = [06,30]

NEON
RR 63, 63
GG 63, 63
BB 63, 63

[row,col] = [06,28]

NEON
RR 63, 63
GG 63, 63
BB 63, 63

[row,col] = [06,26]

NEON
RR 63, 63
GG 63, 63
BB 63, 63

[row,col] = [06,24]

NEON
RR 63, 63
GG 63, 63
BB 63, 63

[row,col] = [06,22]

NEON
RR 50, 50
GG 12, 12
BB 25, 25

[row,col] = [06,20]

NEON
RR 50, 50
GG 12, 12
BB 25, 25

[row,col] = [06,18]

NEON
RR 50, 50
GG 12, 12
BB 25, 25

[row,col] = [06,16]

NEON
RR 50, 50
GG 12, 12
BB 25, 25

[row,col] = [06,14]

NEON
RR 50, 50
GG 12, 12
BB 25, 25

[row,col] = [06,12]

NEON
RR 50, 50
GG 12, 12
BB 25, 25

[row,col] = [06,10]

NEON
RR 50, 50
GG 12, 12
BB 25, 25

[row,col] = [06,08]

NEON
RR 50, 50
GG 12, 12
BB 25, 25

[row,col] = [06,06]

NEON
RR 50, 50
GG 12, 12
BB 25, 25

[row,col] = [06,04]

NEON
RR 50, 50
GG 12, 12
BB 25, 25

[row,col] = [06,02]

NEON
RR 50, 50
GG 12, 12
BB 25, 25

[row,col] = [04,44]

NEON
RR 50, 50
GG 12, 12
BB 25, 25

[row,col] = [04,42]

NEON
RR 50, 50
GG 12, 12
BB 25, 25

[row,col] = [04,40]

NEON
RR 50, 50
GG 12, 12
BB 25, 25

[row,col] = [04,38]

NEON
RR 50, 50
GG 12, 12
BB 25, 25

[row,col] = [04,36]

NEON
RR 50, 50
GG 12, 12
BB 25, 25

[row,col] = [04,34]

NEON
RR 50, 50
GG 12, 12
BB 25, 25

[row,col] = [04,32]

NEON
RR 50, 50
GG 12, 12
BB 25, 25

[row,col] = [04,30]

NEON
RR 50, 50
GG 12, 12
BB 25, 25

[row,col] = [04,28]

NEON
RR 50, 50
GG 12, 12
BB 25, 25

[row,col] = [04,26]

NEON
RR 50, 50
GG 12, 12
BB 25, 25

[row,col] = [04,24]

NEON
RR 50, 50
GG 12, 12
BB 25, 25

[row,col] = [04,22]

NEON
RR 50, 50
GG 12, 12
BB 25, 25

[row,col] = [04,20]

NEON
RR 50, 50
GG 12, 12
BB 25, 25

[row,col] = [04,18]

NEON
RR 50, 50
GG 12, 12
BB 25, 25

[row,col] = [04,16]

NEON
RR 50, 50
GG 12, 12
BB 25, 25

[row,col] = [04,14]

NEON
RR 50, 50
GG 12, 12
BB 25, 25

[row,col] = [04,12]

NEON
RR 50, 50
GG 12, 12
BB 25, 25

[row,col] = [04,10]

NEON
RR 58, 58
GG 50, 50
BB 52, 52

[row,col] = [04,08]

NEON
RR 63, 63
GG 63, 63
BB 63, 63

[row,col] = [04,06]

NEON
RR 63, 63
GG 63, 63
BB 63, 63

[row,col] = [04,04]

NEON
RR 63, 63
GG 63, 63
BB 63, 63

[row,col] = [04,02]

NEON
RR 63, 63
GG 63, 63
BB 63, 63

[row,col] = [02,44]

NEON
RR 61, 61
GG 57, 57
BB 62, 62

[row,col] = [02,42]

NEON
RR 63, 63
GG 63, 63
BB 63, 63

[row,col] = [02,40]

NEON
RR 63, 63
GG 63, 63
BB 63, 63

[row,col] = [02,38]

NEON
RR 63, 63
GG 63, 63
BB 63, 63

[row,col] = [02,36]

NEON
RR 63, 63
GG 63, 63
BB 63, 63

[row,col] = [02,34]

NEON
RR 63, 63
GG 63, 63
BB 63, 63

[row,col] = [02,32]

NEON
RR 63, 63
GG 63, 63
BB 63, 63

[row,col] = [02,30]

NEON
RR 63, 63
GG 63, 63
BB 63, 63

[row,col] = [02,28]

NEON
RR 63, 63
GG 63, 63
BB 63, 63

[row,col] = [02,26]

NEON
RR 63, 63
GG 63, 63
BB 63, 63

[row,col] = [02,24]

NEON
RR 63, 63
GG 63, 63
BB 63, 63

[row,col] = [02,22]

NEON
RR 63, 63
GG 63, 63
BB 63, 63

[row,col] = [02,20]

NEON
RR 61, 61
GG 58, 58
BB 59, 59

[row,col] = [02,18]

NEON
RR 62, 62
GG 61, 61
BB 61, 61

[row,col] = [02,16]

NEON
RR 63, 63
GG 63, 63
BB 63, 63

[row,col] = [02,14]

NEON
RR 63, 63
GG 63, 63
BB 63, 63

[row,col] = [02,12]

NEON
RR 60, 60
GG 56, 56
BB 57, 57

[row,col] = [02,10]

NEON
RR 58, 58
GG 49, 49
BB 52, 52

[row,col] = [02,08]

NEON
RR 55, 55
GG 40, 40
BB 45, 45

[row,col] = [02,06]

NEON
RR 53, 53
GG 35, 35
BB 41, 41

[row,col] = [02,04]

NEON
RR 55, 55
GG 42, 42
BB 47, 47

[row,col] = [02,02]

NEON
RR 56, 56
GG 45, 45
BB 49, 49
