Log(2024-08-01 11-30-53):
Runtime: 3.799760341644287
--------------------------------------------------------------------------------
I1 cache:         16384 B, 64 B, 4-way associative
D1 cache:         16384 B, 64 B, 4-way associative
LL cache:         262144 B, 64 B, 8-way associative
Command:          ./CSC_main
Data file:        cachegrind.out
Events recorded:  Ir I1mr ILmr Dr D1mr DLmr Dw D1mw DLmw
Events shown:     Ir I1mr ILmr Dr D1mr DLmr Dw D1mw DLmw
Event sort order: Ir I1mr ILmr Dr D1mr DLmr Dw D1mw DLmw
Thresholds:       0.1 100 100 100 100 100 100 100 100
Include dirs:     
User annotated:   
Auto-annotation:  off

--------------------------------------------------------------------------------
       Ir  I1mr  ILmr        Dr  D1mr  DLmr        Dw  D1mw DLmw 
--------------------------------------------------------------------------------
5,261,373 1,460 1,052 1,384,251 8,353 1,719 2,537,971 9,550  673  PROGRAM TOTALS

--------------------------------------------------------------------------------
       Ir I1mr ILmr      Dr  D1mr DLmr        Dw  D1mw DLmw  file:function
--------------------------------------------------------------------------------
2,873,520   28   26 590,592 3,069    2 2,007,141 7,109   94  ???:CSC_YCC_to_RGB_neon
  782,790   43   43 212,268 1,881    7   117,805   480    2  ???:vfprintf
  345,616   12    4 207,360     0    0   184,304   344  158  ???:fputc
  171,966    5    4  67,774    10    1    56,541    79    0  ???:_IO_file_xsputn@@GLIBC_2.4
  134,400    5    5  23,040    29    2     9,216   769    0  ???:strchrnul
  129,018    3    3  73,726   143  127    46,078     0    0  ???:getc
  124,421   14   12  14,096   143    0     9,228   147  146  ???:main
  120,576   11   11  32,256   121    0    29,952    72   72  ???:CSC_RGB_to_YCC_neon
  119,088   34   18  39,799    59   19        24     0    0  ???:???
   85,485    2    2   8,270     1    1     8,270   282    0  ???:__memcpy_neon
   69,024    3    2  20,496    54    2    18,192     0    0  ???:_itoa_word
   57,694   10   10  14,110   784  607        18     1    0  ???:_dl_addr
   36,864    3    2  18,432    14    1    12,288     0    0  ???:printf
   29,760   32   13  10,120   267  137     5,100     7    3  ???:do_lookup_x
   28,060    2    1  11,224     0    0    11,224     0    0  ???:mempcpy
   23,040    3    3   9,216     0    0     6,144     0    0  ???:read_int
   19,959   56   56   5,495   493  426     2,652     7    0  ???:_dl_relocate_object
   16,783   23   10   4,875   122   93     2,593     9    0  ???:_dl_lookup_symbol_x
   10,832   25   11       0     0    0         0     0    0  ???:__udivsi3
   10,080    6    5   4,480   416    2     2,240     0    0  ???:_IO_padn
    8,452   22   13   1,845    13    3       596     3    2  ???:strcmp
    8,338    7    7   1,604    17   17        36     1    1  ???:__GI___tunables_init
    7,013    1    0       4     1    0         4     0    0  ???:CSC_YCC_to_RGB


Cachegrind Result: 

[row,col] = [64,48]

-219

[row,col] = [64,46]

-219

[row,col] = [64,44]

-219

[row,col] = [64,42]

-219

[row,col] = [64,40]

-219

[row,col] = [64,38]

-219

[row,col] = [64,36]

-219

[row,col] = [64,34]

-219

[row,col] = [64,32]

-219

[row,col] = [64,30]

-219

[row,col] = [64,28]

-219

[row,col] = [64,26]

-219

[row,col] = [64,24]

-219

[row,col] = [64,22]

-219

[row,col] = [64,20]

-219

[row,col] = [64,18]

-219

[row,col] = [64,16]

-219

[row,col] = [64,14]

-219

[row,col] = [64,12]

-219

[row,col] = [64,10]

-219

[row,col] = [64,08]

-219

[row,col] = [64,06]

-219

[row,col] = [64,04]

-219

[row,col] = [64,02]

-219

[row,col] = [62,48]

4

[row,col] = [62,46]

4

[row,col] = [62,44]

4

[row,col] = [62,42]

4

[row,col] = [62,40]

4

[row,col] = [62,38]

4

[row,col] = [62,36]

4

[row,col] = [62,34]

4

[row,col] = [62,32]

4

[row,col] = [62,30]

4

[row,col] = [62,28]

4

[row,col] = [62,26]

4

[row,col] = [62,24]

4

[row,col] = [62,22]

4

[row,col] = [62,20]

4

[row,col] = [62,18]

4

[row,col] = [62,16]

4

[row,col] = [62,14]

4

[row,col] = [62,12]

4

[row,col] = [62,10]

4

[row,col] = [62,08]

4

[row,col] = [62,06]

4

[row,col] = [62,04]

4

[row,col] = [62,02]

4

[row,col] = [60,48]

4

[row,col] = [60,46]

4

[row,col] = [60,44]

4

[row,col] = [60,42]

4

[row,col] = [60,40]

4

[row,col] = [60,38]

4

[row,col] = [60,36]

4

[row,col] = [60,34]

4

[row,col] = [60,32]

4

[row,col] = [60,30]

4

[row,col] = [60,28]

4

[row,col] = [60,26]

4

[row,col] = [60,24]

4

[row,col] = [60,22]

4

[row,col] = [60,20]

4

[row,col] = [60,18]

4

[row,col] = [60,16]

4

[row,col] = [60,14]

4

[row,col] = [60,12]

4

[row,col] = [60,10]

4

[row,col] = [60,08]

4

[row,col] = [60,06]

4

[row,col] = [60,04]

4

[row,col] = [60,02]

4

[row,col] = [58,48]

4

[row,col] = [58,46]

4

[row,col] = [58,44]

4

[row,col] = [58,42]

4

[row,col] = [58,40]

4

[row,col] = [58,38]

4

[row,col] = [58,36]

4

[row,col] = [58,34]

4

[row,col] = [58,32]

4

[row,col] = [58,30]

4

[row,col] = [58,28]

4

[row,col] = [58,26]

4

[row,col] = [58,24]

4

[row,col] = [58,22]

4

[row,col] = [58,20]

4

[row,col] = [58,18]

4

[row,col] = [58,16]

4

[row,col] = [58,14]

4

[row,col] = [58,12]

4

[row,col] = [58,10]

4

[row,col] = [58,08]

4

[row,col] = [58,06]

4

[row,col] = [58,04]

4

[row,col] = [58,02]

4

[row,col] = [56,48]

4

[row,col] = [56,46]

4

[row,col] = [56,44]

4

[row,col] = [56,42]

4

[row,col] = [56,40]

4

[row,col] = [56,38]

4

[row,col] = [56,36]

4

[row,col] = [56,34]

4

[row,col] = [56,32]

4

[row,col] = [56,30]

4

[row,col] = [56,28]

4

[row,col] = [56,26]

4

[row,col] = [56,24]

4

[row,col] = [56,22]

4

[row,col] = [56,20]

4

[row,col] = [56,18]

4

[row,col] = [56,16]

4

[row,col] = [56,14]

4

[row,col] = [56,12]

4

[row,col] = [56,10]

4

[row,col] = [56,08]

4

[row,col] = [56,06]

4

[row,col] = [56,04]

4

[row,col] = [56,02]

4

[row,col] = [54,48]

4

[row,col] = [54,46]

4

[row,col] = [54,44]

4

[row,col] = [54,42]

4

[row,col] = [54,40]

4

[row,col] = [54,38]

4

[row,col] = [54,36]

4

[row,col] = [54,34]

4

[row,col] = [54,32]

4

[row,col] = [54,30]

257

[row,col] = [54,28]

257

[row,col] = [54,26]

257

[row,col] = [54,24]

257

[row,col] = [54,22]

257

[row,col] = [54,20]

257

[row,col] = [54,18]

257

[row,col] = [54,16]

257

[row,col] = [54,14]

257

[row,col] = [54,12]

257

[row,col] = [54,10]

257

[row,col] = [54,08]

257

[row,col] = [54,06]

257

[row,col] = [54,04]

257

[row,col] = [54,02]

257

[row,col] = [52,48]

257

[row,col] = [52,46]

257

[row,col] = [52,44]

257

[row,col] = [52,42]

257

[row,col] = [52,40]

257

[row,col] = [52,38]

257

[row,col] = [52,36]

257

[row,col] = [52,34]

257

[row,col] = [52,32]

257

[row,col] = [52,30]

257

[row,col] = [52,28]

257

[row,col] = [52,26]

257

[row,col] = [52,24]

257

[row,col] = [52,22]

257

[row,col] = [52,20]

257

[row,col] = [52,18]

257

[row,col] = [52,16]

257

[row,col] = [52,14]

257

[row,col] = [52,12]

257

[row,col] = [52,10]

257

[row,col] = [52,08]

257

[row,col] = [52,06]

257

[row,col] = [52,04]

257

[row,col] = [52,02]

257

[row,col] = [50,48]

257

[row,col] = [50,46]

257

[row,col] = [50,44]

257

[row,col] = [50,42]

257

[row,col] = [50,40]

257

[row,col] = [50,38]

257

[row,col] = [50,36]

257

[row,col] = [50,34]

257

[row,col] = [50,32]

257

[row,col] = [50,30]

257

[row,col] = [50,28]

257

[row,col] = [50,26]

257

[row,col] = [50,24]

257

[row,col] = [50,22]

257

[row,col] = [50,20]

257

[row,col] = [50,18]

257

[row,col] = [50,16]

257

[row,col] = [50,14]

257

[row,col] = [50,12]

257

[row,col] = [50,10]

257

[row,col] = [50,08]

257

[row,col] = [50,06]

257

[row,col] = [50,04]

257

[row,col] = [50,02]

257

[row,col] = [48,48]

257

[row,col] = [48,46]

257

[row,col] = [48,44]

257

[row,col] = [48,42]

257

[row,col] = [48,40]

257

[row,col] = [48,38]

257

[row,col] = [48,36]

257

[row,col] = [48,34]

257

[row,col] = [48,32]

257

[row,col] = [48,30]

257

[row,col] = [48,28]

257

[row,col] = [48,26]

257

[row,col] = [48,24]

257

[row,col] = [48,22]

257

[row,col] = [48,20]

257

[row,col] = [48,18]

257

[row,col] = [48,16]

257

[row,col] = [48,14]

257

[row,col] = [48,12]

257

[row,col] = [48,10]

257

[row,col] = [48,08]

257

[row,col] = [48,06]

257

[row,col] = [48,04]

257

[row,col] = [48,02]

257

[row,col] = [46,48]

4

[row,col] = [46,46]

4

[row,col] = [46,44]

4

[row,col] = [46,42]

4

[row,col] = [46,40]

4

[row,col] = [46,38]

4

[row,col] = [46,36]

4

[row,col] = [46,34]

4

[row,col] = [46,32]

4

[row,col] = [46,30]

4

[row,col] = [46,28]

4

[row,col] = [46,26]

4

[row,col] = [46,24]

4

[row,col] = [46,22]

4

[row,col] = [46,20]

4

[row,col] = [46,18]

4

[row,col] = [46,16]

4

[row,col] = [46,14]

4

[row,col] = [46,12]

4

[row,col] = [46,10]

4

[row,col] = [46,08]

4

[row,col] = [46,06]

4

[row,col] = [46,04]

4

[row,col] = [46,02]

4

[row,col] = [44,48]

4

[row,col] = [44,46]

4

[row,col] = [44,44]

4

[row,col] = [44,42]

4

[row,col] = [44,40]

4

[row,col] = [44,38]

4

[row,col] = [44,36]

4

[row,col] = [44,34]

4

[row,col] = [44,32]

4

[row,col] = [44,30]

4

[row,col] = [44,28]

4

[row,col] = [44,26]

4

[row,col] = [44,24]

4

[row,col] = [44,22]

4

[row,col] = [44,20]

4

[row,col] = [44,18]

4

[row,col] = [44,16]

4

[row,col] = [44,14]

4

[row,col] = [44,12]

4

[row,col] = [44,10]

4

[row,col] = [44,08]

4

[row,col] = [44,06]

4

[row,col] = [44,04]

4

[row,col] = [44,02]

4

[row,col] = [42,48]

4

[row,col] = [42,46]

4

[row,col] = [42,44]

4

[row,col] = [42,42]

4

[row,col] = [42,40]

4

[row,col] = [42,38]

4

[row,col] = [42,36]

4

[row,col] = [42,34]

4

[row,col] = [42,32]

4

[row,col] = [42,30]

4

[row,col] = [42,28]

4

[row,col] = [42,26]

4

[row,col] = [42,24]

4

[row,col] = [42,22]

4

[row,col] = [42,20]

4

[row,col] = [42,18]

4

[row,col] = [42,16]

4

[row,col] = [42,14]

4

[row,col] = [42,12]

4

[row,col] = [42,10]

4

[row,col] = [42,08]

4

[row,col] = [42,06]

4

[row,col] = [42,04]

4

[row,col] = [42,02]

4

[row,col] = [40,48]

4

[row,col] = [40,46]

4

[row,col] = [40,44]

4

[row,col] = [40,42]

4

[row,col] = [40,40]

4

[row,col] = [40,38]

4

[row,col] = [40,36]

4

[row,col] = [40,34]

4

[row,col] = [40,32]

4

[row,col] = [40,30]

4

[row,col] = [40,28]

4

[row,col] = [40,26]

4

[row,col] = [40,24]

4

[row,col] = [40,22]

4

[row,col] = [40,20]

4

[row,col] = [40,18]

4

[row,col] = [40,16]

4

[row,col] = [40,14]

4

[row,col] = [40,12]

4

[row,col] = [40,10]

4

[row,col] = [40,08]

4

[row,col] = [40,06]

4

[row,col] = [40,04]

4

[row,col] = [40,02]

4

[row,col] = [38,48]

4

[row,col] = [38,46]

4

[row,col] = [38,44]

4

[row,col] = [38,42]

4

[row,col] = [38,40]

4

[row,col] = [38,38]

4

[row,col] = [38,36]

4

[row,col] = [38,34]

4

[row,col] = [38,32]

4

[row,col] = [38,30]

4

[row,col] = [38,28]

4

[row,col] = [38,26]

4

[row,col] = [38,24]

4

[row,col] = [38,22]

4

[row,col] = [38,20]

4

[row,col] = [38,18]

4

[row,col] = [38,16]

4

[row,col] = [38,14]

4

[row,col] = [38,12]

4

[row,col] = [38,10]

4

[row,col] = [38,08]

4

[row,col] = [38,06]

4

[row,col] = [38,04]

4

[row,col] = [38,02]

4

[row,col] = [36,48]

4

[row,col] = [36,46]

4

[row,col] = [36,44]

4

[row,col] = [36,42]

4

[row,col] = [36,40]

4

[row,col] = [36,38]

4

[row,col] = [36,36]

4

[row,col] = [36,34]

4

[row,col] = [36,32]

4

[row,col] = [36,30]

4

[row,col] = [36,28]

4

[row,col] = [36,26]

4

[row,col] = [36,24]

4

[row,col] = [36,22]

4

[row,col] = [36,20]

4

[row,col] = [36,18]

4

[row,col] = [36,16]

4

[row,col] = [36,14]

4

[row,col] = [36,12]

4

[row,col] = [36,10]

4

[row,col] = [36,08]

4

[row,col] = [36,06]

4

[row,col] = [36,04]

4

[row,col] = [36,02]

4

[row,col] = [34,48]

257

[row,col] = [34,46]

257

[row,col] = [34,44]

257

[row,col] = [34,42]

257

[row,col] = [34,40]

257

[row,col] = [34,38]

257

[row,col] = [34,36]

257

[row,col] = [34,34]

257

[row,col] = [34,32]

257

[row,col] = [34,30]

257

[row,col] = [34,28]

257

[row,col] = [34,26]

257

[row,col] = [34,24]

257

[row,col] = [34,22]

257

[row,col] = [34,20]

257

[row,col] = [34,18]

257

[row,col] = [34,16]

257

[row,col] = [34,14]

257

[row,col] = [34,12]

257

[row,col] = [34,10]

257

[row,col] = [34,08]

257

[row,col] = [34,06]

257

[row,col] = [34,04]

257

[row,col] = [34,02]

257

[row,col] = [32,48]

257

[row,col] = [32,46]

257

[row,col] = [32,44]

257

[row,col] = [32,42]

257

[row,col] = [32,40]

257

[row,col] = [32,38]

257

[row,col] = [32,36]

257

[row,col] = [32,34]

257

[row,col] = [32,32]

257

[row,col] = [32,30]

257

[row,col] = [32,28]

257

[row,col] = [32,26]

257

[row,col] = [32,24]

257

[row,col] = [32,22]

257

[row,col] = [32,20]

257

[row,col] = [32,18]

257

[row,col] = [32,16]

257

[row,col] = [32,14]

257

[row,col] = [32,12]

257

[row,col] = [32,10]

257

[row,col] = [32,08]

257

[row,col] = [32,06]

257

[row,col] = [32,04]

257

[row,col] = [32,02]

257

[row,col] = [30,48]

257

[row,col] = [30,46]

257

[row,col] = [30,44]

257

[row,col] = [30,42]

257

[row,col] = [30,40]

257

[row,col] = [30,38]

257

[row,col] = [30,36]

257

[row,col] = [30,34]

257

[row,col] = [30,32]

257

[row,col] = [30,30]

257

[row,col] = [30,28]

257

[row,col] = [30,26]

257

[row,col] = [30,24]

257

[row,col] = [30,22]

257

[row,col] = [30,20]

257

[row,col] = [30,18]

257

[row,col] = [30,16]

257

[row,col] = [30,14]

257

[row,col] = [30,12]

257

[row,col] = [30,10]

257

[row,col] = [30,08]

257

[row,col] = [30,06]

257

[row,col] = [30,04]

257

[row,col] = [30,02]

257

[row,col] = [28,48]

257

[row,col] = [28,46]

257

[row,col] = [28,44]

257

[row,col] = [28,42]

257

[row,col] = [28,40]

257

[row,col] = [28,38]

257

[row,col] = [28,36]

257

[row,col] = [28,34]

257

[row,col] = [28,32]

257

[row,col] = [28,30]

257

[row,col] = [28,28]

257

[row,col] = [28,26]

257

[row,col] = [28,24]

257

[row,col] = [28,22]

257

[row,col] = [28,20]

257

[row,col] = [28,18]

257

[row,col] = [28,16]

257

[row,col] = [28,14]

257

[row,col] = [28,12]

257

[row,col] = [28,10]

257

[row,col] = [28,08]

257

[row,col] = [28,06]

257

[row,col] = [28,04]

257

[row,col] = [28,02]

257

[row,col] = [26,48]

107

[row,col] = [26,46]

257

[row,col] = [26,44]

257

[row,col] = [26,42]

257

[row,col] = [26,40]

257

[row,col] = [26,38]

257

[row,col] = [26,36]

257

[row,col] = [26,34]

257

[row,col] = [26,32]

257

[row,col] = [26,30]

2

[row,col] = [26,28]

2

[row,col] = [26,26]

2

[row,col] = [26,24]

2

[row,col] = [26,22]

2

[row,col] = [26,20]

2

[row,col] = [26,18]

2

[row,col] = [26,16]

2

[row,col] = [26,14]

2

[row,col] = [26,12]

2

[row,col] = [26,10]

2

[row,col] = [26,08]

2

[row,col] = [26,06]

2

[row,col] = [26,04]

2

[row,col] = [26,02]

2

[row,col] = [24,48]

2

[row,col] = [24,46]

2

[row,col] = [24,44]

2

[row,col] = [24,42]

2

[row,col] = [24,40]

2

[row,col] = [24,38]

2

[row,col] = [24,36]

2

[row,col] = [24,34]

2

[row,col] = [24,32]

2

[row,col] = [24,30]

2

[row,col] = [24,28]

2

[row,col] = [24,26]

2

[row,col] = [24,24]

2

[row,col] = [24,22]

2

[row,col] = [24,20]

2

[row,col] = [24,18]

2

[row,col] = [24,16]

2

[row,col] = [24,14]

2

[row,col] = [24,12]

2

[row,col] = [24,10]

2

[row,col] = [24,08]

2

[row,col] = [24,06]

2

[row,col] = [24,04]

2

[row,col] = [24,02]

2

[row,col] = [22,48]

2

[row,col] = [22,46]

2

[row,col] = [22,44]

2

[row,col] = [22,42]

2

[row,col] = [22,40]

2

[row,col] = [22,38]

2

[row,col] = [22,36]

2

[row,col] = [22,34]

2

[row,col] = [22,32]

2

[row,col] = [22,30]

2

[row,col] = [22,28]

2

[row,col] = [22,26]

2

[row,col] = [22,24]

2

[row,col] = [22,22]

2

[row,col] = [22,20]

2

[row,col] = [22,18]

2

[row,col] = [22,16]

2

[row,col] = [22,14]

2

[row,col] = [22,12]

2

[row,col] = [22,10]

2

[row,col] = [22,08]

2

[row,col] = [22,06]

2

[row,col] = [22,04]

2

[row,col] = [22,02]

2

[row,col] = [20,48]

2

[row,col] = [20,46]

2

[row,col] = [20,44]

2

[row,col] = [20,42]

2

[row,col] = [20,40]

2

[row,col] = [20,38]

2

[row,col] = [20,36]

2

[row,col] = [20,34]

2

[row,col] = [20,32]

2

[row,col] = [20,30]

2

[row,col] = [20,28]

2

[row,col] = [20,26]

2

[row,col] = [20,24]

2

[row,col] = [20,22]

2

[row,col] = [20,20]

2

[row,col] = [20,18]

2

[row,col] = [20,16]

2

[row,col] = [20,14]

2

[row,col] = [20,12]

2

[row,col] = [20,10]

2

[row,col] = [20,08]

2

[row,col] = [20,06]

2

[row,col] = [20,04]

2

[row,col] = [20,02]

2

[row,col] = [18,48]

2

[row,col] = [18,46]

2

[row,col] = [18,44]

2

[row,col] = [18,42]

2

[row,col] = [18,40]

2

[row,col] = [18,38]

2

[row,col] = [18,36]

2

[row,col] = [18,34]

2

[row,col] = [18,32]

2

[row,col] = [18,30]

2

[row,col] = [18,28]

2

[row,col] = [18,26]

2

[row,col] = [18,24]

2

[row,col] = [18,22]

2

[row,col] = [18,20]

2

[row,col] = [18,18]

2

[row,col] = [18,16]

2

[row,col] = [18,14]

2

[row,col] = [18,12]

2

[row,col] = [18,10]

2

[row,col] = [18,08]

2

[row,col] = [18,06]

2

[row,col] = [18,04]

2

[row,col] = [18,02]

2

[row,col] = [16,48]

2

[row,col] = [16,46]

2

[row,col] = [16,44]

2

[row,col] = [16,42]

2

[row,col] = [16,40]

2

[row,col] = [16,38]

2

[row,col] = [16,36]

2

[row,col] = [16,34]

2

[row,col] = [16,32]

2

[row,col] = [16,30]

2

[row,col] = [16,28]

2

[row,col] = [16,26]

2

[row,col] = [16,24]

2

[row,col] = [16,22]

2

[row,col] = [16,20]

2

[row,col] = [16,18]

2

[row,col] = [16,16]

2

[row,col] = [16,14]

2

[row,col] = [16,12]

2

[row,col] = [16,10]

2

[row,col] = [16,08]

2

[row,col] = [16,06]

2

[row,col] = [16,04]

2

[row,col] = [16,02]

2

[row,col] = [14,48]

152

[row,col] = [14,46]

2

[row,col] = [14,44]

2

[row,col] = [14,42]

2

[row,col] = [14,40]

2

[row,col] = [14,38]

2

[row,col] = [14,36]

2

[row,col] = [14,34]

2

[row,col] = [14,32]

2

[row,col] = [14,30]

257

[row,col] = [14,28]

257

[row,col] = [14,26]

257

[row,col] = [14,24]

257

[row,col] = [14,22]

257

[row,col] = [14,20]

257

[row,col] = [14,18]

257

[row,col] = [14,16]

257

[row,col] = [14,14]

257

[row,col] = [14,12]

257

[row,col] = [14,10]

257

[row,col] = [14,08]

257

[row,col] = [14,06]

257

[row,col] = [14,04]

257

[row,col] = [14,02]

257

[row,col] = [12,48]

257

[row,col] = [12,46]

257

[row,col] = [12,44]

257

[row,col] = [12,42]

257

[row,col] = [12,40]

257

[row,col] = [12,38]

257

[row,col] = [12,36]

257

[row,col] = [12,34]

257

[row,col] = [12,32]

257

[row,col] = [12,30]

257

[row,col] = [12,28]

257

[row,col] = [12,26]

257

[row,col] = [12,24]

257

[row,col] = [12,22]

257

[row,col] = [12,20]

257

[row,col] = [12,18]

257

[row,col] = [12,16]

257

[row,col] = [12,14]

257

[row,col] = [12,12]

257

[row,col] = [12,10]

257

[row,col] = [12,08]

257

[row,col] = [12,06]

257

[row,col] = [12,04]

257

[row,col] = [12,02]

257

[row,col] = [10,48]

257

[row,col] = [10,46]

257

[row,col] = [10,44]

257

[row,col] = [10,42]

257

[row,col] = [10,40]

257

[row,col] = [10,38]

257

[row,col] = [10,36]

257

[row,col] = [10,34]

257

[row,col] = [10,32]

257

[row,col] = [10,30]

257

[row,col] = [10,28]

257

[row,col] = [10,26]

257

[row,col] = [10,24]

257

[row,col] = [10,22]

257

[row,col] = [10,20]

257

[row,col] = [10,18]

257

[row,col] = [10,16]

257

[row,col] = [10,14]

257

[row,col] = [10,12]

257

[row,col] = [10,10]

257

[row,col] = [10,08]

257

[row,col] = [10,06]

257

[row,col] = [10,04]

257

[row,col] = [10,02]

257

[row,col] = [08,48]

257

[row,col] = [08,46]

257

[row,col] = [08,44]

257

[row,col] = [08,42]

257

[row,col] = [08,40]

257

[row,col] = [08,38]

257

[row,col] = [08,36]

257

[row,col] = [08,34]

257

[row,col] = [08,32]

257

[row,col] = [08,30]

257

[row,col] = [08,28]

257

[row,col] = [08,26]

257

[row,col] = [08,24]

257

[row,col] = [08,22]

257

[row,col] = [08,20]

257

[row,col] = [08,18]

257

[row,col] = [08,16]

257

[row,col] = [08,14]

257

[row,col] = [08,12]

257

[row,col] = [08,10]

257

[row,col] = [08,08]

257

[row,col] = [08,06]

257

[row,col] = [08,04]

257

[row,col] = [08,02]

257

[row,col] = [06,48]

258

[row,col] = [06,46]

258

[row,col] = [06,44]

258

[row,col] = [06,42]

258

[row,col] = [06,40]

258

[row,col] = [06,38]

258

[row,col] = [06,36]

258

[row,col] = [06,34]

258

[row,col] = [06,32]

258

[row,col] = [06,30]

258

[row,col] = [06,28]

258

[row,col] = [06,26]

258

[row,col] = [06,24]

258

[row,col] = [06,22]

258

[row,col] = [06,20]

258

[row,col] = [06,18]

258

[row,col] = [06,16]

258

[row,col] = [06,14]

258

[row,col] = [06,12]

258

[row,col] = [06,10]

258

[row,col] = [06,08]

258

[row,col] = [06,06]

258

[row,col] = [06,04]

258

[row,col] = [06,02]

258

[row,col] = [04,48]

258

[row,col] = [04,46]

258

[row,col] = [04,44]

258

[row,col] = [04,42]

258

[row,col] = [04,40]

258

[row,col] = [04,38]

258

[row,col] = [04,36]

258

[row,col] = [04,34]

258

[row,col] = [04,32]

258

[row,col] = [04,30]

258

[row,col] = [04,28]

258

[row,col] = [04,26]

258

[row,col] = [04,24]

258

[row,col] = [04,22]

258

[row,col] = [04,20]

258

[row,col] = [04,18]

258

[row,col] = [04,16]

258

[row,col] = [04,14]

258

[row,col] = [04,12]

258

[row,col] = [04,10]

258

[row,col] = [04,08]

258

[row,col] = [04,06]

258

[row,col] = [04,04]

258

[row,col] = [04,02]

258

[row,col] = [02,48]

258

[row,col] = [02,46]

258

[row,col] = [02,44]

258

[row,col] = [02,42]

258

[row,col] = [02,40]

258

[row,col] = [02,38]

258

[row,col] = [02,36]

258

[row,col] = [02,34]

258

[row,col] = [02,32]

258

[row,col] = [02,30]

258

[row,col] = [02,28]

258

[row,col] = [02,26]

258

[row,col] = [02,24]

258

[row,col] = [02,22]

258

[row,col] = [02,20]

258

[row,col] = [02,18]

258

[row,col] = [02,16]

258

[row,col] = [02,14]

258

[row,col] = [02,12]

258

[row,col] = [02,10]

258

[row,col] = [02,08]

258

[row,col] = [02,06]

258

[row,col] = [02,04]

258

[row,col] = [02,02]

258
